Information,2025-03-13 4:15:34 PM,Windows Error Reporting,1001,None,"Fault bucket , type 0
Event Name: BEX64
Response: Not available
Cab Id: 0

Problem signature:
P1: UIHost.exe
P2: 4.1.1.859
P3: 65957eb8
P4: DSREG.DLL_unloaded
P5: 10.0.22621.2506
P6: 37b00de2
P7: 0000000000051bb0
P8: c0000005
P9: 0000000000000008
P10: 

Attached files:
\\?\C:\ProgramData\Microsoft\Windows\WER\Temp\WER.b5db8110-ecd3-4d6b-b30b-a18733e247aa.tmp.WERInternalMetadata.xml

These files may be available here:
\\?\C:\ProgramData\Microsoft\Windows\WER\ReportQueue\AppCrash_UIHost.exe_fdd4c8933634103ca78abb63f0d82e7404cb8_117cc9cf_b8175086-176e-419a-87ff-11822aacea9d

Analysis symbol: 
Rechecking for solution: 0
Report Id: 8b2b2111-8682-4c3d-8b37-0948af044e18
Report Status: 102
Hashed bucket: 
Cab Guid: 0"
Information,2025-03-13 4:15:34 PM,Microsoft-Windows-RestartManager,10005,None,Machine restart is required.
Information,2025-03-13 4:15:33 PM,Windows Error Reporting,1001,None,"Fault bucket , type 0
Event Name: BEX64
Response: Not available
Cab Id: 0

Problem signature:
P1: UIHost.exe
P2: 4.1.1.859
P3: 65957eb8
P4: DSREG.DLL_unloaded
P5: 10.0.22621.2506
P6: 37b00de2
P7: 0000000000051bb0
P8: c0000005
P9: 0000000000000008
P10: 

Attached files:
\\?\C:\ProgramData\Microsoft\Windows\WER\Temp\WER.b5be8fc2-0e1c-47f9-9059-2ff4acdd6d62.tmp.WERInternalMetadata.xml

These files may be available here:
\\?\C:\ProgramData\Microsoft\Windows\WER\ReportQueue\AppCrash_UIHost.exe_fdd4c8933634103ca78abb63f0d82e7404cb8_117cc9cf_ab4fc389-b014-4c73-9a03-7bcbb29445d8

Analysis symbol: 
Rechecking for solution: 0
Report Id: 2eccac22-af92-4144-8529-e2cec60540bb
Report Status: 102
Hashed bucket: 
Cab Guid: 0"
Warning,2025-03-13 4:15:33 PM,Microsoft-Windows-RestartManager,10010,None,Application 'C:\Program Files\Microsoft Office\root\Office16\WINWORD.EXE' (pid 27308) cannot be restarted - Application SID does not match Conductor SID..
Warning,2025-03-13 4:15:33 PM,Microsoft-Windows-RestartManager,10010,None,Application 'C:\Program Files\Microsoft Office\root\Office16\POWERPNT.EXE' (pid 2928) cannot be restarted - Application SID does not match Conductor SID..
Warning,2025-03-13 4:15:33 PM,Microsoft-Windows-RestartManager,10010,None,Application 'C:\Program Files\Microsoft Office\root\vfs\ProgramFilesCommonX64\Microsoft Shared\OFFICE16\AI\ai.exe' (pid 39344) cannot be restarted - Application SID does not match Conductor SID..
Warning,2025-03-13 4:15:33 PM,Microsoft-Windows-RestartManager,10010,None,Application 'C:\Program Files\Microsoft Office\root\vfs\ProgramFilesCommonX64\Microsoft Shared\OFFICE16\AI\ai.exe' (pid 19360) cannot be restarted - Application SID does not match Conductor SID..
Error,2025-03-13 4:15:33 PM,Universal Print,1,None,"The description for Event ID 1 from source Universal Print cannot be found. Either the component that raises this event is not installed on your local computer or the installation is corrupted. You can install or repair the component on the local computer.

If the event originated on another computer, the display information had to be saved with the event.

The following information was included with the event: 

Failed to get auth header with 0x8086000c
mcpmanagementservice.dll

The locale specific resource for the desired message is not present
"
Error,2025-03-13 4:15:33 PM,Universal Print,1,None,"The description for Event ID 1 from source Universal Print cannot be found. Either the component that raises this event is not installed on your local computer or the installation is corrupted. You can install or repair the component on the local computer.

If the event originated on another computer, the display information had to be saved with the event.

The following information was included with the event: 

User Interaction Required while trying to get a token silently. ErrorCode: 0xcaa10001, Error: Need user interaction to continue.
mcpmanagementservice.dll

The locale specific resource for the desired message is not present
"
Information,2025-03-13 4:15:33 PM,Universal Print,1,None,"The description for Event ID 1 from source Universal Print cannot be found. Either the component that raises this event is not installed on your local computer or the installation is corrupted. You can install or repair the component on the local computer.

If the event originated on another computer, the display information had to be saved with the event.

The following information was included with the event: 

Device is Workplace Joined.
mcpmanagementservice.dll

The locale specific resource for the desired message is not present
"
Information,2025-03-13 4:15:32 PM,Windows Error Reporting,1001,None,"Fault bucket , type 0
Event Name: BEX64
Response: Not available
Cab Id: 0

Problem signature:
P1: UIHost.exe
P2: 4.1.1.859
P3: 65957eb8
P4: DSREG.DLL_unloaded
P5: 10.0.22621.2506
P6: 37b00de2
P7: 0000000000051bb0
P8: c0000005
P9: 0000000000000008
P10: 

Attached files:
\\?\C:\ProgramData\Microsoft\Windows\WER\Temp\WER.c89002c4-16a1-447d-b701-ed3441925a67.tmp.WERInternalMetadata.xml

These files may be available here:
\\?\C:\ProgramData\Microsoft\Windows\WER\ReportQueue\AppCrash_UIHost.exe_fdd4c8933634103ca78abb63f0d82e7404cb8_117cc9cf_2526fe85-1746-4f83-a796-b57640a087f0

Analysis symbol: 
Rechecking for solution: 0
Report Id: aba5a61f-6bb7-402e-9b12-131b6d3c70f9
Report Status: 102
Hashed bucket: 
Cab Guid: 0"
Information,2025-03-13 4:15:32 PM,Microsoft-Windows-RestartManager,10000,None,Starting session 0 - ‎2025‎-‎03‎-‎13T20:15:32.825903100Z.
Information,2025-03-13 4:15:32 PM,Windows Error Reporting,1001,None,"Fault bucket , type 0
Event Name: BEX64
Response: Not available
Cab Id: 0

Problem signature:
P1: UIHost.exe
P2: 4.1.1.859
P3: 65957eb8
P4: DSREG.DLL_unloaded
P5: 10.0.22621.2506
P6: 37b00de2
P7: 0000000000051bb0
P8: c0000005
P9: 0000000000000008
P10: 

Attached files:
\\?\C:\ProgramData\Microsoft\Windows\WER\Temp\WER.2a94cc4a-15e1-4896-8f72-d321c7568b56.tmp.WERInternalMetadata.xml

These files may be available here:
\\?\C:\ProgramData\Microsoft\Windows\WER\ReportQueue\AppCrash_UIHost.exe_fdd4c8933634103ca78abb63f0d82e7404cb8_117cc9cf_85d1e4e6-8fc0-4841-9c09-65c004409e4d

Analysis symbol: 
Rechecking for solution: 0
Report Id: a2f31e28-7eb1-4026-b8d3-6edc4bd2a11b
Report Status: 102
Hashed bucket: 
Cab Guid: 0"
Information,2025-03-13 4:15:31 PM,Windows Error Reporting,1001,None,"Fault bucket , type 0
Event Name: BEX64
Response: Not available
Cab Id: 0

Problem signature:
P1: UIHost.exe
P2: 4.1.1.859
P3: 65957eb8
P4: DSREG.DLL_unloaded
P5: 10.0.22621.2506
P6: 37b00de2
P7: 0000000000051bb0
P8: c0000005
P9: 0000000000000008
P10: 

Attached files:
\\?\C:\ProgramData\Microsoft\Windows\WER\Temp\WER.c0d1410c-98cb-40e8-b7f7-6817f7ac9f03.tmp.WERInternalMetadata.xml

These files may be available here:
\\?\C:\ProgramData\Microsoft\Windows\WER\ReportQueue\AppCrash_UIHost.exe_fdd4c8933634103ca78abb63f0d82e7404cb8_117cc9cf_130bab4c-f99c-47a0-9eb0-5d06a174d26f

Analysis symbol: 
Rechecking for solution: 0
Report Id: 7fd8910d-07a1-4f83-933f-1ac50b240ed3
Report Status: 102
Hashed bucket: 
Cab Guid: 0"
Information,2025-03-13 4:15:28 PM,Microsoft-Windows-RestartManager,10000,None,Starting session 1 - ‎2025‎-‎03‎-‎13T20:15:28.984656800Z.
Information,2025-03-13 4:15:28 PM,Windows Error Reporting,1001,None,"Fault bucket , type 0
Event Name: BEX64
Response: Not available
Cab Id: 0

Problem signature:
P1: UIHost.exe
P2: 4.1.1.859
P3: 65957eb8
P4: DSREG.DLL_unloaded
P5: 10.0.22621.2506
P6: 37b00de2
P7: 0000000000051bb0
P8: c0000005
P9: 0000000000000008
P10: 

Attached files:
\\?\C:\ProgramData\Microsoft\Windows\WER\Temp\WER.98e487c9-6b53-4aa2-8b69-2a86973e2345.tmp.WERInternalMetadata.xml

These files may be available here:
\\?\C:\ProgramData\Microsoft\Windows\WER\ReportQueue\AppCrash_UIHost.exe_fdd4c8933634103ca78abb63f0d82e7404cb8_117cc9cf_04233e6a-3283-427d-a772-6293fb92be8d

Analysis symbol: 
Rechecking for solution: 0
Report Id: a8019e8e-9514-4353-95d8-d29ecc378e84
Report Status: 102
Hashed bucket: 
Cab Guid: 0"
Error,2025-03-13 4:15:27 PM,Universal Print,1,None,"The description for Event ID 1 from source Universal Print cannot be found. Either the component that raises this event is not installed on your local computer or the installation is corrupted. You can install or repair the component on the local computer.

If the event originated on another computer, the display information had to be saved with the event.

The following information was included with the event: 

Failed to get auth header with 0x8086000c
mcpmanagementservice.dll

The locale specific resource for the desired message is not present
"
Error,2025-03-13 4:15:27 PM,Universal Print,1,None,"The description for Event ID 1 from source Universal Print cannot be found. Either the component that raises this event is not installed on your local computer or the installation is corrupted. You can install or repair the component on the local computer.

If the event originated on another computer, the display information had to be saved with the event.

The following information was included with the event: 

User Interaction Required while trying to get a token silently. ErrorCode: 0xcaa10001, Error: Need user interaction to continue.
mcpmanagementservice.dll

The locale specific resource for the desired message is not present
"
Error,2025-03-13 4:15:24 PM,IPF,17,None,ESIF(1.0.11903.2253) TYPE: ERROR MODULE: IPF TIME 455047240 ms

DPTF Build Version:  9.0.11703.48565
DPTF Build Date:  Jul 29 2024 14:19:56
Source File:  C:\jenkins\workspace\dptf\Src\DPTF\Sources\Manager\WorkItem.cpp @ line 204
Executing Function:  WorkItem::writeWorkItemErrorMessagePolicy
Message:  Unhandled exception caught during execution of work item
Framework Event:  DptfAppBroadcastUnprivileged [116]
Policy:  Energy Performance Optimizer Policy [2]
Exception Function:  Policy::executeApplicationOptimizerBroadcastReceived
Exception Text:  
The feature is not implemented.

Error,2025-03-13 4:15:24 PM,IPF,17,None,ESIF(1.0.11903.2253) TYPE: ERROR MODULE: IPF TIME 455047238 ms

DPTF Build Version:  9.0.11703.48565
DPTF Build Date:  Jul 29 2024 14:19:56
Source File:  C:\jenkins\workspace\dptf\Src\DPTF\Sources\Manager\WorkItem.cpp @ line 204
Executing Function:  WorkItem::writeWorkItemErrorMessagePolicy
Message:  Unhandled exception caught during execution of work item
Framework Event:  DptfAppBroadcastUnprivileged [116]
Policy:  Energy Performance Optimizer Policy [2]
Exception Function:  Policy::executeApplicationOptimizerBroadcastReceived
Exception Text:  
The feature is not implemented.

Error,2025-03-13 4:15:24 PM,IPF,17,None,ESIF(1.0.11903.2253) TYPE: ERROR MODULE: IPF TIME 455047238 ms

DPTF Build Version:  9.0.11703.48565
DPTF Build Date:  Jul 29 2024 14:19:56
Source File:  C:\jenkins\workspace\dptf\Src\DPTF\Sources\Manager\WorkItem.cpp @ line 204
Executing Function:  WorkItem::writeWorkItemErrorMessagePolicy
Message:  Unhandled exception caught during execution of work item
Framework Event:  DptfAppBroadcastUnprivileged [116]
Policy:  Energy Performance Optimizer Policy [2]
Exception Function:  Policy::executeApplicationOptimizerBroadcastReceived
Exception Text:  
The feature is not implemented.

Error,2025-03-13 4:15:24 PM,IPF,17,None,ESIF(1.0.11903.2253) TYPE: ERROR MODULE: IPF TIME 455047210 ms

DPTF Build Version:  9.0.11703.48565
DPTF Build Date:  Jul 29 2024 14:19:56
Source File:  C:\jenkins\workspace\dptf\Src\DPTF\Sources\Manager\WorkItem.cpp @ line 204
Executing Function:  WorkItem::writeWorkItemErrorMessagePolicy
Message:  Unhandled exception caught during execution of work item
Framework Event:  DptfAppBroadcastUnprivileged [116]
Policy:  Energy Performance Optimizer Policy [2]
Exception Function:  Policy::executeApplicationOptimizerBroadcastReceived
Exception Text:  
The feature is not implemented.

Error,2025-03-13 4:15:24 PM,IPF,17,None,ESIF(1.0.11903.2253) TYPE: ERROR MODULE: IPF TIME 455047206 ms

DPTF Build Version:  9.0.11703.48565
DPTF Build Date:  Jul 29 2024 14:19:56
Source File:  C:\jenkins\workspace\dptf\Src\DPTF\Sources\Manager\WorkItem.cpp @ line 204
Executing Function:  WorkItem::writeWorkItemErrorMessagePolicy
Message:  Unhandled exception caught during execution of work item
Framework Event:  DptfAppBroadcastUnprivileged [116]
Policy:  Energy Performance Optimizer Policy [2]
Exception Function:  Policy::executeApplicationOptimizerBroadcastReceived
Exception Text:  
The feature is not implemented.

Error,2025-03-13 4:15:24 PM,IPF,17,None,ESIF(1.0.11903.2253) TYPE: ERROR MODULE: IPF TIME 455047150 ms

DPTF Build Version:  9.0.11703.48565
DPTF Build Date:  Jul 29 2024 14:19:56
Source File:  C:\jenkins\workspace\dptf\Src\DPTF\Sources\Manager\WorkItem.cpp @ line 204
Executing Function:  WorkItem::writeWorkItemErrorMessagePolicy
Message:  Unhandled exception caught during execution of work item
Framework Event:  DptfAppBroadcastUnprivileged [116]
Policy:  Energy Performance Optimizer Policy [2]
Exception Function:  Policy::executeApplicationOptimizerBroadcastReceived
Exception Text:  
The feature is not implemented.

Error,2025-03-13 4:15:24 PM,IPF,17,None,ESIF(1.0.11903.2253) TYPE: ERROR MODULE: IPF TIME 455047149 ms

DPTF Build Version:  9.0.11703.48565
DPTF Build Date:  Jul 29 2024 14:19:56
Source File:  C:\jenkins\workspace\dptf\Src\DPTF\Sources\Manager\WorkItem.cpp @ line 204
Executing Function:  WorkItem::writeWorkItemErrorMessagePolicy
Message:  Unhandled exception caught during execution of work item
Framework Event:  DptfAppBroadcastUnprivileged [116]
Policy:  Energy Performance Optimizer Policy [2]
Exception Function:  Policy::executeApplicationOptimizerBroadcastReceived
Exception Text:  
The feature is not implemented.

Error,2025-03-13 4:15:24 PM,IPF,17,None,ESIF(1.0.11903.2253) TYPE: ERROR MODULE: IPF TIME 455047149 ms

DPTF Build Version:  9.0.11703.48565
DPTF Build Date:  Jul 29 2024 14:19:56
Source File:  C:\jenkins\workspace\dptf\Src\DPTF\Sources\Manager\WorkItem.cpp @ line 204
Executing Function:  WorkItem::writeWorkItemErrorMessagePolicy
Message:  Unhandled exception caught during execution of work item
Framework Event:  DptfAppBroadcastUnprivileged [116]
Policy:  Energy Performance Optimizer Policy [2]
Exception Function:  Policy::executeApplicationOptimizerBroadcastReceived
Exception Text:  
The feature is not implemented.

Error,2025-03-13 4:15:24 PM,IPF,17,None,ESIF(1.0.11903.2253) TYPE: ERROR MODULE: IPF TIME 455047144 ms

DPTF Build Version:  9.0.11703.48565
DPTF Build Date:  Jul 29 2024 14:19:56
Source File:  C:\jenkins\workspace\dptf\Src\DPTF\Sources\Manager\WorkItem.cpp @ line 204
Executing Function:  WorkItem::writeWorkItemErrorMessagePolicy
Message:  Unhandled exception caught during execution of work item
Framework Event:  DptfAppBroadcastUnprivileged [116]
Policy:  Energy Performance Optimizer Policy [2]
Exception Function:  Policy::executeApplicationOptimizerBroadcastReceived
Exception Text:  
The feature is not implemented.

Error,2025-03-13 4:15:24 PM,IPF,17,None,ESIF(1.0.11903.2253) TYPE: ERROR MODULE: IPF TIME 455047112 ms

DPTF Build Version:  9.0.11703.48565
DPTF Build Date:  Jul 29 2024 14:19:56
Source File:  C:\jenkins\workspace\dptf\Src\DPTF\Sources\Manager\WorkItem.cpp @ line 204
Executing Function:  WorkItem::writeWorkItemErrorMessagePolicy
Message:  Unhandled exception caught during execution of work item
Framework Event:  DptfAppBroadcastUnprivileged [116]
Policy:  Energy Performance Optimizer Policy [2]
Exception Function:  Policy::executeApplicationOptimizerBroadcastReceived
Exception Text:  
The feature is not implemented.

Error,2025-03-13 4:15:24 PM,IPF,17,None,ESIF(1.0.11903.2253) TYPE: ERROR MODULE: IPF TIME 455047111 ms

DPTF Build Version:  9.0.11703.48565
DPTF Build Date:  Jul 29 2024 14:19:56
Source File:  C:\jenkins\workspace\dptf\Src\DPTF\Sources\Manager\WorkItem.cpp @ line 204
Executing Function:  WorkItem::writeWorkItemErrorMessagePolicy
Message:  Unhandled exception caught during execution of work item
Framework Event:  DptfAppBroadcastUnprivileged [116]
Policy:  Energy Performance Optimizer Policy [2]
Exception Function:  Policy::executeApplicationOptimizerBroadcastReceived
Exception Text:  
The feature is not implemented.

Error,2025-03-13 4:15:24 PM,IPF,17,None,ESIF(1.0.11903.2253) TYPE: ERROR MODULE: IPF TIME 455047108 ms

DPTF Build Version:  9.0.11703.48565
DPTF Build Date:  Jul 29 2024 14:19:56
Source File:  C:\jenkins\workspace\dptf\Src\DPTF\Sources\Manager\WorkItem.cpp @ line 204
Executing Function:  WorkItem::writeWorkItemErrorMessagePolicy
Message:  Unhandled exception caught during execution of work item
Framework Event:  DptfAppBroadcastUnprivileged [116]
Policy:  Energy Performance Optimizer Policy [2]
Exception Function:  Policy::executeApplicationOptimizerBroadcastReceived
Exception Text:  
The feature is not implemented.

Error,2025-03-13 4:15:24 PM,IPF,17,None,ESIF(1.0.11903.2253) TYPE: ERROR MODULE: IPF TIME 455047107 ms

DPTF Build Version:  9.0.11703.48565
DPTF Build Date:  Jul 29 2024 14:19:56
Source File:  C:\jenkins\workspace\dptf\Src\DPTF\Sources\Manager\WorkItem.cpp @ line 204
Executing Function:  WorkItem::writeWorkItemErrorMessagePolicy
Message:  Unhandled exception caught during execution of work item
Framework Event:  DptfAppBroadcastUnprivileged [116]
Policy:  Energy Performance Optimizer Policy [2]
Exception Function:  Policy::executeApplicationOptimizerBroadcastReceived
Exception Text:  
The feature is not implemented.

Error,2025-03-13 4:15:24 PM,IPF,17,None,ESIF(1.0.11903.2253) TYPE: ERROR MODULE: IPF TIME 455047085 ms

DPTF Build Version:  9.0.11703.48565
DPTF Build Date:  Jul 29 2024 14:19:56
Source File:  C:\jenkins\workspace\dptf\Src\DPTF\Sources\Manager\WorkItem.cpp @ line 204
Executing Function:  WorkItem::writeWorkItemErrorMessagePolicy
Message:  Unhandled exception caught during execution of work item
Framework Event:  DptfAppBroadcastUnprivileged [116]
Policy:  Energy Performance Optimizer Policy [2]
Exception Function:  Policy::executeApplicationOptimizerBroadcastReceived
Exception Text:  
The feature is not implemented.

Error,2025-03-13 4:15:24 PM,IPF,17,None,ESIF(1.0.11903.2253) TYPE: ERROR MODULE: IPF TIME 455047084 ms

DPTF Build Version:  9.0.11703.48565
DPTF Build Date:  Jul 29 2024 14:19:56
Source File:  C:\jenkins\workspace\dptf\Src\DPTF\Sources\Manager\WorkItem.cpp @ line 204
Executing Function:  WorkItem::writeWorkItemErrorMessagePolicy
Message:  Unhandled exception caught during execution of work item
Framework Event:  DptfAppBroadcastUnprivileged [116]
Policy:  Energy Performance Optimizer Policy [2]
Exception Function:  Policy::executeApplicationOptimizerBroadcastReceived
Exception Text:  
The feature is not implemented.

Error,2025-03-13 4:15:24 PM,IPF,17,None,ESIF(1.0.11903.2253) TYPE: ERROR MODULE: IPF TIME 455047082 ms

DPTF Build Version:  9.0.11703.48565
DPTF Build Date:  Jul 29 2024 14:19:56
Source File:  C:\jenkins\workspace\dptf\Src\DPTF\Sources\Manager\WorkItem.cpp @ line 204
Executing Function:  WorkItem::writeWorkItemErrorMessagePolicy
Message:  Unhandled exception caught during execution of work item
Framework Event:  DptfAppBroadcastUnprivileged [116]
Policy:  Energy Performance Optimizer Policy [2]
Exception Function:  Policy::executeApplicationOptimizerBroadcastReceived
Exception Text:  
The feature is not implemented.

Error,2025-03-13 4:15:24 PM,IPF,17,None,ESIF(1.0.11903.2253) TYPE: ERROR MODULE: IPF TIME 455047081 ms

DPTF Build Version:  9.0.11703.48565
DPTF Build Date:  Jul 29 2024 14:19:56
Source File:  C:\jenkins\workspace\dptf\Src\DPTF\Sources\Manager\WorkItem.cpp @ line 204
Executing Function:  WorkItem::writeWorkItemErrorMessagePolicy
Message:  Unhandled exception caught during execution of work item
Framework Event:  DptfAppBroadcastUnprivileged [116]
Policy:  Energy Performance Optimizer Policy [2]
Exception Function:  Policy::executeApplicationOptimizerBroadcastReceived
Exception Text:  
The feature is not implemented.

Error,2025-03-13 4:15:24 PM,IPF,17,None,ESIF(1.0.11903.2253) TYPE: ERROR MODULE: IPF TIME 455047034 ms

DPTF Build Version:  9.0.11703.48565
DPTF Build Date:  Jul 29 2024 14:19:56
Source File:  C:\jenkins\workspace\dptf\Src\DPTF\Sources\Manager\WorkItem.cpp @ line 204
Executing Function:  WorkItem::writeWorkItemErrorMessagePolicy
Message:  Unhandled exception caught during execution of work item
Framework Event:  DptfAppBroadcastUnprivileged [116]
Policy:  Energy Performance Optimizer Policy [2]
Exception Function:  Policy::executeApplicationOptimizerBroadcastReceived
Exception Text:  
The feature is not implemented.

Error,2025-03-13 4:15:24 PM,IPF,17,None,ESIF(1.0.11903.2253) TYPE: ERROR MODULE: IPF TIME 455047020 ms

DPTF Build Version:  9.0.11703.48565
DPTF Build Date:  Jul 29 2024 14:19:56
Source File:  C:\jenkins\workspace\dptf\Src\DPTF\Sources\Manager\WorkItem.cpp @ line 204
Executing Function:  WorkItem::writeWorkItemErrorMessagePolicy
Message:  Unhandled exception caught during execution of work item
Framework Event:  DptfAppBroadcastUnprivileged [116]
Policy:  Energy Performance Optimizer Policy [2]
Exception Function:  Policy::executeApplicationOptimizerBroadcastReceived
Exception Text:  
The feature is not implemented.

Error,2025-03-13 4:15:24 PM,IPF,17,None,ESIF(1.0.11903.2253) TYPE: ERROR MODULE: IPF TIME 455047019 ms

DPTF Build Version:  9.0.11703.48565
DPTF Build Date:  Jul 29 2024 14:19:56
Source File:  C:\jenkins\workspace\dptf\Src\DPTF\Sources\Manager\WorkItem.cpp @ line 204
Executing Function:  WorkItem::writeWorkItemErrorMessagePolicy
Message:  Unhandled exception caught during execution of work item
Framework Event:  DptfAppBroadcastUnprivileged [116]
Policy:  Energy Performance Optimizer Policy [2]
Exception Function:  Policy::executeApplicationOptimizerBroadcastReceived
Exception Text:  
The feature is not implemented.

Error,2025-03-13 4:15:24 PM,IPF,17,None,ESIF(1.0.11903.2253) TYPE: ERROR MODULE: IPF TIME 455047018 ms

DPTF Build Version:  9.0.11703.48565
DPTF Build Date:  Jul 29 2024 14:19:56
Source File:  C:\jenkins\workspace\dptf\Src\DPTF\Sources\Manager\WorkItem.cpp @ line 204
Executing Function:  WorkItem::writeWorkItemErrorMessagePolicy
Message:  Unhandled exception caught during execution of work item
Framework Event:  DptfAppBroadcastUnprivileged [116]
Policy:  Energy Performance Optimizer Policy [2]
Exception Function:  Policy::executeApplicationOptimizerBroadcastReceived
Exception Text:  
The feature is not implemented.

Error,2025-03-13 4:15:23 PM,IPF,17,None,ESIF(1.0.11903.2253) TYPE: ERROR MODULE: IPF TIME 455046225 ms

DPTF Build Version:  9.0.11703.48565
DPTF Build Date:  Jul 29 2024 14:19:56
Source File:  C:\jenkins\workspace\dptf\Src\DPTF\Sources\Manager\WorkItem.cpp @ line 204
Executing Function:  WorkItem::writeWorkItemErrorMessagePolicy
Message:  Unhandled exception caught during execution of work item
Framework Event:  DptfAppBroadcastUnprivileged [116]
Policy:  Energy Performance Optimizer Policy [2]
Exception Function:  Policy::executeApplicationOptimizerBroadcastReceived
Exception Text:  
The feature is not implemented.

Error,2025-03-13 4:15:23 PM,IPF,17,None,ESIF(1.0.11903.2253) TYPE: ERROR MODULE: IPF TIME 455046224 ms

DPTF Build Version:  9.0.11703.48565
DPTF Build Date:  Jul 29 2024 14:19:56
Source File:  C:\jenkins\workspace\dptf\Src\DPTF\Sources\Manager\WorkItem.cpp @ line 204
Executing Function:  WorkItem::writeWorkItemErrorMessagePolicy
Message:  Unhandled exception caught during execution of work item
Framework Event:  DptfAppBroadcastUnprivileged [116]
Policy:  Energy Performance Optimizer Policy [2]
Exception Function:  Policy::executeApplicationOptimizerBroadcastReceived
Exception Text:  
The feature is not implemented.

Error,2025-03-13 4:15:23 PM,IPF,17,None,ESIF(1.0.11903.2253) TYPE: ERROR MODULE: IPF TIME 455046223 ms

DPTF Build Version:  9.0.11703.48565
DPTF Build Date:  Jul 29 2024 14:19:56
Source File:  C:\jenkins\workspace\dptf\Src\DPTF\Sources\Manager\WorkItem.cpp @ line 204
Executing Function:  WorkItem::writeWorkItemErrorMessagePolicy
Message:  Unhandled exception caught during execution of work item
Framework Event:  DptfAppBroadcastUnprivileged [116]
Policy:  Energy Performance Optimizer Policy [2]
Exception Function:  Policy::executeApplicationOptimizerBroadcastReceived
Exception Text:  
The feature is not implemented.

Error,2025-03-13 4:15:23 PM,IPF,17,None,ESIF(1.0.11903.2253) TYPE: ERROR MODULE: IPF TIME 455046188 ms

DPTF Build Version:  9.0.11703.48565
DPTF Build Date:  Jul 29 2024 14:19:56
Source File:  C:\jenkins\workspace\dptf\Src\DPTF\Sources\Manager\WorkItem.cpp @ line 204
Executing Function:  WorkItem::writeWorkItemErrorMessagePolicy
Message:  Unhandled exception caught during execution of work item
Framework Event:  DptfAppBroadcastUnprivileged [116]
Policy:  Energy Performance Optimizer Policy [2]
Exception Function:  Policy::executeApplicationOptimizerBroadcastReceived
Exception Text:  
The feature is not implemented.

Error,2025-03-13 4:15:23 PM,IPF,17,None,ESIF(1.0.11903.2253) TYPE: ERROR MODULE: IPF TIME 455046187 ms

DPTF Build Version:  9.0.11703.48565
DPTF Build Date:  Jul 29 2024 14:19:56
Source File:  C:\jenkins\workspace\dptf\Src\DPTF\Sources\Manager\WorkItem.cpp @ line 204
Executing Function:  WorkItem::writeWorkItemErrorMessagePolicy
Message:  Unhandled exception caught during execution of work item
Framework Event:  DptfAppBroadcastUnprivileged [116]
Policy:  Energy Performance Optimizer Policy [2]
Exception Function:  Policy::executeApplicationOptimizerBroadcastReceived
Exception Text:  
The feature is not implemented.

Error,2025-03-13 4:15:23 PM,IPF,17,None,ESIF(1.0.11903.2253) TYPE: ERROR MODULE: IPF TIME 455046123 ms

DPTF Build Version:  9.0.11703.48565
DPTF Build Date:  Jul 29 2024 14:19:56
Source File:  C:\jenkins\workspace\dptf\Src\DPTF\Sources\Manager\WorkItem.cpp @ line 204
Executing Function:  WorkItem::writeWorkItemErrorMessagePolicy
Message:  Unhandled exception caught during execution of work item
Framework Event:  DptfAppBroadcastUnprivileged [116]
Policy:  Energy Performance Optimizer Policy [2]
Exception Function:  Policy::executeApplicationOptimizerBroadcastReceived
Exception Text:  
The feature is not implemented.

Error,2025-03-13 4:15:23 PM,IPF,17,None,ESIF(1.0.11903.2253) TYPE: ERROR MODULE: IPF TIME 455046122 ms

DPTF Build Version:  9.0.11703.48565
DPTF Build Date:  Jul 29 2024 14:19:56
Source File:  C:\jenkins\workspace\dptf\Src\DPTF\Sources\Manager\WorkItem.cpp @ line 204
Executing Function:  WorkItem::writeWorkItemErrorMessagePolicy
Message:  Unhandled exception caught during execution of work item
Framework Event:  DptfAppBroadcastUnprivileged [116]
Policy:  Energy Performance Optimizer Policy [2]
Exception Function:  Policy::executeApplicationOptimizerBroadcastReceived
Exception Text:  
The feature is not implemented.

Error,2025-03-13 4:15:23 PM,IPF,17,None,ESIF(1.0.11903.2253) TYPE: ERROR MODULE: IPF TIME 455046122 ms

DPTF Build Version:  9.0.11703.48565
DPTF Build Date:  Jul 29 2024 14:19:56
Source File:  C:\jenkins\workspace\dptf\Src\DPTF\Sources\Manager\WorkItem.cpp @ line 204
Executing Function:  WorkItem::writeWorkItemErrorMessagePolicy
Message:  Unhandled exception caught during execution of work item
Framework Event:  DptfAppBroadcastUnprivileged [116]
Policy:  Energy Performance Optimizer Policy [2]
Exception Function:  Policy::executeApplicationOptimizerBroadcastReceived
Exception Text:  
The feature is not implemented.

Error,2025-03-13 4:15:23 PM,IPF,17,None,ESIF(1.0.11903.2253) TYPE: ERROR MODULE: IPF TIME 455046109 ms

DPTF Build Version:  9.0.11703.48565
DPTF Build Date:  Jul 29 2024 14:19:56
Source File:  C:\jenkins\workspace\dptf\Src\DPTF\Sources\Manager\WorkItem.cpp @ line 204
Executing Function:  WorkItem::writeWorkItemErrorMessagePolicy
Message:  Unhandled exception caught during execution of work item
Framework Event:  DptfAppBroadcastUnprivileged [116]
Policy:  Energy Performance Optimizer Policy [2]
Exception Function:  Policy::executeApplicationOptimizerBroadcastReceived
Exception Text:  
The feature is not implemented.

Error,2025-03-13 4:15:23 PM,IPF,17,None,ESIF(1.0.11903.2253) TYPE: ERROR MODULE: IPF TIME 455046108 ms

DPTF Build Version:  9.0.11703.48565
DPTF Build Date:  Jul 29 2024 14:19:56
Source File:  C:\jenkins\workspace\dptf\Src\DPTF\Sources\Manager\WorkItem.cpp @ line 204
Executing Function:  WorkItem::writeWorkItemErrorMessagePolicy
Message:  Unhandled exception caught during execution of work item
Framework Event:  DptfAppBroadcastUnprivileged [116]
Policy:  Energy Performance Optimizer Policy [2]
Exception Function:  Policy::executeApplicationOptimizerBroadcastReceived
Exception Text:  
The feature is not implemented.

Error,2025-03-13 4:15:23 PM,IPF,17,None,ESIF(1.0.11903.2253) TYPE: ERROR MODULE: IPF TIME 455046106 ms

DPTF Build Version:  9.0.11703.48565
DPTF Build Date:  Jul 29 2024 14:19:56
Source File:  C:\jenkins\workspace\dptf\Src\DPTF\Sources\Manager\WorkItem.cpp @ line 204
Executing Function:  WorkItem::writeWorkItemErrorMessagePolicy
Message:  Unhandled exception caught during execution of work item
Framework Event:  DptfAppBroadcastUnprivileged [116]
Policy:  Energy Performance Optimizer Policy [2]
Exception Function:  Policy::executeApplicationOptimizerBroadcastReceived
Exception Text:  
The feature is not implemented.

Error,2025-03-13 4:15:23 PM,IPF,17,None,ESIF(1.0.11903.2253) TYPE: ERROR MODULE: IPF TIME 455046094 ms

DPTF Build Version:  9.0.11703.48565
DPTF Build Date:  Jul 29 2024 14:19:56
Source File:  C:\jenkins\workspace\dptf\Src\DPTF\Sources\Manager\WorkItem.cpp @ line 204
Executing Function:  WorkItem::writeWorkItemErrorMessagePolicy
Message:  Unhandled exception caught during execution of work item
Framework Event:  DptfAppBroadcastUnprivileged [116]
Policy:  Energy Performance Optimizer Policy [2]
Exception Function:  Policy::executeApplicationOptimizerBroadcastReceived
Exception Text:  
The feature is not implemented.

Error,2025-03-13 4:15:23 PM,IPF,17,None,ESIF(1.0.11903.2253) TYPE: ERROR MODULE: IPF TIME 455046093 ms

DPTF Build Version:  9.0.11703.48565
DPTF Build Date:  Jul 29 2024 14:19:56
Source File:  C:\jenkins\workspace\dptf\Src\DPTF\Sources\Manager\WorkItem.cpp @ line 204
Executing Function:  WorkItem::writeWorkItemErrorMessagePolicy
Message:  Unhandled exception caught during execution of work item
Framework Event:  DptfAppBroadcastUnprivileged [116]
Policy:  Energy Performance Optimizer Policy [2]
Exception Function:  Policy::executeApplicationOptimizerBroadcastReceived
Exception Text:  
The feature is not implemented.

Error,2025-03-13 4:15:23 PM,IPF,17,None,ESIF(1.0.11903.2253) TYPE: ERROR MODULE: IPF TIME 455046079 ms

DPTF Build Version:  9.0.11703.48565
DPTF Build Date:  Jul 29 2024 14:19:56
Source File:  C:\jenkins\workspace\dptf\Src\DPTF\Sources\Manager\WorkItem.cpp @ line 204
Executing Function:  WorkItem::writeWorkItemErrorMessagePolicy
Message:  Unhandled exception caught during execution of work item
Framework Event:  DptfAppBroadcastUnprivileged [116]
Policy:  Energy Performance Optimizer Policy [2]
Exception Function:  Policy::executeApplicationOptimizerBroadcastReceived
Exception Text:  
The feature is not implemented.

Error,2025-03-13 4:15:23 PM,IPF,17,None,ESIF(1.0.11903.2253) TYPE: ERROR MODULE: IPF TIME 455046079 ms

DPTF Build Version:  9.0.11703.48565
DPTF Build Date:  Jul 29 2024 14:19:56
Source File:  C:\jenkins\workspace\dptf\Src\DPTF\Sources\Manager\WorkItem.cpp @ line 204
Executing Function:  WorkItem::writeWorkItemErrorMessagePolicy
Message:  Unhandled exception caught during execution of work item
Framework Event:  DptfAppBroadcastUnprivileged [116]
Policy:  Energy Performance Optimizer Policy [2]
Exception Function:  Policy::executeApplicationOptimizerBroadcastReceived
Exception Text:  
The feature is not implemented.

Error,2025-03-13 4:15:23 PM,IPF,17,None,ESIF(1.0.11903.2253) TYPE: ERROR MODULE: IPF TIME 455046078 ms

DPTF Build Version:  9.0.11703.48565
DPTF Build Date:  Jul 29 2024 14:19:56
Source File:  C:\jenkins\workspace\dptf\Src\DPTF\Sources\Manager\WorkItem.cpp @ line 204
Executing Function:  WorkItem::writeWorkItemErrorMessagePolicy
Message:  Unhandled exception caught during execution of work item
Framework Event:  DptfAppBroadcastUnprivileged [116]
Policy:  Energy Performance Optimizer Policy [2]
Exception Function:  Policy::executeApplicationOptimizerBroadcastReceived
Exception Text:  
The feature is not implemented.

Error,2025-03-13 4:15:23 PM,IPF,17,None,ESIF(1.0.11903.2253) TYPE: ERROR MODULE: IPF TIME 455046077 ms

DPTF Build Version:  9.0.11703.48565
DPTF Build Date:  Jul 29 2024 14:19:56
Source File:  C:\jenkins\workspace\dptf\Src\DPTF\Sources\Manager\WorkItem.cpp @ line 204
Executing Function:  WorkItem::writeWorkItemErrorMessagePolicy
Message:  Unhandled exception caught during execution of work item
Framework Event:  DptfAppBroadcastUnprivileged [116]
Policy:  Energy Performance Optimizer Policy [2]
Exception Function:  Policy::executeApplicationOptimizerBroadcastReceived
Exception Text:  
The feature is not implemented.

Error,2025-03-13 4:15:23 PM,IPF,17,None,ESIF(1.0.11903.2253) TYPE: ERROR MODULE: IPF TIME 455046029 ms

DPTF Build Version:  9.0.11703.48565
DPTF Build Date:  Jul 29 2024 14:19:56
Source File:  C:\jenkins\workspace\dptf\Src\DPTF\Sources\Manager\WorkItem.cpp @ line 204
Executing Function:  WorkItem::writeWorkItemErrorMessagePolicy
Message:  Unhandled exception caught during execution of work item
Framework Event:  DptfAppBroadcastUnprivileged [116]
Policy:  Energy Performance Optimizer Policy [2]
Exception Function:  Policy::executeApplicationOptimizerBroadcastReceived
Exception Text:  
The feature is not implemented.

Error,2025-03-13 4:15:23 PM,IPF,17,None,ESIF(1.0.11903.2253) TYPE: ERROR MODULE: IPF TIME 455046018 ms

DPTF Build Version:  9.0.11703.48565
DPTF Build Date:  Jul 29 2024 14:19:56
Source File:  C:\jenkins\workspace\dptf\Src\DPTF\Sources\Manager\WorkItem.cpp @ line 204
Executing Function:  WorkItem::writeWorkItemErrorMessagePolicy
Message:  Unhandled exception caught during execution of work item
Framework Event:  DptfAppBroadcastUnprivileged [116]
Policy:  Energy Performance Optimizer Policy [2]
Exception Function:  Policy::executeApplicationOptimizerBroadcastReceived
Exception Text:  
The feature is not implemented.

Error,2025-03-13 4:15:23 PM,IPF,17,None,ESIF(1.0.11903.2253) TYPE: ERROR MODULE: IPF TIME 455046017 ms

DPTF Build Version:  9.0.11703.48565
DPTF Build Date:  Jul 29 2024 14:19:56
Source File:  C:\jenkins\workspace\dptf\Src\DPTF\Sources\Manager\WorkItem.cpp @ line 204
Executing Function:  WorkItem::writeWorkItemErrorMessagePolicy
Message:  Unhandled exception caught during execution of work item
Framework Event:  DptfAppBroadcastUnprivileged [116]
Policy:  Energy Performance Optimizer Policy [2]
Exception Function:  Policy::executeApplicationOptimizerBroadcastReceived
Exception Text:  
The feature is not implemented.

Error,2025-03-13 4:15:23 PM,IPF,17,None,ESIF(1.0.11903.2253) TYPE: ERROR MODULE: IPF TIME 455046015 ms

DPTF Build Version:  9.0.11703.48565
DPTF Build Date:  Jul 29 2024 14:19:56
Source File:  C:\jenkins\workspace\dptf\Src\DPTF\Sources\Manager\WorkItem.cpp @ line 204
Executing Function:  WorkItem::writeWorkItemErrorMessagePolicy
Message:  Unhandled exception caught during execution of work item
Framework Event:  DptfAppBroadcastUnprivileged [116]
Policy:  Energy Performance Optimizer Policy [2]
Exception Function:  Policy::executeApplicationOptimizerBroadcastReceived
Exception Text:  
The feature is not implemented.

Error,2025-03-13 4:15:22 PM,IPF,17,None,ESIF(1.0.11903.2253) TYPE: ERROR MODULE: IPF TIME 455045210 ms

DPTF Build Version:  9.0.11703.48565
DPTF Build Date:  Jul 29 2024 14:19:56
Source File:  C:\jenkins\workspace\dptf\Src\DPTF\Sources\Manager\WorkItem.cpp @ line 204
Executing Function:  WorkItem::writeWorkItemErrorMessagePolicy
Message:  Unhandled exception caught during execution of work item
Framework Event:  DptfAppBroadcastUnprivileged [116]
Policy:  Energy Performance Optimizer Policy [2]
Exception Function:  Policy::executeApplicationOptimizerBroadcastReceived
Exception Text:  
The feature is not implemented.

Error,2025-03-13 4:15:22 PM,IPF,17,None,ESIF(1.0.11903.2253) TYPE: ERROR MODULE: IPF TIME 455045209 ms

DPTF Build Version:  9.0.11703.48565
DPTF Build Date:  Jul 29 2024 14:19:56
Source File:  C:\jenkins\workspace\dptf\Src\DPTF\Sources\Manager\WorkItem.cpp @ line 204
Executing Function:  WorkItem::writeWorkItemErrorMessagePolicy
Message:  Unhandled exception caught during execution of work item
Framework Event:  DptfAppBroadcastUnprivileged [116]
Policy:  Energy Performance Optimizer Policy [2]
Exception Function:  Policy::executeApplicationOptimizerBroadcastReceived
Exception Text:  
The feature is not implemented.

Error,2025-03-13 4:15:22 PM,IPF,17,None,ESIF(1.0.11903.2253) TYPE: ERROR MODULE: IPF TIME 455045208 ms

DPTF Build Version:  9.0.11703.48565
DPTF Build Date:  Jul 29 2024 14:19:56
Source File:  C:\jenkins\workspace\dptf\Src\DPTF\Sources\Manager\WorkItem.cpp @ line 204
Executing Function:  WorkItem::writeWorkItemErrorMessagePolicy
Message:  Unhandled exception caught during execution of work item
Framework Event:  DptfAppBroadcastUnprivileged [116]
Policy:  Energy Performance Optimizer Policy [2]
Exception Function:  Policy::executeApplicationOptimizerBroadcastReceived
Exception Text:  
The feature is not implemented.

Error,2025-03-13 4:15:22 PM,IPF,17,None,ESIF(1.0.11903.2253) TYPE: ERROR MODULE: IPF TIME 455045180 ms

DPTF Build Version:  9.0.11703.48565
DPTF Build Date:  Jul 29 2024 14:19:56
Source File:  C:\jenkins\workspace\dptf\Src\DPTF\Sources\Manager\WorkItem.cpp @ line 204
Executing Function:  WorkItem::writeWorkItemErrorMessagePolicy
Message:  Unhandled exception caught during execution of work item
Framework Event:  DptfAppBroadcastUnprivileged [116]
Policy:  Energy Performance Optimizer Policy [2]
Exception Function:  Policy::executeApplicationOptimizerBroadcastReceived
Exception Text:  
The feature is not implemented.

Error,2025-03-13 4:15:22 PM,IPF,17,None,ESIF(1.0.11903.2253) TYPE: ERROR MODULE: IPF TIME 455045178 ms

DPTF Build Version:  9.0.11703.48565
DPTF Build Date:  Jul 29 2024 14:19:56
Source File:  C:\jenkins\workspace\dptf\Src\DPTF\Sources\Manager\WorkItem.cpp @ line 204
Executing Function:  WorkItem::writeWorkItemErrorMessagePolicy
Message:  Unhandled exception caught during execution of work item
Framework Event:  DptfAppBroadcastUnprivileged [116]
Policy:  Energy Performance Optimizer Policy [2]
Exception Function:  Policy::executeApplicationOptimizerBroadcastReceived
Exception Text:  
The feature is not implemented.

Error,2025-03-13 4:15:22 PM,IPF,17,None,ESIF(1.0.11903.2253) TYPE: ERROR MODULE: IPF TIME 455045110 ms

DPTF Build Version:  9.0.11703.48565
DPTF Build Date:  Jul 29 2024 14:19:56
Source File:  C:\jenkins\workspace\dptf\Src\DPTF\Sources\Manager\WorkItem.cpp @ line 204
Executing Function:  WorkItem::writeWorkItemErrorMessagePolicy
Message:  Unhandled exception caught during execution of work item
Framework Event:  DptfAppBroadcastUnprivileged [116]
Policy:  Energy Performance Optimizer Policy [2]
Exception Function:  Policy::executeApplicationOptimizerBroadcastReceived
Exception Text:  
The feature is not implemented.

Error,2025-03-13 4:15:22 PM,IPF,17,None,ESIF(1.0.11903.2253) TYPE: ERROR MODULE: IPF TIME 455045109 ms

DPTF Build Version:  9.0.11703.48565
DPTF Build Date:  Jul 29 2024 14:19:56
Source File:  C:\jenkins\workspace\dptf\Src\DPTF\Sources\Manager\WorkItem.cpp @ line 204
Executing Function:  WorkItem::writeWorkItemErrorMessagePolicy
Message:  Unhandled exception caught during execution of work item
Framework Event:  DptfAppBroadcastUnprivileged [116]
Policy:  Energy Performance Optimizer Policy [2]
Exception Function:  Policy::executeApplicationOptimizerBroadcastReceived
Exception Text:  
The feature is not implemented.

Error,2025-03-13 4:15:22 PM,IPF,17,None,ESIF(1.0.11903.2253) TYPE: ERROR MODULE: IPF TIME 455045108 ms

DPTF Build Version:  9.0.11703.48565
DPTF Build Date:  Jul 29 2024 14:19:56
Source File:  C:\jenkins\workspace\dptf\Src\DPTF\Sources\Manager\WorkItem.cpp @ line 204
Executing Function:  WorkItem::writeWorkItemErrorMessagePolicy
Message:  Unhandled exception caught during execution of work item
Framework Event:  DptfAppBroadcastUnprivileged [116]
Policy:  Energy Performance Optimizer Policy [2]
Exception Function:  Policy::executeApplicationOptimizerBroadcastReceived
Exception Text:  
The feature is not implemented.

Error,2025-03-13 4:15:22 PM,IPF,17,None,ESIF(1.0.11903.2253) TYPE: ERROR MODULE: IPF TIME 455045107 ms

DPTF Build Version:  9.0.11703.48565
DPTF Build Date:  Jul 29 2024 14:19:56
Source File:  C:\jenkins\workspace\dptf\Src\DPTF\Sources\Manager\WorkItem.cpp @ line 204
Executing Function:  WorkItem::writeWorkItemErrorMessagePolicy
Message:  Unhandled exception caught during execution of work item
Framework Event:  DptfAppBroadcastUnprivileged [116]
Policy:  Energy Performance Optimizer Policy [2]
Exception Function:  Policy::executeApplicationOptimizerBroadcastReceived
Exception Text:  
The feature is not implemented.

Error,2025-03-13 4:15:22 PM,IPF,17,None,ESIF(1.0.11903.2253) TYPE: ERROR MODULE: IPF TIME 455045106 ms

DPTF Build Version:  9.0.11703.48565
DPTF Build Date:  Jul 29 2024 14:19:56
Source File:  C:\jenkins\workspace\dptf\Src\DPTF\Sources\Manager\WorkItem.cpp @ line 204
Executing Function:  WorkItem::writeWorkItemErrorMessagePolicy
Message:  Unhandled exception caught during execution of work item
Framework Event:  DptfAppBroadcastUnprivileged [116]
Policy:  Energy Performance Optimizer Policy [2]
Exception Function:  Policy::executeApplicationOptimizerBroadcastReceived
Exception Text:  
The feature is not implemented.

Error,2025-03-13 4:15:22 PM,IPF,17,None,ESIF(1.0.11903.2253) TYPE: ERROR MODULE: IPF TIME 455045105 ms

DPTF Build Version:  9.0.11703.48565
DPTF Build Date:  Jul 29 2024 14:19:56
Source File:  C:\jenkins\workspace\dptf\Src\DPTF\Sources\Manager\WorkItem.cpp @ line 204
Executing Function:  WorkItem::writeWorkItemErrorMessagePolicy
Message:  Unhandled exception caught during execution of work item
Framework Event:  DptfAppBroadcastUnprivileged [116]
Policy:  Energy Performance Optimizer Policy [2]
Exception Function:  Policy::executeApplicationOptimizerBroadcastReceived
Exception Text:  
The feature is not implemented.

Error,2025-03-13 4:15:22 PM,IPF,17,None,ESIF(1.0.11903.2253) TYPE: ERROR MODULE: IPF TIME 455045082 ms

DPTF Build Version:  9.0.11703.48565
DPTF Build Date:  Jul 29 2024 14:19:56
Source File:  C:\jenkins\workspace\dptf\Src\DPTF\Sources\Manager\WorkItem.cpp @ line 204
Executing Function:  WorkItem::writeWorkItemErrorMessagePolicy
Message:  Unhandled exception caught during execution of work item
Framework Event:  DptfAppBroadcastUnprivileged [116]
Policy:  Energy Performance Optimizer Policy [2]
Exception Function:  Policy::executeApplicationOptimizerBroadcastReceived
Exception Text:  
The feature is not implemented.

Error,2025-03-13 4:15:22 PM,IPF,17,None,ESIF(1.0.11903.2253) TYPE: ERROR MODULE: IPF TIME 455045081 ms

DPTF Build Version:  9.0.11703.48565
DPTF Build Date:  Jul 29 2024 14:19:56
Source File:  C:\jenkins\workspace\dptf\Src\DPTF\Sources\Manager\WorkItem.cpp @ line 204
Executing Function:  WorkItem::writeWorkItemErrorMessagePolicy
Message:  Unhandled exception caught during execution of work item
Framework Event:  DptfAppBroadcastUnprivileged [116]
Policy:  Energy Performance Optimizer Policy [2]
Exception Function:  Policy::executeApplicationOptimizerBroadcastReceived
Exception Text:  
The feature is not implemented.

Error,2025-03-13 4:15:22 PM,IPF,17,None,ESIF(1.0.11903.2253) TYPE: ERROR MODULE: IPF TIME 455045067 ms

DPTF Build Version:  9.0.11703.48565
DPTF Build Date:  Jul 29 2024 14:19:56
Source File:  C:\jenkins\workspace\dptf\Src\DPTF\Sources\Manager\WorkItem.cpp @ line 204
Executing Function:  WorkItem::writeWorkItemErrorMessagePolicy
Message:  Unhandled exception caught during execution of work item
Framework Event:  DptfAppBroadcastUnprivileged [116]
Policy:  Energy Performance Optimizer Policy [2]
Exception Function:  Policy::executeApplicationOptimizerBroadcastReceived
Exception Text:  
The feature is not implemented.

Error,2025-03-13 4:15:22 PM,IPF,17,None,ESIF(1.0.11903.2253) TYPE: ERROR MODULE: IPF TIME 455045066 ms

DPTF Build Version:  9.0.11703.48565
DPTF Build Date:  Jul 29 2024 14:19:56
Source File:  C:\jenkins\workspace\dptf\Src\DPTF\Sources\Manager\WorkItem.cpp @ line 204
Executing Function:  WorkItem::writeWorkItemErrorMessagePolicy
Message:  Unhandled exception caught during execution of work item
Framework Event:  DptfAppBroadcastUnprivileged [116]
Policy:  Energy Performance Optimizer Policy [2]
Exception Function:  Policy::executeApplicationOptimizerBroadcastReceived
Exception Text:  
The feature is not implemented.

Error,2025-03-13 4:15:22 PM,IPF,17,None,ESIF(1.0.11903.2253) TYPE: ERROR MODULE: IPF TIME 455045066 ms

DPTF Build Version:  9.0.11703.48565
DPTF Build Date:  Jul 29 2024 14:19:56
Source File:  C:\jenkins\workspace\dptf\Src\DPTF\Sources\Manager\WorkItem.cpp @ line 204
Executing Function:  WorkItem::writeWorkItemErrorMessagePolicy
Message:  Unhandled exception caught during execution of work item
Framework Event:  DptfAppBroadcastUnprivileged [116]
Policy:  Energy Performance Optimizer Policy [2]
Exception Function:  Policy::executeApplicationOptimizerBroadcastReceived
Exception Text:  
The feature is not implemented.

Error,2025-03-13 4:15:22 PM,IPF,17,None,ESIF(1.0.11903.2253) TYPE: ERROR MODULE: IPF TIME 455045065 ms

DPTF Build Version:  9.0.11703.48565
DPTF Build Date:  Jul 29 2024 14:19:56
Source File:  C:\jenkins\workspace\dptf\Src\DPTF\Sources\Manager\WorkItem.cpp @ line 204
Executing Function:  WorkItem::writeWorkItemErrorMessagePolicy
Message:  Unhandled exception caught during execution of work item
Framework Event:  DptfAppBroadcastUnprivileged [116]
Policy:  Energy Performance Optimizer Policy [2]
Exception Function:  Policy::executeApplicationOptimizerBroadcastReceived
Exception Text:  
The feature is not implemented.

Error,2025-03-13 4:15:22 PM,IPF,17,None,ESIF(1.0.11903.2253) TYPE: ERROR MODULE: IPF TIME 455045017 ms

DPTF Build Version:  9.0.11703.48565
DPTF Build Date:  Jul 29 2024 14:19:56
Source File:  C:\jenkins\workspace\dptf\Src\DPTF\Sources\Manager\WorkItem.cpp @ line 204
Executing Function:  WorkItem::writeWorkItemErrorMessagePolicy
Message:  Unhandled exception caught during execution of work item
Framework Event:  DptfAppBroadcastUnprivileged [116]
Policy:  Energy Performance Optimizer Policy [2]
Exception Function:  Policy::executeApplicationOptimizerBroadcastReceived
Exception Text:  
The feature is not implemented.

Error,2025-03-13 4:15:22 PM,IPF,17,None,ESIF(1.0.11903.2253) TYPE: ERROR MODULE: IPF TIME 455045009 ms

DPTF Build Version:  9.0.11703.48565
DPTF Build Date:  Jul 29 2024 14:19:56
Source File:  C:\jenkins\workspace\dptf\Src\DPTF\Sources\Manager\WorkItem.cpp @ line 204
Executing Function:  WorkItem::writeWorkItemErrorMessagePolicy
Message:  Unhandled exception caught during execution of work item
Framework Event:  DptfAppBroadcastUnprivileged [116]
Policy:  Energy Performance Optimizer Policy [2]
Exception Function:  Policy::executeApplicationOptimizerBroadcastReceived
Exception Text:  
The feature is not implemented.

Error,2025-03-13 4:15:22 PM,IPF,17,None,ESIF(1.0.11903.2253) TYPE: ERROR MODULE: IPF TIME 455045008 ms

DPTF Build Version:  9.0.11703.48565
DPTF Build Date:  Jul 29 2024 14:19:56
Source File:  C:\jenkins\workspace\dptf\Src\DPTF\Sources\Manager\WorkItem.cpp @ line 204
Executing Function:  WorkItem::writeWorkItemErrorMessagePolicy
Message:  Unhandled exception caught during execution of work item
Framework Event:  DptfAppBroadcastUnprivileged [116]
Policy:  Energy Performance Optimizer Policy [2]
Exception Function:  Policy::executeApplicationOptimizerBroadcastReceived
Exception Text:  
The feature is not implemented.

Error,2025-03-13 4:15:22 PM,IPF,17,None,ESIF(1.0.11903.2253) TYPE: ERROR MODULE: IPF TIME 455045007 ms

DPTF Build Version:  9.0.11703.48565
DPTF Build Date:  Jul 29 2024 14:19:56
Source File:  C:\jenkins\workspace\dptf\Src\DPTF\Sources\Manager\WorkItem.cpp @ line 204
Executing Function:  WorkItem::writeWorkItemErrorMessagePolicy
Message:  Unhandled exception caught during execution of work item
Framework Event:  DptfAppBroadcastUnprivileged [116]
Policy:  Energy Performance Optimizer Policy [2]
Exception Function:  Policy::executeApplicationOptimizerBroadcastReceived
Exception Text:  
The feature is not implemented.

Error,2025-03-13 4:15:21 PM,IPF,17,None,ESIF(1.0.11903.2253) TYPE: ERROR MODULE: IPF TIME 455044201 ms

DPTF Build Version:  9.0.11703.48565
DPTF Build Date:  Jul 29 2024 14:19:56
Source File:  C:\jenkins\workspace\dptf\Src\DPTF\Sources\Manager\WorkItem.cpp @ line 204
Executing Function:  WorkItem::writeWorkItemErrorMessagePolicy
Message:  Unhandled exception caught during execution of work item
Framework Event:  DptfAppBroadcastUnprivileged [116]
Policy:  Energy Performance Optimizer Policy [2]
Exception Function:  Policy::executeApplicationOptimizerBroadcastReceived
Exception Text:  
The feature is not implemented.

