Error,2025-03-12 12:14:43 AM,IPF,17,None,ESIF(1.0.11903.2253) TYPE: ERROR MODULE: IPF TIME 310985471 ms

DPTF Build Version:  9.0.11703.48565
DPTF Build Date:  Jul 29 2024 14:19:56
Source File:  C:\jenkins\workspace\dptf\Src\DPTF\Sources\Manager\WorkItem.cpp @ line 204
Executing Function:  WorkItem::writeWorkItemErrorMessagePolicy
Message:  Unhandled exception caught during execution of work item
Framework Event:  DptfAppBroadcastUnprivileged [116]
Policy:  Energy Performance Optimizer Policy [2]
Exception Function:  Policy::executeApplicationOptimizerBroadcastReceived
Exception Text:  
The feature is not implemented.

Error,2025-03-12 12:14:42 AM,IPF,17,None,ESIF(1.0.11903.2253) TYPE: ERROR MODULE: IPF TIME 310984460 ms

DPTF Build Version:  9.0.11703.48565
DPTF Build Date:  Jul 29 2024 14:19:56
Source File:  C:\jenkins\workspace\dptf\Src\DPTF\Sources\Manager\WorkItem.cpp @ line 204
Executing Function:  WorkItem::writeWorkItemErrorMessagePolicy
Message:  Unhandled exception caught during execution of work item
Framework Event:  DptfAppBroadcastUnprivileged [116]
Policy:  Energy Performance Optimizer Policy [2]
Exception Function:  Policy::executeApplicationOptimizerBroadcastReceived
Exception Text:  
The feature is not implemented.

Error,2025-03-12 12:14:41 AM,IPF,17,None,ESIF(1.0.11903.2253) TYPE: ERROR MODULE: IPF TIME 310983449 ms

DPTF Build Version:  9.0.11703.48565
DPTF Build Date:  Jul 29 2024 14:19:56
Source File:  C:\jenkins\workspace\dptf\Src\DPTF\Sources\Manager\WorkItem.cpp @ line 204
Executing Function:  WorkItem::writeWorkItemErrorMessagePolicy
Message:  Unhandled exception caught during execution of work item
Framework Event:  DptfAppBroadcastUnprivileged [116]
Policy:  Energy Performance Optimizer Policy [2]
Exception Function:  Policy::executeApplicationOptimizerBroadcastReceived
Exception Text:  
The feature is not implemented.

Error,2025-03-12 12:13:28 AM,IPF,17,None,ESIF(1.0.11903.2253) TYPE: ERROR MODULE: IPF TIME 310911185 ms

DPTF Build Version:  9.0.11703.48565
DPTF Build Date:  Jul 29 2024 14:19:56
Source File:  C:\jenkins\workspace\dptf\Src\DPTF\Sources\Manager\WorkItem.cpp @ line 204
Executing Function:  WorkItem::writeWorkItemErrorMessagePolicy
Message:  Unhandled exception caught during execution of work item
Framework Event:  DptfAppBroadcastUnprivileged [116]
Policy:  Energy Performance Optimizer Policy [2]
Exception Function:  Policy::executeApplicationOptimizerBroadcastReceived
Exception Text:  
The feature is not implemented.

Error,2025-03-12 12:13:27 AM,IPF,17,None,ESIF(1.0.11903.2253) TYPE: ERROR MODULE: IPF TIME 310910181 ms

DPTF Build Version:  9.0.11703.48565
DPTF Build Date:  Jul 29 2024 14:19:56
Source File:  C:\jenkins\workspace\dptf\Src\DPTF\Sources\Manager\WorkItem.cpp @ line 204
Executing Function:  WorkItem::writeWorkItemErrorMessagePolicy
Message:  Unhandled exception caught during execution of work item
Framework Event:  DptfAppBroadcastUnprivileged [116]
Policy:  Energy Performance Optimizer Policy [2]
Exception Function:  Policy::executeApplicationOptimizerBroadcastReceived
Exception Text:  
The feature is not implemented.

Error,2025-03-12 12:13:26 AM,IPF,17,None,ESIF(1.0.11903.2253) TYPE: ERROR MODULE: IPF TIME 310909178 ms

DPTF Build Version:  9.0.11703.48565
DPTF Build Date:  Jul 29 2024 14:19:56
Source File:  C:\jenkins\workspace\dptf\Src\DPTF\Sources\Manager\WorkItem.cpp @ line 204
Executing Function:  WorkItem::writeWorkItemErrorMessagePolicy
Message:  Unhandled exception caught during execution of work item
Framework Event:  DptfAppBroadcastUnprivileged [116]
Policy:  Energy Performance Optimizer Policy [2]
Exception Function:  Policy::executeApplicationOptimizerBroadcastReceived
Exception Text:  
The feature is not implemented.

Error,2025-03-12 12:13:25 AM,IPF,17,None,ESIF(1.0.11903.2253) TYPE: ERROR MODULE: IPF TIME 310908167 ms

DPTF Build Version:  9.0.11703.48565
DPTF Build Date:  Jul 29 2024 14:19:56
Source File:  C:\jenkins\workspace\dptf\Src\DPTF\Sources\Manager\WorkItem.cpp @ line 204
Executing Function:  WorkItem::writeWorkItemErrorMessagePolicy
Message:  Unhandled exception caught during execution of work item
Framework Event:  DptfAppBroadcastUnprivileged [116]
Policy:  Energy Performance Optimizer Policy [2]
Exception Function:  Policy::executeApplicationOptimizerBroadcastReceived
Exception Text:  
The feature is not implemented.

Error,2025-03-12 12:13:24 AM,IPF,17,None,ESIF(1.0.11903.2253) TYPE: ERROR MODULE: IPF TIME 310907157 ms

DPTF Build Version:  9.0.11703.48565
DPTF Build Date:  Jul 29 2024 14:19:56
Source File:  C:\jenkins\workspace\dptf\Src\DPTF\Sources\Manager\WorkItem.cpp @ line 204
Executing Function:  WorkItem::writeWorkItemErrorMessagePolicy
Message:  Unhandled exception caught during execution of work item
Framework Event:  DptfAppBroadcastUnprivileged [116]
Policy:  Energy Performance Optimizer Policy [2]
Exception Function:  Policy::executeApplicationOptimizerBroadcastReceived
Exception Text:  
The feature is not implemented.

Information,2025-03-11 11:48:34 PM,Microsoft-Windows-Security-SPP,16384,None,Successfully scheduled Software Protection service for re-start at 2125-02-16T03:48:34Z. Reason: RulesEngine.
Information,2025-03-11 11:48:00 PM,Microsoft-Windows-Security-SPP,1033,None,"These policies are being excluded since they are only defined with override-only attribute.
Policy Names=(Security-SPP-Reserved-EnableNotificationMode) 
App Id=55c92734-d682-4d71-983e-d6ec3f16059f
Sku Id=1d873132-f09f-4eb2-bf5a-2e4fb48935e8"
Information,2025-03-11 11:48:00 PM,Microsoft-Windows-Security-SPP,1034,None,Duplicate definition of policy found. Policy name=Security-SPP-WriteWauMarker  Priority=500
Information,2025-03-11 11:48:00 PM,Microsoft-Windows-Security-SPP,1034,None,Duplicate definition of policy found. Policy name=AAD-BlockAADWorkplaceJoin-Default  Priority=100
Information,2025-03-11 11:47:59 PM,Microsoft-Windows-Security-SPP,16394,None,Offline downlevel migration succeeded.
Information,2025-03-11 11:31:04 PM,Microsoft-Windows-Security-SPP,16384,None,Successfully scheduled Software Protection service for re-start at 2125-02-16T03:31:04Z. Reason: RulesEngine.
Information,2025-03-11 11:30:34 PM,Microsoft-Windows-Security-SPP,16394,None,Offline downlevel migration succeeded.
Information,2025-03-11 11:30:32 PM,Microsoft-Windows-RestartManager,10001,None,Ending session 0 started ‎2025‎-‎03‎-‎12T03:30:27.810014900Z.
Information,2025-03-11 11:30:32 PM,Microsoft-Windows-RestartManager,10001,None,Ending session 0 started ‎2025‎-‎03‎-‎12T03:30:18.171459000Z.
Information,2025-03-11 11:30:32 PM,MsiInstaller,1042,None,Ending a Windows Installer transaction: {C7FB4EEE-D481-4AC1-B113-120A9124FE50}. Client Process Id: 34264.
Information,2025-03-11 11:30:32 PM,MsiInstaller,1029,None,Product: Microsoft .NET Runtime - 8.0.13 (x64). Restart required. The installation or update for the product required a restart for all changes to take effect.  The restart was deferred to a later time.
Information,2025-03-11 11:30:32 PM,MsiInstaller,1038,None,Windows Installer requires a system restart. Product Name: Microsoft .NET Runtime - 8.0.13 (x64). Product Version: 64.52.27977. Product Language: 1033. Manufacturer: Microsoft Corporation. Type of System Restart: 2. Reason for Restart: 1.
Information,2025-03-11 11:30:32 PM,MsiInstaller,1034,None,Windows Installer removed the product. Product Name: Microsoft .NET Runtime - 8.0.13 (x64). Product Version: 64.52.27977. Product Language: 1033. Manufacturer: Microsoft Corporation. Removal success or error status: 0.
Information,2025-03-11 11:30:32 PM,MsiInstaller,11724,None,Product: Microsoft .NET Runtime - 8.0.13 (x64) -- Removal completed successfully.
Information,2025-03-11 11:30:28 PM,Microsoft-Windows-RestartManager,10005,None,Machine restart is required.
Information,2025-03-11 11:30:27 PM,Microsoft-Windows-RestartManager,10000,None,Starting session 0 - ‎2025‎-‎03‎-‎12T03:30:27.810014900Z.
Information,2025-03-11 11:30:27 PM,Microsoft-Windows-RestartManager,10005,None,Machine restart is required.
Information,2025-03-11 11:30:24 PM,Microsoft-Windows-Security-SPP,16384,None,Successfully scheduled Software Protection service for re-start at 2125-02-16T03:30:24Z. Reason: RulesEngine.
Information,2025-03-11 11:30:18 PM,Microsoft-Windows-RestartManager,10000,None,Starting session 0 - ‎2025‎-‎03‎-‎12T03:30:18.171459000Z.
Information,2025-03-11 11:30:18 PM,Microsoft-Windows-RestartManager,10001,None,Ending session 0 started ‎2025‎-‎03‎-‎12T03:30:17.477421600Z.
Information,2025-03-11 11:30:18 PM,Microsoft-Windows-RestartManager,10001,None,Ending session 0 started ‎2025‎-‎03‎-‎12T03:30:16.895029200Z.
Information,2025-03-11 11:30:18 PM,MsiInstaller,1040,None,Beginning a Windows Installer transaction: {C7FB4EEE-D481-4AC1-B113-120A9124FE50}. Client Process Id: 34264.
Information,2025-03-11 11:30:18 PM,MsiInstaller,1042,None,Ending a Windows Installer transaction: {BB5AC4BC-A263-43DA-A530-9CB56342D6B8}. Client Process Id: 34264.
Information,2025-03-11 11:30:18 PM,MsiInstaller,1034,None,Windows Installer removed the product. Product Name: Microsoft .NET Host FX Resolver - 8.0.13 (x64). Product Version: 64.52.27977. Product Language: 1033. Manufacturer: Microsoft Corporation. Removal success or error status: 0.
Information,2025-03-11 11:30:18 PM,MsiInstaller,11724,None,Product: Microsoft .NET Host FX Resolver - 8.0.13 (x64) -- Removal completed successfully.
Information,2025-03-11 11:30:17 PM,Microsoft-Windows-RestartManager,10005,None,Machine restart is required.
Information,2025-03-11 11:30:17 PM,Microsoft-Windows-RestartManager,10000,None,Starting session 0 - ‎2025‎-‎03‎-‎12T03:30:17.477421600Z.
Information,2025-03-11 11:30:17 PM,Microsoft-Windows-RestartManager,10005,None,Machine restart is required.
Information,2025-03-11 11:30:16 PM,Microsoft-Windows-RestartManager,10000,None,Starting session 0 - ‎2025‎-‎03‎-‎12T03:30:16.895029200Z.
Information,2025-03-11 11:30:16 PM,Microsoft-Windows-RestartManager,10001,None,Ending session 0 started ‎2025‎-‎03‎-‎12T03:30:11.394148400Z.
Information,2025-03-11 11:30:16 PM,Microsoft-Windows-RestartManager,10001,None,Ending session 0 started ‎2025‎-‎03‎-‎12T03:30:09.684443400Z.
Information,2025-03-11 11:30:16 PM,MsiInstaller,1040,None,Beginning a Windows Installer transaction: {BB5AC4BC-A263-43DA-A530-9CB56342D6B8}. Client Process Id: 34264.
Information,2025-03-11 11:30:16 PM,MsiInstaller,1042,None,Ending a Windows Installer transaction: {852F821B-340A-4473-BA94-8FAFD5AFFE85}. Client Process Id: 34264.
Information,2025-03-11 11:30:16 PM,MsiInstaller,1034,None,Windows Installer removed the product. Product Name: Microsoft Windows Desktop Runtime - 8.0.13 (x64). Product Version: 64.52.27986. Product Language: 1033. Manufacturer: Microsoft Corporation. Removal success or error status: 0.
Information,2025-03-11 11:30:16 PM,MsiInstaller,11724,None,Product: Microsoft Windows Desktop Runtime - 8.0.13 (x64) -- Removal completed successfully.
Information,2025-03-11 11:30:11 PM,Microsoft-Windows-RestartManager,10005,None,Machine restart is required.
Information,2025-03-11 11:30:11 PM,Microsoft-Windows-RestartManager,10000,None,Starting session 0 - ‎2025‎-‎03‎-‎12T03:30:11.394148400Z.
Information,2025-03-11 11:30:11 PM,Microsoft-Windows-RestartManager,10005,None,Machine restart is required.
Information,2025-03-11 11:30:09 PM,Microsoft-Windows-RestartManager,10000,None,Starting session 0 - ‎2025‎-‎03‎-‎12T03:30:09.684443400Z.
Information,2025-03-11 11:30:08 PM,Microsoft-Windows-RestartManager,10001,None,Ending session 0 started ‎2025‎-‎03‎-‎12T03:30:03.146273600Z.
Information,2025-03-11 11:30:09 PM,MsiInstaller,1040,None,Beginning a Windows Installer transaction: {852F821B-340A-4473-BA94-8FAFD5AFFE85}. Client Process Id: 34264.
Information,2025-03-11 11:30:08 PM,MsiInstaller,1042,None,Ending a Windows Installer transaction: C:\ProgramData\Package Cache\{BC56BEFC-D9B7-476F-9B7C-2CD494572C27}v64.56.29521\windowsdesktop-runtime-8.0.14-win-x64.msi. Client Process Id: 25180.
Information,2025-03-11 11:30:08 PM,MsiInstaller,1033,None,Windows Installer installed the product. Product Name: Microsoft Windows Desktop Runtime - 8.0.14 (x64). Product Version: 64.56.29521. Product Language: 1033. Manufacturer: Microsoft Corporation. Installation success or error status: 0.
Information,2025-03-11 11:30:08 PM,MsiInstaller,11707,None,Product: Microsoft Windows Desktop Runtime - 8.0.14 (x64) -- Installation completed successfully.
Information,2025-03-11 11:30:03 PM,Microsoft-Windows-RestartManager,10000,None,Starting session 0 - ‎2025‎-‎03‎-‎12T03:30:03.146273600Z.
Information,2025-03-11 11:30:02 PM,Microsoft-Windows-RestartManager,10001,None,Ending session 0 started ‎2025‎-‎03‎-‎12T03:30:02.113541200Z.
Information,2025-03-11 11:30:02 PM,Microsoft-Windows-RestartManager,10001,None,Ending session 0 started ‎2025‎-‎03‎-‎12T03:30:01.084014500Z.
Information,2025-03-11 11:30:02 PM,Microsoft-Windows-RestartManager,10000,None,Starting session 0 - ‎2025‎-‎03‎-‎12T03:30:02.113541200Z.
Information,2025-03-11 11:30:02 PM,MsiInstaller,1040,None,Beginning a Windows Installer transaction: C:\ProgramData\Package Cache\{BC56BEFC-D9B7-476F-9B7C-2CD494572C27}v64.56.29521\windowsdesktop-runtime-8.0.14-win-x64.msi. Client Process Id: 25180.
Information,2025-03-11 11:30:02 PM,MsiInstaller,1042,None,Ending a Windows Installer transaction: C:\ProgramData\Package Cache\{04904762-A110-4E46-A728-7EF88DCCA1F1}v64.56.29490\dotnet-host-8.0.14-win-x64.msi. Client Process Id: 25180.
Information,2025-03-11 11:30:02 PM,MsiInstaller,1033,None,Windows Installer installed the product. Product Name: Microsoft .NET Host - 8.0.14 (x64). Product Version: 64.56.29490. Product Language: 1033. Manufacturer: Microsoft Corporation. Installation success or error status: 0.
Information,2025-03-11 11:30:02 PM,MsiInstaller,11707,None,Product: Microsoft .NET Host - 8.0.14 (x64) -- Installation completed successfully.
Information,2025-03-11 11:30:01 PM,Microsoft-Windows-RestartManager,10000,None,Starting session 0 - ‎2025‎-‎03‎-‎12T03:30:01.084014500Z.
Information,2025-03-11 11:30:00 PM,Microsoft-Windows-RestartManager,10001,None,Ending session 0 started ‎2025‎-‎03‎-‎12T03:30:00.622025600Z.
Information,2025-03-11 11:30:00 PM,Microsoft-Windows-RestartManager,10000,None,Starting session 0 - ‎2025‎-‎03‎-‎12T03:30:00.622025600Z.
Information,2025-03-11 11:30:00 PM,Microsoft-Windows-RestartManager,10001,None,Ending session 0 started ‎2025‎-‎03‎-‎12T03:29:58.473105000Z.
Information,2025-03-11 11:30:00 PM,MsiInstaller,1040,None,Beginning a Windows Installer transaction: C:\ProgramData\Package Cache\{04904762-A110-4E46-A728-7EF88DCCA1F1}v64.56.29490\dotnet-host-8.0.14-win-x64.msi. Client Process Id: 25180.
Information,2025-03-11 11:30:00 PM,MsiInstaller,1042,None,Ending a Windows Installer transaction: C:\ProgramData\Package Cache\{B2E7F2C8-73CD-4269-B7BC-11B7D8BB7A37}v64.56.29490\dotnet-hostfxr-8.0.14-win-x64.msi. Client Process Id: 25180.
Information,2025-03-11 11:30:00 PM,MsiInstaller,1033,None,Windows Installer installed the product. Product Name: Microsoft .NET Host FX Resolver - 8.0.14 (x64). Product Version: 64.56.29490. Product Language: 1033. Manufacturer: Microsoft Corporation. Installation success or error status: 0.
Information,2025-03-11 11:30:00 PM,MsiInstaller,11707,None,Product: Microsoft .NET Host FX Resolver - 8.0.14 (x64) -- Installation completed successfully.
Information,2025-03-11 11:30:00 PM,MsiInstaller,1040,None,Beginning a Windows Installer transaction: C:\ProgramData\Package Cache\{B2E7F2C8-73CD-4269-B7BC-11B7D8BB7A37}v64.56.29490\dotnet-hostfxr-8.0.14-win-x64.msi. Client Process Id: 25180.
Information,2025-03-11 11:30:00 PM,MsiInstaller,1042,None,Ending a Windows Installer transaction: C:\ProgramData\Package Cache\{6C817CE3-32BC-4C6B-8B1A-E6F71EDAFFCC}v64.56.29490\dotnet-runtime-8.0.14-win-x64.msi. Client Process Id: 25180.
Information,2025-03-11 11:30:00 PM,MsiInstaller,1033,None,Windows Installer installed the product. Product Name: Microsoft .NET Runtime - 8.0.14 (x64). Product Version: 64.56.29490. Product Language: 1033. Manufacturer: Microsoft Corporation. Installation success or error status: 0.
Information,2025-03-11 11:30:00 PM,MsiInstaller,11707,None,Product: Microsoft .NET Runtime - 8.0.14 (x64) -- Installation completed successfully.
Information,2025-03-11 11:29:58 PM,Microsoft-Windows-RestartManager,10000,None,Starting session 0 - ‎2025‎-‎03‎-‎12T03:29:58.473105000Z.
Information,2025-03-11 11:29:58 PM,MsiInstaller,1040,None,Beginning a Windows Installer transaction: C:\ProgramData\Package Cache\{6C817CE3-32BC-4C6B-8B1A-E6F71EDAFFCC}v64.56.29490\dotnet-runtime-8.0.14-win-x64.msi. Client Process Id: 25180.
Information,2025-03-11 11:29:57 PM,Microsoft-Windows-RestartManager,10005,None,Machine restart is required.
Warning,2025-03-11 11:29:56 PM,Microsoft-Windows-RestartManager,10010,None,Application 'C:\Program Files\Microsoft Office\root\Office16\WINWORD.EXE' (pid 27308) cannot be restarted - Application SID does not match Conductor SID..
Warning,2025-03-11 11:29:56 PM,Microsoft-Windows-RestartManager,10010,None,Application 'C:\Program Files\Microsoft Office\root\Office16\POWERPNT.EXE' (pid 2928) cannot be restarted - Application SID does not match Conductor SID..
Warning,2025-03-11 11:29:56 PM,Microsoft-Windows-RestartManager,10010,None,Application 'C:\Program Files\Microsoft Office\root\vfs\ProgramFilesCommonX64\Microsoft Shared\OFFICE16\AI\ai.exe' (pid 39344) cannot be restarted - Application SID does not match Conductor SID..
Warning,2025-03-11 11:29:56 PM,Microsoft-Windows-RestartManager,10010,None,Application 'C:\Program Files\Microsoft Office\root\vfs\ProgramFilesCommonX64\Microsoft Shared\OFFICE16\AI\ai.exe' (pid 19360) cannot be restarted - Application SID does not match Conductor SID..
Information,2025-03-11 11:29:56 PM,Microsoft-Windows-RestartManager,10000,None,Starting session 0 - ‎2025‎-‎03‎-‎12T03:29:56.054265500Z.
Information,2025-03-11 11:29:53 PM,Microsoft-Windows-RestartManager,10000,None,Starting session 1 - ‎2025‎-‎03‎-‎12T03:29:53.539351900Z.
Information,2025-03-11 11:29:53 PM,Microsoft-Windows-Security-SPP,16394,None,Offline downlevel migration succeeded.
Error,2025-03-11 11:23:53 PM,Universal Print,1,None,"The description for Event ID 1 from source Universal Print cannot be found. Either the component that raises this event is not installed on your local computer or the installation is corrupted. You can install or repair the component on the local computer.

If the event originated on another computer, the display information had to be saved with the event.

The following information was included with the event: 

Failed to get auth header with 0x8086000c
mcpmanagementservice.dll

The locale specific resource for the desired message is not present
"
Error,2025-03-11 11:23:53 PM,Universal Print,1,None,"The description for Event ID 1 from source Universal Print cannot be found. Either the component that raises this event is not installed on your local computer or the installation is corrupted. You can install or repair the component on the local computer.

If the event originated on another computer, the display information had to be saved with the event.

The following information was included with the event: 

User Interaction Required while trying to get a token silently. ErrorCode: 0xcaa10001, Error: Need user interaction to continue.
mcpmanagementservice.dll

The locale specific resource for the desired message is not present
"
Information,2025-03-11 11:23:53 PM,Universal Print,1,None,"The description for Event ID 1 from source Universal Print cannot be found. Either the component that raises this event is not installed on your local computer or the installation is corrupted. You can install or repair the component on the local computer.

If the event originated on another computer, the display information had to be saved with the event.

The following information was included with the event: 

Device is Workplace Joined.
mcpmanagementservice.dll

The locale specific resource for the desired message is not present
"
Error,2025-03-11 11:23:50 PM,Universal Print,1,None,"The description for Event ID 1 from source Universal Print cannot be found. Either the component that raises this event is not installed on your local computer or the installation is corrupted. You can install or repair the component on the local computer.

If the event originated on another computer, the display information had to be saved with the event.

The following information was included with the event: 

Failed to get auth header with 0x8086000c
mcpmanagementservice.dll

The locale specific resource for the desired message is not present
"
Error,2025-03-11 11:23:50 PM,Universal Print,1,None,"The description for Event ID 1 from source Universal Print cannot be found. Either the component that raises this event is not installed on your local computer or the installation is corrupted. You can install or repair the component on the local computer.

If the event originated on another computer, the display information had to be saved with the event.

The following information was included with the event: 

User Interaction Required while trying to get a token silently. ErrorCode: 0xcaa10001, Error: Need user interaction to continue.
mcpmanagementservice.dll

The locale specific resource for the desired message is not present
"
Information,2025-03-11 11:23:50 PM,Universal Print,1,None,"The description for Event ID 1 from source Universal Print cannot be found. Either the component that raises this event is not installed on your local computer or the installation is corrupted. You can install or repair the component on the local computer.

If the event originated on another computer, the display information had to be saved with the event.

The following information was included with the event: 

Device is Workplace Joined.
mcpmanagementservice.dll

The locale specific resource for the desired message is not present
"
Error,2025-03-11 11:23:49 PM,Universal Print,1,None,"The description for Event ID 1 from source Universal Print cannot be found. Either the component that raises this event is not installed on your local computer or the installation is corrupted. You can install or repair the component on the local computer.

If the event originated on another computer, the display information had to be saved with the event.

The following information was included with the event: 

Failed to get auth header with 0x8086000c
mcpmanagementservice.dll

The locale specific resource for the desired message is not present
"
Error,2025-03-11 11:23:49 PM,Universal Print,1,None,"The description for Event ID 1 from source Universal Print cannot be found. Either the component that raises this event is not installed on your local computer or the installation is corrupted. You can install or repair the component on the local computer.

If the event originated on another computer, the display information had to be saved with the event.

The following information was included with the event: 

User Interaction Required while trying to get a token silently. ErrorCode: 0xcaa10001, Error: Need user interaction to continue.
mcpmanagementservice.dll

The locale specific resource for the desired message is not present
"
Information,2025-03-11 11:23:49 PM,Universal Print,1,None,"The description for Event ID 1 from source Universal Print cannot be found. Either the component that raises this event is not installed on your local computer or the installation is corrupted. You can install or repair the component on the local computer.

If the event originated on another computer, the display information had to be saved with the event.

The following information was included with the event: 

Device is Workplace Joined.
mcpmanagementservice.dll

The locale specific resource for the desired message is not present
"
Information,2025-03-11 11:10:09 PM,Microsoft-Windows-Security-SPP,16384,None,Successfully scheduled Software Protection service for re-start at 2125-02-16T03:10:09Z. Reason: RulesEngine.
Information,2025-03-11 11:09:38 PM,Microsoft-Windows-Security-SPP,16394,None,Offline downlevel migration succeeded.
Error,2025-03-11 11:06:02 PM,Universal Print,1,None,"The description for Event ID 1 from source Universal Print cannot be found. Either the component that raises this event is not installed on your local computer or the installation is corrupted. You can install or repair the component on the local computer.

If the event originated on another computer, the display information had to be saved with the event.

The following information was included with the event: 

Failed to get auth header with 0x8086000c
mcpmanagementservice.dll

The locale specific resource for the desired message is not present
"
Error,2025-03-11 11:06:02 PM,Universal Print,1,None,"The description for Event ID 1 from source Universal Print cannot be found. Either the component that raises this event is not installed on your local computer or the installation is corrupted. You can install or repair the component on the local computer.

If the event originated on another computer, the display information had to be saved with the event.

The following information was included with the event: 

User Interaction Required while trying to get a token silently. ErrorCode: 0xcaa10001, Error: Need user interaction to continue.
mcpmanagementservice.dll

The locale specific resource for the desired message is not present
"
Information,2025-03-11 11:06:02 PM,Universal Print,1,None,"The description for Event ID 1 from source Universal Print cannot be found. Either the component that raises this event is not installed on your local computer or the installation is corrupted. You can install or repair the component on the local computer.

If the event originated on another computer, the display information had to be saved with the event.

The following information was included with the event: 

Device is Workplace Joined.
mcpmanagementservice.dll

The locale specific resource for the desired message is not present
"
Error,2025-03-11 11:06:00 PM,Universal Print,1,None,"The description for Event ID 1 from source Universal Print cannot be found. Either the component that raises this event is not installed on your local computer or the installation is corrupted. You can install or repair the component on the local computer.

If the event originated on another computer, the display information had to be saved with the event.

The following information was included with the event: 

Failed to get auth header with 0x8086000c
mcpmanagementservice.dll

The locale specific resource for the desired message is not present
"
Error,2025-03-11 11:06:00 PM,Universal Print,1,None,"The description for Event ID 1 from source Universal Print cannot be found. Either the component that raises this event is not installed on your local computer or the installation is corrupted. You can install or repair the component on the local computer.

If the event originated on another computer, the display information had to be saved with the event.

The following information was included with the event: 

User Interaction Required while trying to get a token silently. ErrorCode: 0xcaa10001, Error: Need user interaction to continue.
mcpmanagementservice.dll

The locale specific resource for the desired message is not present
"
Information,2025-03-11 11:06:00 PM,Universal Print,1,None,"The description for Event ID 1 from source Universal Print cannot be found. Either the component that raises this event is not installed on your local computer or the installation is corrupted. You can install or repair the component on the local computer.

If the event originated on another computer, the display information had to be saved with the event.

The following information was included with the event: 

Device is Workplace Joined.
mcpmanagementservice.dll

The locale specific resource for the desired message is not present
"
Error,2025-03-11 11:05:59 PM,Universal Print,1,None,"The description for Event ID 1 from source Universal Print cannot be found. Either the component that raises this event is not installed on your local computer or the installation is corrupted. You can install or repair the component on the local computer.

If the event originated on another computer, the display information had to be saved with the event.

The following information was included with the event: 

Failed to get auth header with 0x8086000c
mcpmanagementservice.dll

The locale specific resource for the desired message is not present
"
Error,2025-03-11 11:05:59 PM,Universal Print,1,None,"The description for Event ID 1 from source Universal Print cannot be found. Either the component that raises this event is not installed on your local computer or the installation is corrupted. You can install or repair the component on the local computer.

If the event originated on another computer, the display information had to be saved with the event.

The following information was included with the event: 

User Interaction Required while trying to get a token silently. ErrorCode: 0xcaa10001, Error: Need user interaction to continue.
mcpmanagementservice.dll

The locale specific resource for the desired message is not present
"
Information,2025-03-11 11:05:59 PM,Universal Print,1,None,"The description for Event ID 1 from source Universal Print cannot be found. Either the component that raises this event is not installed on your local computer or the installation is corrupted. You can install or repair the component on the local computer.

If the event originated on another computer, the display information had to be saved with the event.

The following information was included with the event: 

Device is Workplace Joined.
mcpmanagementservice.dll

The locale specific resource for the desired message is not present
"
Error,2025-03-11 11:04:37 PM,Universal Print,1,None,"The description for Event ID 1 from source Universal Print cannot be found. Either the component that raises this event is not installed on your local computer or the installation is corrupted. You can install or repair the component on the local computer.

If the event originated on another computer, the display information had to be saved with the event.

The following information was included with the event: 

Failed to get auth header with 0x8086000c
mcpmanagementservice.dll

The locale specific resource for the desired message is not present
"
Error,2025-03-11 11:04:37 PM,Universal Print,1,None,"The description for Event ID 1 from source Universal Print cannot be found. Either the component that raises this event is not installed on your local computer or the installation is corrupted. You can install or repair the component on the local computer.

If the event originated on another computer, the display information had to be saved with the event.

The following information was included with the event: 

User Interaction Required while trying to get a token silently. ErrorCode: 0xcaa10001, Error: Need user interaction to continue.
mcpmanagementservice.dll

The locale specific resource for the desired message is not present
"
Information,2025-03-11 11:04:37 PM,Universal Print,1,None,"The description for Event ID 1 from source Universal Print cannot be found. Either the component that raises this event is not installed on your local computer or the installation is corrupted. You can install or repair the component on the local computer.

If the event originated on another computer, the display information had to be saved with the event.

The following information was included with the event: 

Device is Workplace Joined.
mcpmanagementservice.dll

The locale specific resource for the desired message is not present
"
Error,2025-03-11 11:04:33 PM,Universal Print,1,None,"The description for Event ID 1 from source Universal Print cannot be found. Either the component that raises this event is not installed on your local computer or the installation is corrupted. You can install or repair the component on the local computer.

If the event originated on another computer, the display information had to be saved with the event.

The following information was included with the event: 

Failed to get auth header with 0x8086000c
mcpmanagementservice.dll

The locale specific resource for the desired message is not present
"
Error,2025-03-11 11:04:33 PM,Universal Print,1,None,"The description for Event ID 1 from source Universal Print cannot be found. Either the component that raises this event is not installed on your local computer or the installation is corrupted. You can install or repair the component on the local computer.

If the event originated on another computer, the display information had to be saved with the event.

The following information was included with the event: 

User Interaction Required while trying to get a token silently. ErrorCode: 0xcaa10001, Error: Need user interaction to continue.
mcpmanagementservice.dll

The locale specific resource for the desired message is not present
"
Information,2025-03-11 11:04:33 PM,Universal Print,1,None,"The description for Event ID 1 from source Universal Print cannot be found. Either the component that raises this event is not installed on your local computer or the installation is corrupted. You can install or repair the component on the local computer.

If the event originated on another computer, the display information had to be saved with the event.

The following information was included with the event: 

Device is Workplace Joined.
mcpmanagementservice.dll

The locale specific resource for the desired message is not present
"
Error,2025-03-11 11:04:31 PM,Universal Print,1,None,"The description for Event ID 1 from source Universal Print cannot be found. Either the component that raises this event is not installed on your local computer or the installation is corrupted. You can install or repair the component on the local computer.

If the event originated on another computer, the display information had to be saved with the event.

The following information was included with the event: 

Failed to get auth header with 0x8086000c
mcpmanagementservice.dll

The locale specific resource for the desired message is not present
"
Error,2025-03-11 11:04:31 PM,Universal Print,1,None,"The description for Event ID 1 from source Universal Print cannot be found. Either the component that raises this event is not installed on your local computer or the installation is corrupted. You can install or repair the component on the local computer.

If the event originated on another computer, the display information had to be saved with the event.

The following information was included with the event: 

User Interaction Required while trying to get a token silently. ErrorCode: 0xcaa10001, Error: Need user interaction to continue.
mcpmanagementservice.dll

The locale specific resource for the desired message is not present
"
Information,2025-03-11 11:04:31 PM,Universal Print,1,None,"The description for Event ID 1 from source Universal Print cannot be found. Either the component that raises this event is not installed on your local computer or the installation is corrupted. You can install or repair the component on the local computer.

If the event originated on another computer, the display information had to be saved with the event.

The following information was included with the event: 

Device is Workplace Joined.
mcpmanagementservice.dll

The locale specific resource for the desired message is not present
"
Error,2025-03-11 11:04:30 PM,Universal Print,1,None,"The description for Event ID 1 from source Universal Print cannot be found. Either the component that raises this event is not installed on your local computer or the installation is corrupted. You can install or repair the component on the local computer.

If the event originated on another computer, the display information had to be saved with the event.

The following information was included with the event: 

Failed to get auth header with 0x8086000c
mcpmanagementservice.dll

The locale specific resource for the desired message is not present
"
Error,2025-03-11 11:04:30 PM,Universal Print,1,None,"The description for Event ID 1 from source Universal Print cannot be found. Either the component that raises this event is not installed on your local computer or the installation is corrupted. You can install or repair the component on the local computer.

If the event originated on another computer, the display information had to be saved with the event.

The following information was included with the event: 

User Interaction Required while trying to get a token silently. ErrorCode: 0xcaa10001, Error: Need user interaction to continue.
mcpmanagementservice.dll

The locale specific resource for the desired message is not present
"
Information,2025-03-11 11:04:29 PM,Universal Print,1,None,"The description for Event ID 1 from source Universal Print cannot be found. Either the component that raises this event is not installed on your local computer or the installation is corrupted. You can install or repair the component on the local computer.

If the event originated on another computer, the display information had to be saved with the event.

The following information was included with the event: 

Device is Workplace Joined.
mcpmanagementservice.dll

The locale specific resource for the desired message is not present
"
Information,2025-03-11 11:03:20 PM,Microsoft-Windows-Security-SPP,16384,None,Successfully scheduled Software Protection service for re-start at 2125-02-16T03:03:20Z. Reason: RulesEngine.
Information,2025-03-11 11:02:50 PM,Microsoft-Windows-Security-SPP,1003,None,"The Software Protection service has completed licensing status check.
Application Id=0ff1ce15-a989-479d-af46-f275c6370663
Licensing Status=
1: 3ad61e22-e4fe-497f-bdb1-3e51bd872173, 1, 1 [(0 )(1 )(2 )(3 [0x00000000, 0, 0], [( 6 0xC004F009 5 0)( 1 0x00000000)( 6 0xC004F009 5 0)(?)(?)(?)( 10 0x00000000 msft:rm/algorithm/flags/1.0)( 11 0x00000000 0xC004F009)])]

"
Information,2025-03-11 11:02:50 PM,Microsoft-Windows-Security-SPP,1003,None,"The Software Protection service has completed licensing status check.
Application Id=0ff1ce15-a989-479d-af46-f275c6370663
Licensing Status=
1: 3ad61e22-e4fe-497f-bdb1-3e51bd872173, 1, 1 [(0 )(1 )(2 )(3 [0x00000000, 0, 0], [( 6 0xC004F009 5 0)( 1 0x00000000)( 6 0xC004F009 5 0)(?)(?)(?)( 10 0x00000000 msft:rm/algorithm/flags/1.0)( 11 0x00000000 0xC004F009)])]

"
Information,2025-03-11 11:02:49 PM,Microsoft-Windows-Security-SPP,1003,None,"The Software Protection service has completed licensing status check.
Application Id=0ff1ce15-a989-479d-af46-f275c6370663
Licensing Status=
1: 1304794c-df2d-4b83-925c-e9a3ecdd52f1, 1, 1 [(0 )(1 )(2 )(3 [0x00000000, 0, 0], [( 6 0xC004F009 5 0)( 1 0x00000000)( 6 0xC004F009 5 0)(?)(?)(?)( 10 0x00000000 msft:rm/algorithm/flags/1.0)( 11 0x00000000 0xC004F009)])]

"
Information,2025-03-11 11:02:49 PM,Microsoft-Windows-Security-SPP,1003,None,"The Software Protection service has completed licensing status check.
Application Id=0ff1ce15-a989-479d-af46-f275c6370663
Licensing Status=
1: 814014d3-c30b-4f63-a493-3708e0dc0ba8, 1, 1 [(0 [0x00000000, 1, 0], [(?)( 1 0x00000000)(?)( 2 0x00000000 3 0 msft:rm/algorithm/hwid/4.0 0x00000000 0)(?)(?)(?)(?)])(1 )(2 )(3 )]

"
Information,2025-03-11 11:02:49 PM,Microsoft-Windows-Security-SPP,1003,None,"The Software Protection service has completed licensing status check.
Application Id=0ff1ce15-a989-479d-af46-f275c6370663
Licensing Status=
1: 436366de-5579-4f24-96db-3893e4400030, 1, 1 [(0 )(1 )(2 )(3 [0x00000000, 1, 0], [(?)( 1 0x00000000)(?)(?)(?)(?)( 10 0x00000000 msft:rm/algorithm/flags/1.0)(?)])]

"
Information,2025-03-11 11:02:49 PM,Microsoft-Windows-Security-SPP,1003,None,"The Software Protection service has completed licensing status check.
Application Id=0ff1ce15-a989-479d-af46-f275c6370663
Licensing Status=
1: 1304794c-df2d-4b83-925c-e9a3ecdd52f1, 1, 1 [(0 )(1 )(2 )(3 [0x00000000, 0, 0], [( 6 0xC004F009 5 0)( 1 0x00000000)( 6 0xC004F009 5 0)(?)(?)(?)( 10 0x00000000 msft:rm/algorithm/flags/1.0)( 11 0x00000000 0xC004F009)])]
2: 149dbce7-a48e-44db-8364-a53386cd4580, 1, 0 [(0 [0xC004F014, 0, 0], [(?)(?)(?)(?)(?)(?)(?)(?)])(1 )(2 )(3 )]
3: 198880e8-cbfa-4b7a-ba37-f7c723a7cf6f, 1, 0 [(0 [0xC004F014, 0, 0], [(?)(?)(?)(?)(?)(?)(?)(?)])(1 )(2 )(3 )]
4: 24fc428e-a37e-4996-ac66-8ea0304a152d, 1, 0 [(0 [0xC004F014, 0, 0], [(?)(?)(?)(?)(?)(?)(?)(?)])(1 )(2 )(3 )]
5: 26b6a7ce-b174-40aa-a114-316aa56ba9fc, 1, 0 [(0 [0xC004F014, 0, 0], [(?)(?)(?)(?)(?)(?)(?)(?)])(1 )(2 )(3 )]
6: 28f64a3f-cf84-46da-b1e8-2dfa7750e491, 1, 0 [(0 [0xC004F014, 0, 0], [(?)(?)(?)(?)(?)(?)(?)(?)])(1 )(2 )(3 )]
7: 35ec6e0e-2df4-4629-9ee3-d525e806b988, 1, 0 [(0 [0xC004F014, 0, 0], [(?)(?)(?)(?)(?)(?)(?)(?)])(1 )(2 )(3 )]
8: 3ad61e22-e4fe-497f-bdb1-3e51bd872173, 1, 1 [(0 )(1 )(2 )(3 [0x00000000, 0, 0], [( 6 0xC004F009 5 0)( 1 0x00000000)( 6 0xC004F009 5 0)(?)(?)(?)( 10 0x00000000 msft:rm/algorithm/flags/1.0)( 11 0x00000000 0xC004F009)])]
9: 3d045165-8f8a-4cdd-b906-3db22ee454d9, 1, 0 [(0 [0xC004F014, 0, 0], [(?)(?)(?)(?)(?)(?)(?)(?)])(1 )(2 )(3 )]
10: 436366de-5579-4f24-96db-3893e4400030, 1, 1 [(0 )(1 )(2 )(3 [0x00000000, 1, 0], [(?)( 1 0x00000000)(?)(?)(?)(?)( 10 0x00000000 msft:rm/algorithm/flags/1.0)(?)])]
11: 46d2c0bd-f912-4ddc-8e67-b90eadc3f83c, 1, 0 [(0 [0xC004F014, 0, 0], [(?)(?)(?)(?)(?)(?)(?)(?)])(1 )(2 )(3 )]
12: 4c1d1588-3088-4796-b3b2-8935f3a0d886, 1, 0 [(0 [0xC004F014, 0, 0], [(?)(?)(?)(?)(?)(?)(?)(?)])(1 )(2 )(3 )]
13: 52287aa3-9945-44d1-9046-7a3373666821, 1, 0 [(0 [0xC004F014, 0, 0], [(?)(?)(?)(?)(?)(?)(?)(?)])(1 )(2 )(3 )]
14: 537ea5b5-7d50-4876-bd38-a53a77caca32, 1, 0 [(0 [0xC004F014, 0, 0], [(?)(?)(?)(?)(?)(?)(?)(?)])(1 )(2 )(3 )]
15: 690d2cb5-0d8c-46b5-9ef4-4833db737dd3, 1, 0 [(0 [0xC004F014, 0, 0], [(?)(?)(?)(?)(?)(?)(?)(?)])(1 )(2 )(3 )]
16: 6e5db8a5-78e6-4953-b793-7422351afe88, 1, 0 [(0 [0xC004F014, 0, 0], [(?)(?)(?)(?)(?)(?)(?)(?)])(1 )(2 )(3 )]
17: 77f47589-2212-4e3b-ad27-a900ce813837, 1, 0 [(0 [0xC004F014, 0, 0], [(?)(?)(?)(?)(?)(?)(?)(?)])(1 )(2 )(3 )]
18: 7984d9ed-81f9-4d50-913d-317ecd863065, 1, 0 [(0 [0xC004F014, 0, 0], [(?)(?)(?)(?)(?)(?)(?)(?)])(1 )(2 )(3 )]
19: 7ab38a1c-a803-4ca5-8ebb-f8786c4b4faa, 1, 0 [(0 [0xC004F014, 0, 0], [(?)(?)(?)(?)(?)(?)(?)(?)])(1 )(2 )(3 )]
20: 814014d3-c30b-4f63-a493-3708e0dc0ba8, 1, 1 [(0 [0x00000000, 1, 0], [(?)( 1 0x00000000)(?)( 2 0x00000000 3 0 msft:rm/algorithm/hwid/4.0 0x00000000 0)(?)(?)(?)(?)])(1 )(2 )(3 )]
21: 86af9220-9d6f-4575-bef0-619a9a6aa005, 1, 0 [(0 [0xC004F014, 0, 0], [(?)(?)(?)(?)(?)(?)(?)(?)])(1 )(2 )(3 )]
22: 951c0fe6-40a8-4400-8003-eec0686ffbc4, 1, 0 [(0 [0xC004F014, 0, 0], [(?)(?)(?)(?)(?)(?)(?)(?)])(1 )(2 )(3 )]
23: 95820f84-6e8c-4d22-b2ce-54953e9911bc, 1, 0 [(0 [0xC004F014, 0, 0], [(?)(?)(?)(?)(?)(?)(?)(?)])(1 )(2 )(3 )]
24: 96353198-443e-479d-9e80-9a6d72fd1a99, 1, 0 [(0 [0xC004F014, 0, 0], [(?)(?)(?)(?)(?)(?)(?)(?)])(1 )(2 )(3 )]
25: a8119e32-b17c-4bd3-8950-7d1853f4b412, 1, 0 [(0 [0xC004F014, 0, 0], [(?)(?)(?)(?)(?)(?)(?)(?)])(1 )(2 )(3 )]
26: a96f8dae-da54-4fad-bdc6-108da592707a, 1, 0 [(0 [0xC004F014, 0, 0], [(?)(?)(?)(?)(?)(?)(?)(?)])(1 )(2 )(3 )]
27: ae9d158f-9450-4a0c-8c80-dd973c58357c, 1, 0 [(0 [0xC004F014, 0, 0], [(?)(?)(?)(?)(?)(?)(?)(?)])(1 )(2 )(3 )]
28: b27b3d00-9a95-4fcd-a0c2-118cbd5e699b, 1, 0 [(0 [0xC004F014, 0, 0], [(?)(?)(?)(?)(?)(?)(?)(?)])(1 )(2 )(3 )]
29: b4af11be-5f94-4d8f-9844-ce0d5e0d8680, 1, 0 [(0 [0xC004F014, 0, 0], [(?)(?)(?)(?)(?)(?)(?)(?)])(1 )(2 )(3 )]
30: b58a5943-16ea-420f-a611-7b230acd762c, 1, 0 [(0 [0xC004F014, 0, 0], [(?)(?)(?)(?)(?)(?)(?)(?)])(1 )(2 )(3 )]
31: b6b47040-b38e-4be2-bf6a-dabf0c41540a, 1, 0 [(0 [0xC004F014, 0, 0], [(?)(?)(?)(?)(?)(?)(?)(?)])(1 )(2 )(3 )]
32: c85fe025-b033-4f41-936b-b121521ba1c1, 1, 0 [(0 [0xC004F014, 0, 0], [(?)(?)(?)(?)(?)(?)(?)(?)])(1 )(2 )(3 )]
33: c9a6b302-fbeb-4bfc-8e0d-7b0f608aa6dc, 1, 0 [(0 [0xC004F014, 0, 0], [(?)(?)(?)(?)(?)(?)(?)(?)])(1 )(2 )(3 )]
34: cbecb6f5-da49-4029-be25-5945ac9750b3, 1, 0 [(0 [0xC004F014, 0, 0], [(?)(?)(?)(?)(?)(?)(?)(?)])(1 )(2 )(3 )]
35: d7279dd0-e175-49fe-a623-8fc2fc00afc4, 1, 0 [(0 [0xC004F014, 0, 0], [(?)(?)(?)(?)(?)(?)(?)(?)])(1 )(2 )(3 )]
36: dfc5a8b0-e9fd-43f7-b4ca-d63f1e749711, 1, 0 [(0 [0xC004F014, 0, 0], [(?)(?)(?)(?)(?)(?)(?)(?)])(1 )(2 )(3 )]
37: e3dacc06-3bc2-4e13-8e59-8e05f3232325, 1, 0 [(0 [0xC004F014, 0, 0], [(?)(?)(?)(?)(?)(?)(?)(?)])(1 )(2 )(3 )]
38: e538d623-c066-433d-a6b7-e0708b1fadf7, 1, 0 [(0 [0xC004F014, 0, 0], [(?)(?)(?)(?)(?)(?)(?)(?)])(1 )(2 )(3 )]
39: fb3540bc-a824-4c79-83da-6f6bd3ac6ccb, 1, 0 [(0 [0xC004F014, 0, 0], [(?)(?)(?)(?)(?)(?)(?)(?)])(1 )(2 )(3 )]
40: ff02e86c-fef0-4063-b39f-74275cddd7c3, 1, 0 [(0 [0xC004F014, 0, 0], [(?)(?)(?)(?)(?)(?)(?)(?)])(1 )(2 )(3 )]

"
Information,2025-03-11 11:02:49 PM,Microsoft-Windows-Security-SPP,16394,None,Offline downlevel migration succeeded.
Information,2025-03-11 10:38:39 PM,Windows Error Reporting,1001,None,"Fault bucket 1821362633896440357, type 5
Event Name: CbsPackageServicingFailure2
Response: Not available
Cab Id: 0

Problem signature:
P1: 10.0.22621.4890
P2: Microsoft-Hyper-V-Offline-Core-Group-Package
P3: 10.0.22621.2283
P4: amd64
P5: unknown
P6: 80073701
P7: Execute
P8: Superseded
P9: Absent
P10: Arbiter

Attached files:
\\?\C:\ProgramData\Microsoft\Windows\WER\Temp\WER.70ae35b1-85fb-442b-9731-3b43359f9652.tmp.WERInternalMetadata.xml

These files may be available here:
\\?\C:\ProgramData\Microsoft\Windows\WER\ReportArchive\Critical_10.0.22621.4890_f4d99d4683fccab9848a21f45d3a39069274ec6_00000000_0da67ea0-b59e-4a08-8576-769d527ded31

Analysis symbol: 
Rechecking for solution: 0
Report Id: 0da67ea0-b59e-4a08-8576-769d527ded31
Report Status: 268435456
Hashed bucket: cedd99d06969c114f946c7aa60913225
Cab Guid: 0"
Information,2025-03-11 10:38:38 PM,Windows Error Reporting,1001,None,"Fault bucket , type 0
Event Name: BEX64
Response: Not available
Cab Id: 0

Problem signature:
P1: UIHost.exe
P2: 4.1.1.859
P3: 65957eb8
P4: DSREG.DLL_unloaded
P5: 10.0.22621.2506
P6: 37b00de2
P7: 0000000000051bb0
P8: c0000005
P9: 0000000000000008
P10: 

Attached files:
\\?\C:\ProgramData\Microsoft\Windows\WER\Temp\WER.eb7718ad-9650-456f-b6f2-329b37eab7b9.tmp.WERInternalMetadata.xml

These files may be available here:
\\?\C:\ProgramData\Microsoft\Windows\WER\ReportQueue\AppCrash_UIHost.exe_fdd4c8933634103ca78abb63f0d82e7404cb8_117cc9cf_a38828fd-afae-48a5-95de-c1c76d440ca1

Analysis symbol: 
Rechecking for solution: 0
Report Id: bd869966-7a14-4fdb-9c8c-304fac965626
Report Status: 102
Hashed bucket: 
Cab Guid: 0"
Information,2025-03-11 10:38:36 PM,Windows Error Reporting,1001,None,"Fault bucket , type 0
Event Name: BEX64
Response: Not available
Cab Id: 0

Problem signature:
P1: UIHost.exe
P2: 4.1.1.859
P3: 65957eb8
P4: DSREG.DLL_unloaded
P5: 10.0.22621.2506
P6: 37b00de2
P7: 0000000000051bb0
P8: c0000005
P9: 0000000000000008
P10: 

Attached files:
\\?\C:\ProgramData\Microsoft\Windows\WER\Temp\WER.1af719c8-f04d-4002-ac4c-d994c6f20877.tmp.WERInternalMetadata.xml

These files may be available here:
\\?\C:\ProgramData\Microsoft\Windows\WER\ReportQueue\AppCrash_UIHost.exe_fdd4c8933634103ca78abb63f0d82e7404cb8_117cc9cf_83357bd3-21d1-40c1-8f1b-d6a9d59bc0a7

Analysis symbol: 
Rechecking for solution: 0
Report Id: b23993f1-7723-4d90-84b7-99b436b602a7
Report Status: 102
Hashed bucket: 
Cab Guid: 0"
Information,2025-03-11 10:38:35 PM,Windows Error Reporting,1001,None,"Fault bucket , type 0
Event Name: BEX64
Response: Not available
Cab Id: 0

Problem signature:
P1: UIHost.exe
P2: 4.1.1.859
P3: 65957eb8
P4: DSREG.DLL_unloaded
P5: 10.0.22621.2506
P6: 37b00de2
P7: 0000000000051bb0
P8: c0000005
P9: 0000000000000008
P10: 

Attached files:
\\?\C:\ProgramData\Microsoft\Windows\WER\Temp\WER.22fb6e56-8f57-44d6-a0ce-63f59d98de0a.tmp.WERInternalMetadata.xml

These files may be available here:
\\?\C:\ProgramData\Microsoft\Windows\WER\ReportQueue\AppCrash_UIHost.exe_fdd4c8933634103ca78abb63f0d82e7404cb8_117cc9cf_a5d23ab5-3bb5-4b70-a968-5e890ca985e3

Analysis symbol: 
Rechecking for solution: 0
Report Id: d9713ea4-479a-4b1e-b054-80d304e32c6b
Report Status: 102
Hashed bucket: 
Cab Guid: 0"
Information,2025-03-11 10:38:35 PM,Windows Error Reporting,1001,None,"Fault bucket , type 0
Event Name: BEX64
Response: Not available
Cab Id: 0

Problem signature:
P1: UIHost.exe
P2: 4.1.1.859
P3: 65957eb8
P4: DSREG.DLL_unloaded
P5: 10.0.22621.2506
P6: 37b00de2
P7: 0000000000051bb0
P8: c0000005
P9: 0000000000000008
P10: 

Attached files:
\\?\C:\ProgramData\Microsoft\Windows\WER\Temp\WER.9721212c-99af-45e6-ad3b-8779adcda01c.tmp.WERInternalMetadata.xml

These files may be available here:
\\?\C:\ProgramData\Microsoft\Windows\WER\ReportQueue\AppCrash_UIHost.exe_fdd4c8933634103ca78abb63f0d82e7404cb8_117cc9cf_7c311572-148d-40b2-8609-ef0cbfc0affa

Analysis symbol: 
Rechecking for solution: 0
Report Id: 073c8542-010f-4f69-82c8-c58822dc1130
Report Status: 102
Hashed bucket: 
Cab Guid: 0"
Information,2025-03-11 10:38:35 PM,Windows Error Reporting,1001,None,"Fault bucket , type 0
Event Name: BEX64
Response: Not available
Cab Id: 0

Problem signature:
P1: UIHost.exe
P2: 4.1.1.859
P3: 65957eb8
P4: DSREG.DLL_unloaded
P5: 10.0.22621.2506
P6: 37b00de2
P7: 0000000000051bb0
P8: c0000005
P9: 0000000000000008
P10: 

Attached files:
\\?\C:\ProgramData\Microsoft\Windows\WER\Temp\WER.097bb8d9-c05a-435a-884a-22a5844bb8f8.tmp.WERInternalMetadata.xml

These files may be available here:
\\?\C:\ProgramData\Microsoft\Windows\WER\ReportQueue\AppCrash_UIHost.exe_fdd4c8933634103ca78abb63f0d82e7404cb8_117cc9cf_4feb5ef7-8b87-4d6e-8be1-0beda29afc8e

Analysis symbol: 
Rechecking for solution: 0
Report Id: 4f312e1d-3461-4bd5-af35-21d9a5baf9c5
Report Status: 102
Hashed bucket: 
Cab Guid: 0"
