Level,Date and Time,Source,Event ID,Task Category
Error,2025-03-15 11:17:52 AM,Universal Print,1,None,"The description for Event ID 1 from source Universal Print cannot be found. Either the component that raises this event is not installed on your local computer or the installation is corrupted. You can install or repair the component on the local computer.

If the event originated on another computer, the display information had to be saved with the event.

The following information was included with the event: 

Failed to get auth header with 0x8086000c
mcpmanagementservice.dll

The locale specific resource for the desired message is not present
"
Error,2025-03-15 11:17:52 AM,Universal Print,1,None,"The description for Event ID 1 from source Universal Print cannot be found. Either the component that raises this event is not installed on your local computer or the installation is corrupted. You can install or repair the component on the local computer.

If the event originated on another computer, the display information had to be saved with the event.

The following information was included with the event: 

User Interaction Required while trying to get a token silently. ErrorCode: 0xcaa10001, Error: Need user interaction to continue.
mcpmanagementservice.dll

The locale specific resource for the desired message is not present
"
Information,2025-03-15 11:17:52 AM,Universal Print,1,None,"The description for Event ID 1 from source Universal Print cannot be found. Either the component that raises this event is not installed on your local computer or the installation is corrupted. You can install or repair the component on the local computer.

If the event originated on another computer, the display information had to be saved with the event.

The following information was included with the event: 

Device is Workplace Joined.
mcpmanagementservice.dll

The locale specific resource for the desired message is not present
"
Error,2025-03-15 11:17:50 AM,Universal Print,1,None,"The description for Event ID 1 from source Universal Print cannot be found. Either the component that raises this event is not installed on your local computer or the installation is corrupted. You can install or repair the component on the local computer.

If the event originated on another computer, the display information had to be saved with the event.

The following information was included with the event: 

Failed to get auth header with 0x8086000c
mcpmanagementservice.dll

The locale specific resource for the desired message is not present
"
Error,2025-03-15 11:17:50 AM,Universal Print,1,None,"The description for Event ID 1 from source Universal Print cannot be found. Either the component that raises this event is not installed on your local computer or the installation is corrupted. You can install or repair the component on the local computer.

If the event originated on another computer, the display information had to be saved with the event.

The following information was included with the event: 

User Interaction Required while trying to get a token silently. ErrorCode: 0xcaa10001, Error: Need user interaction to continue.
mcpmanagementservice.dll

The locale specific resource for the desired message is not present
"
Information,2025-03-15 11:17:50 AM,Universal Print,1,None,"The description for Event ID 1 from source Universal Print cannot be found. Either the component that raises this event is not installed on your local computer or the installation is corrupted. You can install or repair the component on the local computer.

If the event originated on another computer, the display information had to be saved with the event.

The following information was included with the event: 

Device is Workplace Joined.
mcpmanagementservice.dll

The locale specific resource for the desired message is not present
"
Error,2025-03-15 11:17:49 AM,Universal Print,1,None,"The description for Event ID 1 from source Universal Print cannot be found. Either the component that raises this event is not installed on your local computer or the installation is corrupted. You can install or repair the component on the local computer.

If the event originated on another computer, the display information had to be saved with the event.

The following information was included with the event: 

Failed to get auth header with 0x8086000c
mcpmanagementservice.dll

The locale specific resource for the desired message is not present
"
Error,2025-03-15 11:17:49 AM,Universal Print,1,None,"The description for Event ID 1 from source Universal Print cannot be found. Either the component that raises this event is not installed on your local computer or the installation is corrupted. You can install or repair the component on the local computer.

If the event originated on another computer, the display information had to be saved with the event.

The following information was included with the event: 

User Interaction Required while trying to get a token silently. ErrorCode: 0xcaa10001, Error: Need user interaction to continue.
mcpmanagementservice.dll

The locale specific resource for the desired message is not present
"
Information,2025-03-15 11:17:48 AM,Universal Print,1,None,"The description for Event ID 1 from source Universal Print cannot be found. Either the component that raises this event is not installed on your local computer or the installation is corrupted. You can install or repair the component on the local computer.

If the event originated on another computer, the display information had to be saved with the event.

The following information was included with the event: 

Device is Workplace Joined.
mcpmanagementservice.dll

The locale specific resource for the desired message is not present
"
Information,2025-03-15 11:08:57 AM,DellTechHub,0,None,PowerEvent handled successfully by the service.
Information,2025-03-15 11:08:57 AM,igcc,0,None,PowerEvent handled successfully by the service.
Information,2025-03-15 11:08:57 AM,Dell SupportAssist Remediation,0,None,PowerEvent handled successfully by the service.
Information,2025-03-15 11:08:57 AM,FusionService,0,None,PowerEvent handled successfully by the service.
Information,2025-03-15 11:06:33 AM,Microsoft-Windows-RestartManager,10005,None,Machine restart is required.
Warning,2025-03-15 11:06:32 AM,Microsoft-Windows-RestartManager,10010,None,Application 'C:\Program Files\Microsoft Office\root\Office16\VISIO.EXE' (pid 21572) cannot be restarted - Application SID does not match Conductor SID..
Warning,2025-03-15 11:06:32 AM,Microsoft-Windows-RestartManager,10010,None,Application 'C:\Program Files\Microsoft Office\root\vfs\ProgramFilesCommonX64\Microsoft Shared\OFFICE16\opushutil.exe' (pid 13316) cannot be restarted - Application SID does not match Conductor SID..
Warning,2025-03-15 11:06:32 AM,Microsoft-Windows-RestartManager,10010,None,Application 'C:\Program Files\Microsoft Office\root\Office16\WINWORD.EXE' (pid 27308) cannot be restarted - Application SID does not match Conductor SID..
Warning,2025-03-15 11:06:32 AM,Microsoft-Windows-RestartManager,10010,None,Application 'C:\Program Files\Microsoft Office\root\Office16\POWERPNT.EXE' (pid 2928) cannot be restarted - Application SID does not match Conductor SID..
Warning,2025-03-15 11:06:32 AM,Microsoft-Windows-RestartManager,10010,None,Application 'C:\Program Files\Microsoft Office\root\vfs\ProgramFilesCommonX64\Microsoft Shared\OFFICE16\AI\ai.exe' (pid 35856) cannot be restarted - Application SID does not match Conductor SID..
Warning,2025-03-15 11:06:32 AM,Microsoft-Windows-RestartManager,10010,None,Application 'C:\Program Files\Microsoft Office\root\vfs\ProgramFilesCommonX64\Microsoft Shared\OFFICE16\AI\ai.exe' (pid 39344) cannot be restarted - Application SID does not match Conductor SID..
Warning,2025-03-15 11:06:32 AM,Microsoft-Windows-RestartManager,10010,None,Application 'C:\Program Files\Microsoft Office\root\vfs\ProgramFilesCommonX64\Microsoft Shared\OFFICE16\AI\ai.exe' (pid 19360) cannot be restarted - Application SID does not match Conductor SID..
Information,2025-03-15 11:06:32 AM,Microsoft-Windows-RestartManager,10000,None,Starting session 0 - ‎2025‎-‎03‎-‎15T15:06:32.027945500Z.
Information,2025-03-15 11:06:28 AM,Microsoft-Windows-RestartManager,10000,None,Starting session 1 - ‎2025‎-‎03‎-‎15T15:06:28.625255800Z.
Information,2025-03-15 9:43:45 AM,Microsoft-Windows-Security-SPP,16384,None,Successfully scheduled Software Protection service for re-start at 2125-02-19T13:43:45Z. Reason: RulesEngine.
Information,2025-03-15 9:43:29 AM,VSS,8224,None,The VSS service is shutting down due to idle timeout. 
Information,2025-03-15 9:43:14 AM,Microsoft-Windows-Security-SPP,16394,None,Offline downlevel migration succeeded.
Information,2025-03-15 9:42:37 AM,Microsoft-Windows-Security-SPP,16384,None,Successfully scheduled Software Protection service for re-start at 2125-02-19T13:42:37Z. Reason: RulesEngine.
Information,2025-03-15 9:42:07 AM,Microsoft-Windows-Security-SPP,16394,None,Offline downlevel migration succeeded.
Information,2025-03-15 9:39:05 AM,Windows Error Reporting,1001,None,"Fault bucket 1491826598999275900, type 5
Event Name: StoreAgentInstallFailure1
Response: Not available
Cab Id: 0

Problem signature:
P1: Update;ScanForUpdatesForUser
P2: 80073d02
P3: 22631
P4: 4890
P5: Windows.Desktop
P6: V
P7: 
P8: 
P9: 
P10: 

Attached files:
\\?\C:\ProgramData\Microsoft\Windows\WER\Temp\WER.d77db4c9-249b-4ed4-a04b-330d879e4196.tmp.WERInternalMetadata.xml

These files may be available here:
\\?\C:\ProgramData\Microsoft\Windows\WER\ReportArchive\NonCritical_Update;ScanForUp_ef60e7e4e6114473cf77865f52edff32c01fe733_00000000_8c57e96e-a6e8-49c1-9358-1fbd7147311f

Analysis symbol: 
Rechecking for solution: 0
Report Id: 8c57e96e-a6e8-49c1-9358-1fbd7147311f
Report Status: 268435456
Hashed bucket: 1e9c03d7ba8cb1bc14b4086343d4b97c
Cab Guid: 0"
Information,2025-03-15 9:39:03 AM,Windows Error Reporting,1001,None,"Fault bucket , type 0
Event Name: BEX64
Response: Not available
Cab Id: 0

Problem signature:
P1: UIHost.exe
P2: 4.1.1.859
P3: 65957eb8
P4: DSREG.DLL_unloaded
P5: 10.0.22621.2506
P6: 37b00de2
P7: 0000000000051bb0
P8: c0000005
P9: 0000000000000008
P10: 

Attached files:
\\?\C:\ProgramData\Microsoft\Windows\WER\Temp\WER.eb7718ad-9650-456f-b6f2-329b37eab7b9.tmp.WERInternalMetadata.xml

These files may be available here:
\\?\C:\ProgramData\Microsoft\Windows\WER\ReportQueue\AppCrash_UIHost.exe_fdd4c8933634103ca78abb63f0d82e7404cb8_117cc9cf_a38828fd-afae-48a5-95de-c1c76d440ca1

Analysis symbol: 
Rechecking for solution: 0
Report Id: bd869966-7a14-4fdb-9c8c-304fac965626
Report Status: 102
Hashed bucket: 
Cab Guid: 0"
Information,2025-03-15 9:39:02 AM,Windows Error Reporting,1001,None,"Fault bucket , type 0
Event Name: BEX64
Response: Not available
Cab Id: 0

Problem signature:
P1: UIHost.exe
P2: 4.1.1.859
P3: 65957eb8
P4: DSREG.DLL_unloaded
P5: 10.0.22621.2506
P6: 37b00de2
P7: 0000000000051bb0
P8: c0000005
P9: 0000000000000008
P10: 

Attached files:
\\?\C:\ProgramData\Microsoft\Windows\WER\Temp\WER.1af719c8-f04d-4002-ac4c-d994c6f20877.tmp.WERInternalMetadata.xml

These files may be available here:
\\?\C:\ProgramData\Microsoft\Windows\WER\ReportQueue\AppCrash_UIHost.exe_fdd4c8933634103ca78abb63f0d82e7404cb8_117cc9cf_83357bd3-21d1-40c1-8f1b-d6a9d59bc0a7

Analysis symbol: 
Rechecking for solution: 0
Report Id: b23993f1-7723-4d90-84b7-99b436b602a7
Report Status: 102
Hashed bucket: 
Cab Guid: 0"
Information,2025-03-15 9:39:01 AM,Windows Error Reporting,1001,None,"Fault bucket , type 0
Event Name: BEX64
Response: Not available
Cab Id: 0

Problem signature:
P1: UIHost.exe
P2: 4.1.1.859
P3: 65957eb8
P4: DSREG.DLL_unloaded
P5: 10.0.22621.2506
P6: 37b00de2
P7: 0000000000051bb0
P8: c0000005
P9: 0000000000000008
P10: 

Attached files:
\\?\C:\ProgramData\Microsoft\Windows\WER\Temp\WER.22fb6e56-8f57-44d6-a0ce-63f59d98de0a.tmp.WERInternalMetadata.xml

These files may be available here:
\\?\C:\ProgramData\Microsoft\Windows\WER\ReportQueue\AppCrash_UIHost.exe_fdd4c8933634103ca78abb63f0d82e7404cb8_117cc9cf_a5d23ab5-3bb5-4b70-a968-5e890ca985e3

Analysis symbol: 
Rechecking for solution: 0
Report Id: d9713ea4-479a-4b1e-b054-80d304e32c6b
Report Status: 102
Hashed bucket: 
Cab Guid: 0"
Information,2025-03-15 9:39:00 AM,Windows Error Reporting,1001,None,"Fault bucket , type 0
Event Name: BEX64
Response: Not available
Cab Id: 0

Problem signature:
P1: UIHost.exe
P2: 4.1.1.859
P3: 65957eb8
P4: DSREG.DLL_unloaded
P5: 10.0.22621.2506
P6: 37b00de2
P7: 0000000000051bb0
P8: c0000005
P9: 0000000000000008
P10: 

Attached files:
\\?\C:\ProgramData\Microsoft\Windows\WER\Temp\WER.9721212c-99af-45e6-ad3b-8779adcda01c.tmp.WERInternalMetadata.xml

These files may be available here:
\\?\C:\ProgramData\Microsoft\Windows\WER\ReportQueue\AppCrash_UIHost.exe_fdd4c8933634103ca78abb63f0d82e7404cb8_117cc9cf_7c311572-148d-40b2-8609-ef0cbfc0affa

Analysis symbol: 
Rechecking for solution: 0
Report Id: 073c8542-010f-4f69-82c8-c58822dc1130
Report Status: 102
Hashed bucket: 
Cab Guid: 0"
Information,2025-03-15 9:39:00 AM,Windows Error Reporting,1001,None,"Fault bucket , type 0
Event Name: BEX64
Response: Not available
Cab Id: 0

Problem signature:
P1: UIHost.exe
P2: 4.1.1.859
P3: 65957eb8
P4: DSREG.DLL_unloaded
P5: 10.0.22621.2506
P6: 37b00de2
P7: 0000000000051bb0
P8: c0000005
P9: 0000000000000008
P10: 

Attached files:
\\?\C:\ProgramData\Microsoft\Windows\WER\Temp\WER.097bb8d9-c05a-435a-884a-22a5844bb8f8.tmp.WERInternalMetadata.xml

These files may be available here:
\\?\C:\ProgramData\Microsoft\Windows\WER\ReportQueue\AppCrash_UIHost.exe_fdd4c8933634103ca78abb63f0d82e7404cb8_117cc9cf_4feb5ef7-8b87-4d6e-8be1-0beda29afc8e

Analysis symbol: 
Rechecking for solution: 0
Report Id: 4f312e1d-3461-4bd5-af35-21d9a5baf9c5
Report Status: 102
Hashed bucket: 
Cab Guid: 0"
Information,2025-03-15 9:38:59 AM,Windows Error Reporting,1001,None,"Fault bucket , type 0
Event Name: BEX64
Response: Not available
Cab Id: 0

Problem signature:
P1: UIHost.exe
P2: 4.1.1.859
P3: 65957eb8
P4: DSREG.DLL_unloaded
P5: 10.0.22621.2506
P6: 37b00de2
P7: 0000000000051bb0
P8: c0000005
P9: 0000000000000008
P10: 

Attached files:
\\?\C:\ProgramData\Microsoft\Windows\WER\Temp\WER.c555152e-2f2f-4a95-b931-2d63423b1cb3.tmp.WERInternalMetadata.xml

These files may be available here:
\\?\C:\ProgramData\Microsoft\Windows\WER\ReportQueue\AppCrash_UIHost.exe_fdd4c8933634103ca78abb63f0d82e7404cb8_117cc9cf_83c64dfd-8b3e-4fd6-8b35-de26578a2c36

Analysis symbol: 
Rechecking for solution: 0
Report Id: 920a71f6-9831-42da-8699-8d2e2f472922
Report Status: 102
Hashed bucket: 
Cab Guid: 0"
Information,2025-03-15 9:38:58 AM,Windows Error Reporting,1001,None,"Fault bucket , type 0
Event Name: BEX64
Response: Not available
Cab Id: 0

Problem signature:
P1: UIHost.exe
P2: 4.1.1.859
P3: 65957eb8
P4: DSREG.DLL_unloaded
P5: 10.0.22621.2506
P6: 37b00de2
P7: 0000000000051bb0
P8: c0000005
P9: 0000000000000008
P10: 

Attached files:
\\?\C:\ProgramData\Microsoft\Windows\WER\Temp\WER.ff288068-d393-468f-9d46-f6a7f7ec4f61.tmp.WERInternalMetadata.xml

These files may be available here:
\\?\C:\ProgramData\Microsoft\Windows\WER\ReportQueue\AppCrash_UIHost.exe_fdd4c8933634103ca78abb63f0d82e7404cb8_117cc9cf_d631bfbd-5816-4d9a-9306-7ff3b3d05592

Analysis symbol: 
Rechecking for solution: 0
Report Id: 9667592d-3369-45a6-8231-e7ed6a04ab86
Report Status: 102
Hashed bucket: 
Cab Guid: 0"
Information,2025-03-15 9:38:58 AM,Windows Error Reporting,1001,None,"Fault bucket , type 0
Event Name: BEX64
Response: Not available
Cab Id: 0

Problem signature:
P1: UIHost.exe
P2: 4.1.1.859
P3: 65957eb8
P4: DSREG.DLL_unloaded
P5: 10.0.22621.2506
P6: 37b00de2
P7: 0000000000051bb0
P8: c0000005
P9: 0000000000000008
P10: 

Attached files:
\\?\C:\ProgramData\Microsoft\Windows\WER\Temp\WER.9b50b385-c5d6-4986-aec7-c1573daa6930.tmp.WERInternalMetadata.xml

These files may be available here:
\\?\C:\ProgramData\Microsoft\Windows\WER\ReportQueue\AppCrash_UIHost.exe_fdd4c8933634103ca78abb63f0d82e7404cb8_117cc9cf_fce391ac-7f2c-48cd-9627-7878739f61bd

Analysis symbol: 
Rechecking for solution: 0
Report Id: 393ac297-984c-45a2-852a-9c9eec57036a
Report Status: 102
Hashed bucket: 
Cab Guid: 0"
Information,2025-03-15 9:38:57 AM,Windows Error Reporting,1001,None,"Fault bucket , type 0
Event Name: BEX64
Response: Not available
Cab Id: 0

Problem signature:
P1: UIHost.exe
P2: 4.1.1.859
P3: 65957eb8
P4: DSREG.DLL_unloaded
P5: 10.0.22621.2506
P6: 37b00de2
P7: 0000000000051bb0
P8: c0000005
P9: 0000000000000008
P10: 

Attached files:
\\?\C:\ProgramData\Microsoft\Windows\WER\Temp\WER.5c163cac-0969-4db7-8717-7b3f32cf7a82.tmp.WERInternalMetadata.xml

These files may be available here:
\\?\C:\ProgramData\Microsoft\Windows\WER\ReportQueue\AppCrash_UIHost.exe_fdd4c8933634103ca78abb63f0d82e7404cb8_117cc9cf_d324ac37-bdb7-4af1-a07e-8123e6fa882a

Analysis symbol: 
Rechecking for solution: 0
Report Id: 88963bc2-06a4-40c0-9174-dce92cbf037e
Report Status: 102
Hashed bucket: 
Cab Guid: 0"
Information,2025-03-15 9:38:57 AM,Windows Error Reporting,1001,None,"Fault bucket , type 0
Event Name: BEX64
Response: Not available
Cab Id: 0

Problem signature:
P1: UIHost.exe
P2: 4.1.1.859
P3: 65957eb8
P4: DSREG.DLL_unloaded
P5: 10.0.22621.2506
P6: 37b00de2
P7: 0000000000051bb0
P8: c0000005
P9: 0000000000000008
P10: 

Attached files:
\\?\C:\ProgramData\Microsoft\Windows\WER\Temp\WER.63056b55-4513-48c2-998e-a6827b6631ab.tmp.WERInternalMetadata.xml

These files may be available here:
\\?\C:\ProgramData\Microsoft\Windows\WER\ReportQueue\AppCrash_UIHost.exe_fdd4c8933634103ca78abb63f0d82e7404cb8_117cc9cf_a5ff1a20-9767-4c8f-a7ae-9c185fba25ab

Analysis symbol: 
Rechecking for solution: 0
Report Id: 1b5b02f5-c32c-4a9d-a33f-3a398b4a718a
Report Status: 102
Hashed bucket: 
Cab Guid: 0"
Information,2025-03-15 9:38:57 AM,Windows Error Reporting,1001,None,"Fault bucket , type 0
Event Name: BEX64
Response: Not available
Cab Id: 0

Problem signature:
P1: UIHost.exe
P2: 4.1.1.859
P3: 65957eb8
P4: DSREG.DLL_unloaded
P5: 10.0.22621.2506
P6: 37b00de2
P7: 0000000000051bb0
P8: c0000005
P9: 0000000000000008
P10: 

Attached files:
\\?\C:\ProgramData\Microsoft\Windows\WER\Temp\WER.ca79dda2-4b59-462e-bad5-398f1a2ccdc5.tmp.WERInternalMetadata.xml

These files may be available here:
\\?\C:\ProgramData\Microsoft\Windows\WER\ReportQueue\AppCrash_UIHost.exe_fdd4c8933634103ca78abb63f0d82e7404cb8_117cc9cf_8d91cba7-c2ae-4ee0-aff8-a237f87a256c

Analysis symbol: 
Rechecking for solution: 0
Report Id: 8a9e3b6a-6ea5-46ba-90e4-81ce87b23d9d
Report Status: 102
Hashed bucket: 
Cab Guid: 0"
Information,2025-03-15 9:38:56 AM,Windows Error Reporting,1001,None,"Fault bucket , type 0
Event Name: BEX64
Response: Not available
Cab Id: 0

Problem signature:
P1: UIHost.exe
P2: 4.1.1.859
P3: 65957eb8
P4: DSREG.DLL_unloaded
P5: 10.0.22621.2506
P6: 37b00de2
P7: 0000000000051bb0
P8: c0000005
P9: 0000000000000008
P10: 

Attached files:
\\?\C:\ProgramData\Microsoft\Windows\WER\Temp\WER.dd522dcb-7f69-47d2-8766-4b24e48bfef4.tmp.WERInternalMetadata.xml

These files may be available here:
\\?\C:\ProgramData\Microsoft\Windows\WER\ReportQueue\AppCrash_UIHost.exe_fdd4c8933634103ca78abb63f0d82e7404cb8_117cc9cf_2d477d08-152e-4f8e-9cc2-7b35ee4444c3

Analysis symbol: 
Rechecking for solution: 0
Report Id: 1c0c7575-3bb5-435f-85dd-5b978575bc1d
Report Status: 102
Hashed bucket: 
Cab Guid: 0"
Information,2025-03-15 9:38:56 AM,Windows Error Reporting,1001,None,"Fault bucket , type 0
Event Name: BEX64
Response: Not available
Cab Id: 0

Problem signature:
P1: UIHost.exe
P2: 4.1.1.859
P3: 65957eb8
P4: DSREG.DLL_unloaded
P5: 10.0.22621.2506
P6: 37b00de2
P7: 0000000000051bb0
P8: c0000005
P9: 0000000000000008
P10: 

Attached files:
\\?\C:\ProgramData\Microsoft\Windows\WER\Temp\WER.19b4c395-80cb-4714-830d-8041e24b52f4.tmp.WERInternalMetadata.xml

These files may be available here:
\\?\C:\ProgramData\Microsoft\Windows\WER\ReportQueue\AppCrash_UIHost.exe_fdd4c8933634103ca78abb63f0d82e7404cb8_117cc9cf_94c4324d-7f4d-4198-b4e7-0eb2ec27fef7

Analysis symbol: 
Rechecking for solution: 0
Report Id: f4f681bd-37cd-47a7-afa7-806b6714056f
Report Status: 102
Hashed bucket: 
Cab Guid: 0"
Information,2025-03-15 9:38:55 AM,Windows Error Reporting,1001,None,"Fault bucket , type 0
Event Name: BEX64
Response: Not available
Cab Id: 0

Problem signature:
P1: UIHost.exe
P2: 4.1.1.859
P3: 65957eb8
P4: DSREG.DLL_unloaded
P5: 10.0.22621.2506
P6: 37b00de2
P7: 0000000000051bb0
P8: c0000005
P9: 0000000000000008
P10: 

Attached files:
\\?\C:\ProgramData\Microsoft\Windows\WER\Temp\WER.56f86dc7-4b0f-4a46-bdc6-63116cbd4a16.tmp.WERInternalMetadata.xml

These files may be available here:
\\?\C:\ProgramData\Microsoft\Windows\WER\ReportQueue\AppCrash_UIHost.exe_fdd4c8933634103ca78abb63f0d82e7404cb8_117cc9cf_5e4e8686-b856-4f55-bc1b-b8444519ed4e

Analysis symbol: 
Rechecking for solution: 0
Report Id: a1468f2b-7ff8-4616-8f73-3e4b35b256c0
Report Status: 102
Hashed bucket: 
Cab Guid: 0"
Information,2025-03-15 9:38:54 AM,Windows Error Reporting,1001,None,"Fault bucket , type 0
Event Name: BEX64
Response: Not available
Cab Id: 0

Problem signature:
P1: UIHost.exe
P2: 4.1.1.859
P3: 65957eb8
P4: DSREG.DLL_unloaded
P5: 10.0.22621.2506
P6: 37b00de2
P7: 0000000000051bb0
P8: c0000005
P9: 0000000000000008
P10: 

Attached files:
\\?\C:\ProgramData\Microsoft\Windows\WER\Temp\WER.3a3abfb1-7f5b-40cd-8c0a-acad5148c920.tmp.WERInternalMetadata.xml

These files may be available here:
\\?\C:\ProgramData\Microsoft\Windows\WER\ReportQueue\AppCrash_UIHost.exe_fdd4c8933634103ca78abb63f0d82e7404cb8_117cc9cf_77a9ebda-78a5-4d83-abca-c01af8c7389d

Analysis symbol: 
Rechecking for solution: 0
Report Id: ffd9f9c2-60e5-40bb-b885-037ccdc645b0
Report Status: 102
Hashed bucket: 
Cab Guid: 0"
Information,2025-03-15 9:38:53 AM,Windows Error Reporting,1001,None,"Fault bucket , type 0
Event Name: BEX64
Response: Not available
Cab Id: 0

Problem signature:
P1: UIHost.exe
P2: 4.1.1.859
P3: 65957eb8
P4: DSREG.DLL_unloaded
P5: 10.0.22621.2506
P6: 37b00de2
P7: 0000000000051bb0
P8: c0000005
P9: 0000000000000008
P10: 

Attached files:
\\?\C:\ProgramData\Microsoft\Windows\WER\Temp\WER.87cee840-b034-4ef1-9dad-23efeda372ca.tmp.WERInternalMetadata.xml

These files may be available here:
\\?\C:\ProgramData\Microsoft\Windows\WER\ReportQueue\AppCrash_UIHost.exe_fdd4c8933634103ca78abb63f0d82e7404cb8_117cc9cf_e63fa9cc-9393-4b64-b467-502fb3b30c46

Analysis symbol: 
Rechecking for solution: 0
Report Id: 072e632d-a232-445c-8e4c-df32dd83e5b0
Report Status: 102
Hashed bucket: 
Cab Guid: 0"
Information,2025-03-15 9:38:53 AM,Windows Error Reporting,1001,None,"Fault bucket , type 0
Event Name: BEX64
Response: Not available
Cab Id: 0

Problem signature:
P1: UIHost.exe
P2: 4.1.1.859
P3: 65957eb8
P4: DSREG.DLL_unloaded
P5: 10.0.22621.2506
P6: 37b00de2
P7: 0000000000051bb0
P8: c0000005
P9: 0000000000000008
P10: 

Attached files:
\\?\C:\ProgramData\Microsoft\Windows\WER\Temp\WER.b5db8110-ecd3-4d6b-b30b-a18733e247aa.tmp.WERInternalMetadata.xml

These files may be available here:
\\?\C:\ProgramData\Microsoft\Windows\WER\ReportQueue\AppCrash_UIHost.exe_fdd4c8933634103ca78abb63f0d82e7404cb8_117cc9cf_b8175086-176e-419a-87ff-11822aacea9d

Analysis symbol: 
Rechecking for solution: 0
Report Id: 8b2b2111-8682-4c3d-8b37-0948af044e18
Report Status: 102
Hashed bucket: 
Cab Guid: 0"
Information,2025-03-15 9:38:52 AM,Windows Error Reporting,1001,None,"Fault bucket , type 0
Event Name: BEX64
Response: Not available
Cab Id: 0

Problem signature:
P1: UIHost.exe
P2: 4.1.1.859
P3: 65957eb8
P4: DSREG.DLL_unloaded
P5: 10.0.22621.2506
P6: 37b00de2
P7: 0000000000051bb0
P8: c0000005
P9: 0000000000000008
P10: 

Attached files:
\\?\C:\ProgramData\Microsoft\Windows\WER\Temp\WER.b5be8fc2-0e1c-47f9-9059-2ff4acdd6d62.tmp.WERInternalMetadata.xml

These files may be available here:
\\?\C:\ProgramData\Microsoft\Windows\WER\ReportQueue\AppCrash_UIHost.exe_fdd4c8933634103ca78abb63f0d82e7404cb8_117cc9cf_ab4fc389-b014-4c73-9a03-7bcbb29445d8

Analysis symbol: 
Rechecking for solution: 0
Report Id: 2eccac22-af92-4144-8529-e2cec60540bb
Report Status: 102
Hashed bucket: 
Cab Guid: 0"
Information,2025-03-15 9:38:51 AM,Windows Error Reporting,1001,None,"Fault bucket , type 0
Event Name: BEX64
Response: Not available
Cab Id: 0

Problem signature:
P1: UIHost.exe
P2: 4.1.1.859
P3: 65957eb8
P4: DSREG.DLL_unloaded
P5: 10.0.22621.2506
P6: 37b00de2
P7: 0000000000051bb0
P8: c0000005
P9: 0000000000000008
P10: 

Attached files:
\\?\C:\ProgramData\Microsoft\Windows\WER\Temp\WER.c89002c4-16a1-447d-b701-ed3441925a67.tmp.WERInternalMetadata.xml

These files may be available here:
\\?\C:\ProgramData\Microsoft\Windows\WER\ReportQueue\AppCrash_UIHost.exe_fdd4c8933634103ca78abb63f0d82e7404cb8_117cc9cf_2526fe85-1746-4f83-a796-b57640a087f0

Analysis symbol: 
Rechecking for solution: 0
Report Id: aba5a61f-6bb7-402e-9b12-131b6d3c70f9
Report Status: 102
Hashed bucket: 
Cab Guid: 0"
Information,2025-03-15 9:38:50 AM,Windows Error Reporting,1001,None,"Fault bucket , type 0
Event Name: BEX64
Response: Not available
Cab Id: 0

Problem signature:
P1: UIHost.exe
P2: 4.1.1.859
P3: 65957eb8
P4: DSREG.DLL_unloaded
P5: 10.0.22621.2506
P6: 37b00de2
P7: 0000000000051bb0
P8: c0000005
P9: 0000000000000008
P10: 

Attached files:
\\?\C:\ProgramData\Microsoft\Windows\WER\Temp\WER.2a94cc4a-15e1-4896-8f72-d321c7568b56.tmp.WERInternalMetadata.xml

These files may be available here:
\\?\C:\ProgramData\Microsoft\Windows\WER\ReportQueue\AppCrash_UIHost.exe_fdd4c8933634103ca78abb63f0d82e7404cb8_117cc9cf_85d1e4e6-8fc0-4841-9c09-65c004409e4d

Analysis symbol: 
Rechecking for solution: 0
Report Id: a2f31e28-7eb1-4026-b8d3-6edc4bd2a11b
Report Status: 102
Hashed bucket: 
Cab Guid: 0"
Information,2025-03-15 9:38:49 AM,Windows Error Reporting,1001,None,"Fault bucket , type 0
Event Name: BEX64
Response: Not available
Cab Id: 0

Problem signature:
P1: UIHost.exe
P2: 4.1.1.859
P3: 65957eb8
P4: DSREG.DLL_unloaded
P5: 10.0.22621.2506
P6: 37b00de2
P7: 0000000000051bb0
P8: c0000005
P9: 0000000000000008
P10: 

Attached files:
\\?\C:\ProgramData\Microsoft\Windows\WER\Temp\WER.c0d1410c-98cb-40e8-b7f7-6817f7ac9f03.tmp.WERInternalMetadata.xml

These files may be available here:
\\?\C:\ProgramData\Microsoft\Windows\WER\ReportQueue\AppCrash_UIHost.exe_fdd4c8933634103ca78abb63f0d82e7404cb8_117cc9cf_130bab4c-f99c-47a0-9eb0-5d06a174d26f

Analysis symbol: 
Rechecking for solution: 0
Report Id: 7fd8910d-07a1-4f83-933f-1ac50b240ed3
Report Status: 102
Hashed bucket: 
Cab Guid: 0"
Information,2025-03-15 9:38:34 AM,Windows Error Reporting,1001,None,"Fault bucket , type 0
Event Name: BEX64
Response: Not available
Cab Id: 0

Problem signature:
P1: UIHost.exe
P2: 4.1.1.859
P3: 65957eb8
P4: DSREG.DLL_unloaded
P5: 10.0.22621.2506
P6: 37b00de2
P7: 0000000000051bb0
P8: c0000005
P9: 0000000000000008
P10: 

Attached files:
\\?\C:\ProgramData\Microsoft\Windows\WER\Temp\WER.98e487c9-6b53-4aa2-8b69-2a86973e2345.tmp.WERInternalMetadata.xml

These files may be available here:
\\?\C:\ProgramData\Microsoft\Windows\WER\ReportQueue\AppCrash_UIHost.exe_fdd4c8933634103ca78abb63f0d82e7404cb8_117cc9cf_04233e6a-3283-427d-a772-6293fb92be8d

Analysis symbol: 
Rechecking for solution: 0
Report Id: a8019e8e-9514-4353-95d8-d29ecc378e84
Report Status: 102
Hashed bucket: 
Cab Guid: 0"
Information,2025-03-15 9:38:34 AM,Windows Error Reporting,1001,None,"Fault bucket , type 0
Event Name: BEX64
Response: Not available
Cab Id: 0

Problem signature:
P1: UIHost.exe
P2: 4.1.1.859
P3: 65957eb8
P4: DSREG.DLL_unloaded
P5: 10.0.22621.2506
P6: 37b00de2
P7: 0000000000051bb0
P8: c0000005
P9: 0000000000000008
P10: 

Attached files:
\\?\C:\ProgramData\Microsoft\Windows\WER\Temp\WER.26644bc5-ecde-42aa-83a1-2fe1f6ce232a.tmp.WERInternalMetadata.xml

These files may be available here:
\\?\C:\ProgramData\Microsoft\Windows\WER\ReportQueue\AppCrash_UIHost.exe_fdd4c8933634103ca78abb63f0d82e7404cb8_117cc9cf_29bfad44-c302-4824-8f8e-655e0f7ae15e

Analysis symbol: 
Rechecking for solution: 0
Report Id: 894cbca3-1d08-466e-8723-1905a02a4372
Report Status: 102
Hashed bucket: 
Cab Guid: 0"
Information,2025-03-15 9:38:34 AM,Windows Error Reporting,1001,None,"Fault bucket , type 0
Event Name: BEX64
Response: Not available
Cab Id: 0

Problem signature:
P1: UIHost.exe
P2: 4.1.1.859
P3: 65957eb8
P4: DSREG.DLL_unloaded
P5: 10.0.22621.2506
P6: 37b00de2
P7: 0000000000051bb0
P8: c0000005
P9: 0000000000000008
P10: 

Attached files:
\\?\C:\ProgramData\Microsoft\Windows\WER\Temp\WER.4212ca05-cb93-4d4c-acb4-bfa5f9514c1d.tmp.WERInternalMetadata.xml

These files may be available here:
\\?\C:\ProgramData\Microsoft\Windows\WER\ReportQueue\AppCrash_UIHost.exe_fdd4c8933634103ca78abb63f0d82e7404cb8_117cc9cf_7cef064c-25f8-46c6-99dd-4c65a62be5ed

Analysis symbol: 
Rechecking for solution: 0
Report Id: ef05f1be-d1fc-4ab2-a4ff-4badb1aa4059
Report Status: 102
Hashed bucket: 
Cab Guid: 0"
Information,2025-03-15 9:38:33 AM,Windows Error Reporting,1001,None,"Fault bucket , type 0
Event Name: BEX64
Response: Not available
Cab Id: 0

Problem signature:
P1: UIHost.exe
P2: 4.1.1.859
P3: 65957eb8
P4: DSREG.DLL_unloaded
P5: 10.0.22621.2506
P6: 37b00de2
P7: 0000000000051bb0
P8: c0000005
P9: 0000000000000008
P10: 

Attached files:
\\?\C:\ProgramData\Microsoft\Windows\WER\Temp\WER.368cc4d2-c2e0-4c4a-a964-532542001bac.tmp.WERInternalMetadata.xml

These files may be available here:
\\?\C:\ProgramData\Microsoft\Windows\WER\ReportQueue\AppCrash_UIHost.exe_fdd4c8933634103ca78abb63f0d82e7404cb8_117cc9cf_1d50eb1b-98a2-40d4-be9e-d62af9f9bf6b

Analysis symbol: 
Rechecking for solution: 0
Report Id: 19f6a774-2bc1-481c-b263-974a629dc54f
Report Status: 102
Hashed bucket: 
Cab Guid: 0"
Information,2025-03-15 9:38:33 AM,Windows Error Reporting,1001,None,"Fault bucket , type 0
Event Name: BEX64
Response: Not available
Cab Id: 0

Problem signature:
P1: UIHost.exe
P2: 4.1.1.859
P3: 65957eb8
P4: DSREG.DLL_unloaded
P5: 10.0.22621.2506
P6: 37b00de2
P7: 0000000000051bb0
P8: c0000005
P9: 0000000000000008
P10: 

Attached files:
\\?\C:\ProgramData\Microsoft\Windows\WER\Temp\WER.acce2b23-def9-4493-a8fd-4984b6a51616.tmp.WERInternalMetadata.xml

These files may be available here:
\\?\C:\ProgramData\Microsoft\Windows\WER\ReportQueue\AppCrash_UIHost.exe_fdd4c8933634103ca78abb63f0d82e7404cb8_117cc9cf_3a6ae000-8b11-46d6-a2d0-866073417dc6

Analysis symbol: 
Rechecking for solution: 0
Report Id: d81c132c-1f1b-44ef-96b1-932443a241d8
Report Status: 102
Hashed bucket: 
Cab Guid: 0"
Information,2025-03-15 9:38:32 AM,Windows Error Reporting,1001,None,"Fault bucket , type 0
Event Name: BEX64
Response: Not available
Cab Id: 0

Problem signature:
P1: UIHost.exe
P2: 4.1.1.859
P3: 65957eb8
P4: DSREG.DLL_unloaded
P5: 10.0.22621.2506
P6: 37b00de2
P7: 0000000000051bb0
P8: c0000005
P9: 0000000000000008
P10: 

Attached files:
\\?\C:\ProgramData\Microsoft\Windows\WER\Temp\WER.8259153a-e72f-4f1d-b00b-1d3adc3eba37.tmp.WERInternalMetadata.xml

These files may be available here:
\\?\C:\ProgramData\Microsoft\Windows\WER\ReportQueue\AppCrash_UIHost.exe_fdd4c8933634103ca78abb63f0d82e7404cb8_117cc9cf_3e9e35e5-dc3c-477e-89c7-635566390b69

Analysis symbol: 
Rechecking for solution: 0
Report Id: a0bc89c0-42a9-45be-96ac-280ba41e825a
Report Status: 102
Hashed bucket: 
Cab Guid: 0"
Information,2025-03-15 9:38:32 AM,Windows Error Reporting,1001,None,"Fault bucket , type 0
Event Name: BEX64
Response: Not available
Cab Id: 0

Problem signature:
P1: UIHost.exe
P2: 4.1.1.859
P3: 65957eb8
P4: DSREG.DLL_unloaded
P5: 10.0.22621.2506
P6: 37b00de2
P7: 0000000000051bb0
P8: c0000005
P9: 0000000000000008
P10: 

Attached files:
\\?\C:\ProgramData\Microsoft\Windows\WER\Temp\WER.f75557db-a826-40d1-8ffa-c346a15038d1.tmp.WERInternalMetadata.xml

These files may be available here:
\\?\C:\ProgramData\Microsoft\Windows\WER\ReportQueue\AppCrash_UIHost.exe_fdd4c8933634103ca78abb63f0d82e7404cb8_117cc9cf_939522a0-1a9d-4e2d-8d93-ce8018a3f86f

Analysis symbol: 
Rechecking for solution: 0
Report Id: ec3385c3-021c-4c6a-bf86-84fe9a40ed59
Report Status: 102
Hashed bucket: 
Cab Guid: 0"
Information,2025-03-15 9:38:32 AM,Windows Error Reporting,1001,None,"Fault bucket , type 0
Event Name: BEX64
Response: Not available
Cab Id: 0

Problem signature:
P1: UIHost.exe
P2: 4.1.1.859
P3: 65957eb8
P4: DSREG.DLL_unloaded
P5: 10.0.22621.2506
P6: 37b00de2
P7: 0000000000051bb0
P8: c0000005
P9: 0000000000000008
P10: 

Attached files:
\\?\C:\ProgramData\Microsoft\Windows\WER\Temp\WER.8d00926a-17cd-4dc1-9df4-41003d05cc9a.tmp.WERInternalMetadata.xml

These files may be available here:
\\?\C:\ProgramData\Microsoft\Windows\WER\ReportQueue\AppCrash_UIHost.exe_fdd4c8933634103ca78abb63f0d82e7404cb8_117cc9cf_9c86a2ff-6cb0-43ac-b3d0-f0b5c42e41a2

Analysis symbol: 
Rechecking for solution: 0
Report Id: 6b0f5e82-ba02-4f51-801a-3682011b1df4
Report Status: 102
Hashed bucket: 
Cab Guid: 0"
Information,2025-03-15 9:38:31 AM,Windows Error Reporting,1001,None,"Fault bucket , type 0
Event Name: BEX64
Response: Not available
Cab Id: 0

Problem signature:
P1: UIHost.exe
P2: 4.1.1.859
P3: 65957eb8
P4: DSREG.DLL_unloaded
P5: 10.0.22621.2506
P6: 37b00de2
P7: 0000000000051bb0
P8: c0000005
P9: 0000000000000008
P10: 

Attached files:
\\?\C:\ProgramData\Microsoft\Windows\WER\Temp\WER.db045e67-eb23-47b9-91d6-c6be5f868d77.tmp.WERInternalMetadata.xml

These files may be available here:
\\?\C:\ProgramData\Microsoft\Windows\WER\ReportQueue\AppCrash_UIHost.exe_fdd4c8933634103ca78abb63f0d82e7404cb8_117cc9cf_d6206dec-6580-43f5-95a9-fc59ec61ee8e

Analysis symbol: 
Rechecking for solution: 0
Report Id: 5a450fe0-60d1-4a75-8d1f-7c61b4004fc1
Report Status: 102
Hashed bucket: 
Cab Guid: 0"
Information,2025-03-15 9:38:31 AM,Windows Error Reporting,1001,None,"Fault bucket , type 0
Event Name: BEX64
Response: Not available
Cab Id: 0

Problem signature:
P1: UIHost.exe
P2: 4.1.1.859
P3: 65957eb8
P4: DSREG.DLL_unloaded
P5: 10.0.22621.2506
P6: 37b00de2
P7: 0000000000051bb0
P8: c0000005
P9: 0000000000000008
P10: 

Attached files:
\\?\C:\ProgramData\Microsoft\Windows\WER\Temp\WER.0b338da6-1867-459f-a52e-73573973fecb.tmp.WERInternalMetadata.xml

These files may be available here:
\\?\C:\ProgramData\Microsoft\Windows\WER\ReportQueue\AppCrash_UIHost.exe_fdd4c8933634103ca78abb63f0d82e7404cb8_117cc9cf_ff3f7a33-985c-48eb-aba2-85d9ed507318

Analysis symbol: 
Rechecking for solution: 0
Report Id: 827a228d-569c-4248-9cdc-f671ef05378d
Report Status: 102
Hashed bucket: 
Cab Guid: 0"
Information,2025-03-15 9:38:30 AM,Windows Error Reporting,1001,None,"Fault bucket , type 0
Event Name: BEX64
Response: Not available
Cab Id: 0

Problem signature:
P1: UIHost.exe
P2: 4.1.1.859
P3: 65957eb8
P4: DSREG.DLL_unloaded
P5: 10.0.22621.2506
P6: 37b00de2
P7: 0000000000051bb0
P8: c0000005
P9: 0000000000000008
P10: 

Attached files:
\\?\C:\ProgramData\Microsoft\Windows\WER\Temp\WER.b21ada3d-fe35-4dfa-9ba4-1fd8d2055bb7.tmp.WERInternalMetadata.xml

These files may be available here:
\\?\C:\ProgramData\Microsoft\Windows\WER\ReportQueue\AppCrash_UIHost.exe_fdd4c8933634103ca78abb63f0d82e7404cb8_117cc9cf_38d05541-f61b-4282-b8e4-127c69d2d4c8

Analysis symbol: 
Rechecking for solution: 0
Report Id: 194b3b91-6dde-4475-8805-8d020748db9a
Report Status: 102
Hashed bucket: 
Cab Guid: 0"
Information,2025-03-15 9:38:30 AM,Windows Error Reporting,1001,None,"Fault bucket , type 0
Event Name: BEX64
Response: Not available
Cab Id: 0

Problem signature:
P1: UIHost.exe
P2: 4.1.1.859
P3: 65957eb8
P4: DSREG.DLL_unloaded
P5: 10.0.22621.2506
P6: 37b00de2
P7: 0000000000051bb0
P8: c0000005
P9: 0000000000000008
P10: 

Attached files:
\\?\C:\ProgramData\Microsoft\Windows\WER\Temp\WER.343a1025-e1f6-46b4-ab15-054a13154b39.tmp.WERInternalMetadata.xml

These files may be available here:
\\?\C:\ProgramData\Microsoft\Windows\WER\ReportQueue\AppCrash_UIHost.exe_fdd4c8933634103ca78abb63f0d82e7404cb8_117cc9cf_e11319b6-f41c-4682-84e1-fbc11f2aae12

Analysis symbol: 
Rechecking for solution: 0
Report Id: e442e14e-22fc-49d2-8b4a-bdb31ebefaeb
Report Status: 102
Hashed bucket: 
Cab Guid: 0"
Information,2025-03-15 9:38:30 AM,Windows Error Reporting,1001,None,"Fault bucket , type 0
Event Name: BEX64
Response: Not available
Cab Id: 0

Problem signature:
P1: UIHost.exe
P2: 4.1.1.859
P3: 65957eb8
P4: DSREG.DLL_unloaded
P5: 10.0.22621.2506
P6: 37b00de2
P7: 0000000000051bb0
P8: c0000005
P9: 0000000000000008
P10: 

Attached files:
\\?\C:\ProgramData\Microsoft\Windows\WER\Temp\WER.58395484-08d4-4f1a-9b5a-e0c226ae62e8.tmp.WERInternalMetadata.xml

These files may be available here:
\\?\C:\ProgramData\Microsoft\Windows\WER\ReportQueue\AppCrash_UIHost.exe_fdd4c8933634103ca78abb63f0d82e7404cb8_117cc9cf_9d865aaa-c1ea-485c-a0cb-ef242803c654

Analysis symbol: 
Rechecking for solution: 0
Report Id: 6b02bf23-8878-413b-8502-28e74081d7cb
Report Status: 102
Hashed bucket: 
Cab Guid: 0"
Information,2025-03-15 9:38:29 AM,Windows Error Reporting,1001,None,"Fault bucket , type 0
Event Name: BEX64
Response: Not available
Cab Id: 0

Problem signature:
P1: UIHost.exe
P2: 4.1.1.859
P3: 65957eb8
P4: DSREG.DLL_unloaded
P5: 10.0.22621.2506
P6: 37b00de2
P7: 0000000000051bb0
P8: c0000005
P9: 0000000000000008
P10: 

Attached files:
\\?\C:\ProgramData\Microsoft\Windows\WER\Temp\WER.1ca64511-7419-4e6c-b4af-b7250703b5b4.tmp.WERInternalMetadata.xml

These files may be available here:
\\?\C:\ProgramData\Microsoft\Windows\WER\ReportQueue\AppCrash_UIHost.exe_fdd4c8933634103ca78abb63f0d82e7404cb8_117cc9cf_e1c4e076-efb4-4c18-8131-c4805fc93ff6

Analysis symbol: 
Rechecking for solution: 0
Report Id: 3e1f9d99-ed72-45c0-8ce2-9a211bf1d486
Report Status: 102
Hashed bucket: 
Cab Guid: 0"
Information,2025-03-15 9:38:28 AM,Windows Error Reporting,1001,None,"Fault bucket , type 0
Event Name: BEX64
Response: Not available
Cab Id: 0

Problem signature:
P1: UIHost.exe
P2: 4.1.1.859
P3: 65957eb8
P4: DSREG.DLL_unloaded
P5: 10.0.22621.2506
P6: 37b00de2
P7: 0000000000051bb0
P8: c0000005
P9: 0000000000000008
P10: 

Attached files:
\\?\C:\ProgramData\Microsoft\Windows\WER\Temp\WER.0ab90823-19e1-489b-933c-e1d4674d9c52.tmp.WERInternalMetadata.xml

These files may be available here:
\\?\C:\ProgramData\Microsoft\Windows\WER\ReportQueue\AppCrash_UIHost.exe_fdd4c8933634103ca78abb63f0d82e7404cb8_117cc9cf_b6dbc2ce-3d8f-43e7-9fbf-ff2435db8a0f

Analysis symbol: 
Rechecking for solution: 0
Report Id: 79a01a93-a62a-416a-ab5f-241fc3501653
Report Status: 102
Hashed bucket: 
Cab Guid: 0"
Information,2025-03-15 9:38:28 AM,Windows Error Reporting,1001,None,"Fault bucket , type 0
Event Name: BEX64
Response: Not available
Cab Id: 0

Problem signature:
P1: UIHost.exe
P2: 4.1.1.859
P3: 65957eb8
P4: DSREG.DLL_unloaded
P5: 10.0.22621.2506
P6: 37b00de2
P7: 0000000000051bb0
P8: c0000005
P9: 0000000000000008
P10: 

Attached files:
\\?\C:\ProgramData\Microsoft\Windows\WER\Temp\WER.28385a8b-17ff-4e19-ac95-aedaaf14f797.tmp.WERInternalMetadata.xml

These files may be available here:
\\?\C:\ProgramData\Microsoft\Windows\WER\ReportQueue\AppCrash_UIHost.exe_fdd4c8933634103ca78abb63f0d82e7404cb8_117cc9cf_a0d65ba4-7d8c-4ac3-954e-27b3da47cfbd

Analysis symbol: 
Rechecking for solution: 0
Report Id: 3fc103af-eee7-4acd-93e8-2f4dd3a55ea0
Report Status: 102
Hashed bucket: 
Cab Guid: 0"
Information,2025-03-15 9:38:28 AM,Windows Error Reporting,1001,None,"Fault bucket , type 0
Event Name: BEX64
Response: Not available
Cab Id: 0

Problem signature:
P1: UIHost.exe
P2: 4.1.1.859
P3: 65957eb8
P4: DSREG.DLL_unloaded
P5: 10.0.22621.2506
P6: 37b00de2
P7: 0000000000051bb0
P8: c0000005
P9: 0000000000000008
P10: 

Attached files:
\\?\C:\ProgramData\Microsoft\Windows\WER\Temp\WER.504fc6c3-947a-4536-998b-deba01c99b7b.tmp.WERInternalMetadata.xml

These files may be available here:
\\?\C:\ProgramData\Microsoft\Windows\WER\ReportQueue\AppCrash_UIHost.exe_fdd4c8933634103ca78abb63f0d82e7404cb8_117cc9cf_795cda41-2baf-451e-b74f-40c9f32934d0

Analysis symbol: 
Rechecking for solution: 0
Report Id: 7f519113-8646-4ecc-8703-d662bde064e2
Report Status: 102
Hashed bucket: 
Cab Guid: 0"
Information,2025-03-15 9:38:27 AM,Windows Error Reporting,1001,None,"Fault bucket , type 0
Event Name: BEX64
Response: Not available
Cab Id: 0

Problem signature:
P1: UIHost.exe
P2: 4.1.1.859
P3: 65957eb8
P4: DSREG.DLL_unloaded
P5: 10.0.22621.2506
P6: 37b00de2
P7: 0000000000051bb0
P8: c0000005
P9: 0000000000000008
P10: 

Attached files:
\\?\C:\ProgramData\Microsoft\Windows\WER\Temp\WER.33119f47-7cbd-4384-9324-2717ded5013a.tmp.WERInternalMetadata.xml

These files may be available here:
\\?\C:\ProgramData\Microsoft\Windows\WER\ReportQueue\AppCrash_UIHost.exe_fdd4c8933634103ca78abb63f0d82e7404cb8_117cc9cf_d8354008-3651-4e8f-82d5-311fa0b247eb

Analysis symbol: 
Rechecking for solution: 0
Report Id: c72f5eb7-6f77-455b-b963-7fd122852e27
Report Status: 102
Hashed bucket: 
Cab Guid: 0"
Information,2025-03-15 9:38:27 AM,Windows Error Reporting,1001,None,"Fault bucket , type 0
Event Name: BEX64
Response: Not available
Cab Id: 0

Problem signature:
P1: UIHost.exe
P2: 4.1.1.859
P3: 65957eb8
P4: DSREG.DLL_unloaded
P5: 10.0.22621.2506
P6: 37b00de2
P7: 0000000000051bb0
P8: c0000005
P9: 0000000000000008
P10: 

Attached files:
\\?\C:\ProgramData\Microsoft\Windows\WER\Temp\WER.c584e6a3-d370-4fda-8a0e-44d1f7ee6e3b.tmp.WERInternalMetadata.xml

These files may be available here:
\\?\C:\ProgramData\Microsoft\Windows\WER\ReportQueue\AppCrash_UIHost.exe_fdd4c8933634103ca78abb63f0d82e7404cb8_117cc9cf_9e4c6264-40cf-4b4b-bcd3-ca693849b809

Analysis symbol: 
Rechecking for solution: 0
Report Id: 799407bc-cbdb-48b9-bea3-1c2d9e6beb9b
Report Status: 102
Hashed bucket: 
Cab Guid: 0"
Information,2025-03-15 9:38:26 AM,Windows Error Reporting,1001,None,"Fault bucket , type 0
Event Name: BEX64
Response: Not available
Cab Id: 0

Problem signature:
P1: UIHost.exe
P2: 4.1.1.859
P3: 65957eb8
P4: DSREG.DLL_unloaded
P5: 10.0.22621.2506
P6: 37b00de2
P7: 0000000000051bb0
P8: c0000005
P9: 0000000000000008
P10: 

Attached files:
\\?\C:\ProgramData\Microsoft\Windows\WER\Temp\WER.ac9b5d3e-9ce3-4b2c-8086-d2b305c16620.tmp.WERInternalMetadata.xml

These files may be available here:
\\?\C:\ProgramData\Microsoft\Windows\WER\ReportQueue\AppCrash_UIHost.exe_fdd4c8933634103ca78abb63f0d82e7404cb8_117cc9cf_b1c11c8d-7666-42b0-9e09-06fe6cb9ebda

Analysis symbol: 
Rechecking for solution: 0
Report Id: 70526ede-f8a3-4e2c-a837-421bfe497d12
Report Status: 102
Hashed bucket: 
Cab Guid: 0"
Information,2025-03-15 9:38:26 AM,Windows Error Reporting,1001,None,"Fault bucket , type 0
Event Name: BEX64
Response: Not available
Cab Id: 0

Problem signature:
P1: UIHost.exe
P2: 4.1.1.859
P3: 65957eb8
P4: DSREG.DLL_unloaded
P5: 10.0.22621.2506
P6: 37b00de2
P7: 0000000000051bb0
P8: c0000005
P9: 0000000000000008
P10: 

Attached files:
\\?\C:\ProgramData\Microsoft\Windows\WER\Temp\WER.b1dbadce-b780-4813-ab02-83d2d460a12b.tmp.WERInternalMetadata.xml

These files may be available here:
\\?\C:\ProgramData\Microsoft\Windows\WER\ReportQueue\AppCrash_UIHost.exe_fdd4c8933634103ca78abb63f0d82e7404cb8_117cc9cf_a53c7603-c6c8-43d6-9b7b-9afec52b8046

Analysis symbol: 
Rechecking for solution: 0
Report Id: b9ff0f82-7c4e-4636-902a-2fb3bf9705ff
Report Status: 102
Hashed bucket: 
Cab Guid: 0"
Information,2025-03-15 9:38:25 AM,Windows Error Reporting,1001,None,"Fault bucket , type 0
Event Name: BEX64
Response: Not available
Cab Id: 0

Problem signature:
P1: UIHost.exe
P2: 4.1.1.859
P3: 65957eb8
P4: DSREG.DLL_unloaded
P5: 10.0.22621.2506
P6: 37b00de2
P7: 0000000000051bb0
P8: c0000005
P9: 0000000000000008
P10: 

Attached files:
\\?\C:\ProgramData\Microsoft\Windows\WER\Temp\WER.abcf2fc6-9b05-4099-8b03-b23881fe16f4.tmp.WERInternalMetadata.xml

These files may be available here:
\\?\C:\ProgramData\Microsoft\Windows\WER\ReportQueue\AppCrash_UIHost.exe_fdd4c8933634103ca78abb63f0d82e7404cb8_117cc9cf_1d8593f2-4598-4600-8301-e5d9991ced0c

Analysis symbol: 
Rechecking for solution: 0
Report Id: cb818489-616b-44de-b636-dbc0b1b3df5e
Report Status: 102
Hashed bucket: 
Cab Guid: 0"
Information,2025-03-15 9:38:25 AM,Windows Error Reporting,1001,None,"Fault bucket , type 0
Event Name: BEX64
Response: Not available
Cab Id: 0

Problem signature:
P1: UIHost.exe
P2: 4.1.1.859
P3: 65957eb8
P4: DSREG.DLL_unloaded
P5: 10.0.22621.2506
P6: 37b00de2
P7: 0000000000051bb0
P8: c0000005
P9: 0000000000000008
P10: 

Attached files:
\\?\C:\ProgramData\Microsoft\Windows\WER\Temp\WER.02730a95-ab43-4812-97bc-537855fb4d8f.tmp.WERInternalMetadata.xml

These files may be available here:
\\?\C:\ProgramData\Microsoft\Windows\WER\ReportQueue\AppCrash_UIHost.exe_fdd4c8933634103ca78abb63f0d82e7404cb8_117cc9cf_957c7357-40b6-45d7-b40e-062322be03cf

Analysis symbol: 
Rechecking for solution: 0
Report Id: 2437ab33-65fe-425f-8b2c-45a1629b1e7e
Report Status: 102
Hashed bucket: 
Cab Guid: 0"
Information,2025-03-15 9:38:24 AM,Windows Error Reporting,1001,None,"Fault bucket , type 0
Event Name: BEX64
Response: Not available
Cab Id: 0

Problem signature:
P1: UIHost.exe
P2: 4.1.1.859
P3: 65957eb8
P4: DSREG.DLL_unloaded
P5: 10.0.22621.2506
P6: 37b00de2
P7: 0000000000051bb0
P8: c0000005
P9: 0000000000000008
P10: 

Attached files:
\\?\C:\ProgramData\Microsoft\Windows\WER\Temp\WER.7e22e47c-1701-47df-abbc-fd82f74ac8a0.tmp.WERInternalMetadata.xml

These files may be available here:
\\?\C:\ProgramData\Microsoft\Windows\WER\ReportQueue\AppCrash_UIHost.exe_fdd4c8933634103ca78abb63f0d82e7404cb8_117cc9cf_9474ef0b-e232-4acc-bb59-f5d1a58c183a

Analysis symbol: 
Rechecking for solution: 0
Report Id: 06cd8024-d4c5-434e-9b31-9e0d7ebac257
Report Status: 102
Hashed bucket: 
Cab Guid: 0"
Information,2025-03-15 9:38:24 AM,Windows Error Reporting,1001,None,"Fault bucket , type 0
Event Name: BEX64
Response: Not available
Cab Id: 0

Problem signature:
P1: UIHost.exe
P2: 4.1.1.859
P3: 65957eb8
P4: DSREG.DLL_unloaded
P5: 10.0.22621.2506
P6: 37b00de2
P7: 0000000000051bb0
P8: c0000005
P9: 0000000000000008
P10: 

Attached files:
\\?\C:\ProgramData\Microsoft\Windows\WER\Temp\WER.863185d6-1bbf-4720-b498-6cbbcf29548b.tmp.WERInternalMetadata.xml

These files may be available here:
\\?\C:\ProgramData\Microsoft\Windows\WER\ReportQueue\AppCrash_UIHost.exe_fdd4c8933634103ca78abb63f0d82e7404cb8_117cc9cf_a3dd2cc0-bc10-4877-96f3-48faa59288d0

Analysis symbol: 
Rechecking for solution: 0
Report Id: 825adfd9-0ea4-4d02-b444-65fa9937badc
Report Status: 102
Hashed bucket: 
Cab Guid: 0"
Information,2025-03-15 9:38:23 AM,Windows Error Reporting,1001,None,"Fault bucket , type 0
Event Name: BEX64
Response: Not available
Cab Id: 0

Problem signature:
P1: UIHost.exe
P2: 4.1.1.859
P3: 65957eb8
P4: DSREG.DLL_unloaded
P5: 10.0.22621.2506
P6: 37b00de2
P7: 0000000000051bb0
P8: c0000005
P9: 0000000000000008
P10: 

Attached files:
\\?\C:\ProgramData\Microsoft\Windows\WER\Temp\WER.4037c8dc-f553-4f16-9480-96d2fe316179.tmp.WERInternalMetadata.xml

These files may be available here:
\\?\C:\ProgramData\Microsoft\Windows\WER\ReportQueue\AppCrash_UIHost.exe_fdd4c8933634103ca78abb63f0d82e7404cb8_117cc9cf_ee0c4476-59ef-4ae4-b263-f8205d7ea628

Analysis symbol: 
Rechecking for solution: 0
Report Id: 5451c934-451d-4489-b13b-cb4986e1496a
Report Status: 2147483750
Hashed bucket: 
Cab Guid: 0"
Information,2025-03-15 9:38:22 AM,Windows Error Reporting,1001,None,"Fault bucket , type 0
Event Name: StoreAgentInstallFailure1
Response: Not available
Cab Id: 0

Problem signature:
P1: Update;ScanForUpdatesForUser
P2: 80073d02
P3: 22631
P4: 4890
P5: Windows.Desktop
P6: V
P7: 
P8: 
P9: 
P10: 

Attached files:

These files may be available here:
\\?\C:\ProgramData\Microsoft\Windows\WER\ReportQueue\NonCritical_Update;ScanForUp_ef60e7e4e6114473cf77865f52edff32c01fe733_00000000_8c57e96e-a6e8-49c1-9358-1fbd7147311f

Analysis symbol: 
Rechecking for solution: 0
Report Id: 8c57e96e-a6e8-49c1-9358-1fbd7147311f
Report Status: 4
Hashed bucket: 
Cab Guid: 0"
Information,2025-03-15 9:36:24 AM,Microsoft-Windows-Security-SPP,16384,None,Successfully scheduled Software Protection service for re-start at 2125-02-19T13:36:24Z. Reason: RulesEngine.
Information,2025-03-15 9:35:59 AM,Microsoft-Windows-RestartManager,10005,None,Machine restart is required.
Warning,2025-03-15 9:35:58 AM,Microsoft-Windows-RestartManager,10010,None,Application 'C:\Program Files\Microsoft Office\root\Office16\VISIO.EXE' (pid 21572) cannot be restarted - Application SID does not match Conductor SID..
Warning,2025-03-15 9:35:58 AM,Microsoft-Windows-RestartManager,10010,None,Application 'C:\Program Files\Microsoft Office\root\vfs\ProgramFilesCommonX64\Microsoft Shared\OFFICE16\opushutil.exe' (pid 13316) cannot be restarted - Application SID does not match Conductor SID..
Warning,2025-03-15 9:35:58 AM,Microsoft-Windows-RestartManager,10010,None,Application 'C:\Program Files\Microsoft Office\root\Office16\WINWORD.EXE' (pid 27308) cannot be restarted - Application SID does not match Conductor SID..
Warning,2025-03-15 9:35:58 AM,Microsoft-Windows-RestartManager,10010,None,Application 'C:\Program Files\Microsoft Office\root\Office16\POWERPNT.EXE' (pid 2928) cannot be restarted - Application SID does not match Conductor SID..
Warning,2025-03-15 9:35:58 AM,Microsoft-Windows-RestartManager,10010,None,Application 'C:\Program Files\Microsoft Office\root\vfs\ProgramFilesCommonX64\Microsoft Shared\OFFICE16\AI\ai.exe' (pid 35856) cannot be restarted - Application SID does not match Conductor SID..
Warning,2025-03-15 9:35:58 AM,Microsoft-Windows-RestartManager,10010,None,Application 'C:\Program Files\Microsoft Office\root\vfs\ProgramFilesCommonX64\Microsoft Shared\OFFICE16\AI\ai.exe' (pid 39344) cannot be restarted - Application SID does not match Conductor SID..
Warning,2025-03-15 9:35:58 AM,Microsoft-Windows-RestartManager,10010,None,Application 'C:\Program Files\Microsoft Office\root\vfs\ProgramFilesCommonX64\Microsoft Shared\OFFICE16\AI\ai.exe' (pid 19360) cannot be restarted - Application SID does not match Conductor SID..
Information,2025-03-15 9:35:57 AM,Microsoft-Windows-RestartManager,10000,None,Starting session 0 - ‎2025‎-‎03‎-‎15T13:35:57.750412800Z.
Information,2025-03-15 9:35:54 AM,Microsoft-Windows-RestartManager,10000,None,Starting session 1 - ‎2025‎-‎03‎-‎15T13:35:54.917557700Z.
