Error,2025-03-13 10:09:08 PM,IPF,17,None,ESIF(1.0.11903.2253) TYPE: ERROR MODULE: IPF TIME 476277501 ms

DPTF Build Version:  9.0.11703.48565
DPTF Build Date:  Jul 29 2024 14:19:56
Source File:  C:\jenkins\workspace\dptf\Src\DPTF\Sources\Manager\WorkItem.cpp @ line 204
Executing Function:  WorkItem::writeWorkItemErrorMessagePolicy
Message:  Unhandled exception caught during execution of work item
Framework Event:  DptfAppBroadcastUnprivileged [116]
Policy:  Energy Performance Optimizer Policy [2]
Exception Function:  Policy::executeApplicationOptimizerBroadcastReceived
Exception Text:  
The feature is not implemented.

Error,2025-03-13 10:09:08 PM,IPF,17,None,ESIF(1.0.11903.2253) TYPE: ERROR MODULE: IPF TIME 476277500 ms

DPTF Build Version:  9.0.11703.48565
DPTF Build Date:  Jul 29 2024 14:19:56
Source File:  C:\jenkins\workspace\dptf\Src\DPTF\Sources\Manager\WorkItem.cpp @ line 204
Executing Function:  WorkItem::writeWorkItemErrorMessagePolicy
Message:  Unhandled exception caught during execution of work item
Framework Event:  DptfAppBroadcastUnprivileged [116]
Policy:  Energy Performance Optimizer Policy [2]
Exception Function:  Policy::executeApplicationOptimizerBroadcastReceived
Exception Text:  
The feature is not implemented.

Error,2025-03-13 10:09:08 PM,IPF,17,None,ESIF(1.0.11903.2253) TYPE: ERROR MODULE: IPF TIME 476277499 ms

DPTF Build Version:  9.0.11703.48565
DPTF Build Date:  Jul 29 2024 14:19:56
Source File:  C:\jenkins\workspace\dptf\Src\DPTF\Sources\Manager\WorkItem.cpp @ line 204
Executing Function:  WorkItem::writeWorkItemErrorMessagePolicy
Message:  Unhandled exception caught during execution of work item
Framework Event:  DptfAppBroadcastUnprivileged [116]
Policy:  Energy Performance Optimizer Policy [2]
Exception Function:  Policy::executeApplicationOptimizerBroadcastReceived
Exception Text:  
The feature is not implemented.

Error,2025-03-13 10:09:08 PM,IPF,17,None,ESIF(1.0.11903.2253) TYPE: ERROR MODULE: IPF TIME 476277484 ms

DPTF Build Version:  9.0.11703.48565
DPTF Build Date:  Jul 29 2024 14:19:56
Source File:  C:\jenkins\workspace\dptf\Src\DPTF\Sources\Manager\WorkItem.cpp @ line 204
Executing Function:  WorkItem::writeWorkItemErrorMessagePolicy
Message:  Unhandled exception caught during execution of work item
Framework Event:  DptfAppBroadcastUnprivileged [116]
Policy:  Energy Performance Optimizer Policy [2]
Exception Function:  Policy::executeApplicationOptimizerBroadcastReceived
Exception Text:  
The feature is not implemented.

Error,2025-03-13 10:09:08 PM,IPF,17,None,ESIF(1.0.11903.2253) TYPE: ERROR MODULE: IPF TIME 476277484 ms

DPTF Build Version:  9.0.11703.48565
DPTF Build Date:  Jul 29 2024 14:19:56
Source File:  C:\jenkins\workspace\dptf\Src\DPTF\Sources\Manager\WorkItem.cpp @ line 204
Executing Function:  WorkItem::writeWorkItemErrorMessagePolicy
Message:  Unhandled exception caught during execution of work item
Framework Event:  DptfAppBroadcastUnprivileged [116]
Policy:  Energy Performance Optimizer Policy [2]
Exception Function:  Policy::executeApplicationOptimizerBroadcastReceived
Exception Text:  
The feature is not implemented.

Error,2025-03-13 10:09:07 PM,IPF,17,None,ESIF(1.0.11903.2253) TYPE: ERROR MODULE: IPF TIME 476276624 ms

DPTF Build Version:  9.0.11703.48565
DPTF Build Date:  Jul 29 2024 14:19:56
Source File:  C:\jenkins\workspace\dptf\Src\DPTF\Sources\Manager\WorkItem.cpp @ line 204
Executing Function:  WorkItem::writeWorkItemErrorMessagePolicy
Message:  Unhandled exception caught during execution of work item
Framework Event:  DptfAppBroadcastUnprivileged [116]
Policy:  Energy Performance Optimizer Policy [2]
Exception Function:  Policy::executeApplicationOptimizerBroadcastReceived
Exception Text:  
The feature is not implemented.

Error,2025-03-13 10:09:07 PM,IPF,17,None,ESIF(1.0.11903.2253) TYPE: ERROR MODULE: IPF TIME 476276623 ms

DPTF Build Version:  9.0.11703.48565
DPTF Build Date:  Jul 29 2024 14:19:56
Source File:  C:\jenkins\workspace\dptf\Src\DPTF\Sources\Manager\WorkItem.cpp @ line 204
Executing Function:  WorkItem::writeWorkItemErrorMessagePolicy
Message:  Unhandled exception caught during execution of work item
Framework Event:  DptfAppBroadcastUnprivileged [116]
Policy:  Energy Performance Optimizer Policy [2]
Exception Function:  Policy::executeApplicationOptimizerBroadcastReceived
Exception Text:  
The feature is not implemented.

Error,2025-03-13 10:09:07 PM,IPF,17,None,ESIF(1.0.11903.2253) TYPE: ERROR MODULE: IPF TIME 476276609 ms

DPTF Build Version:  9.0.11703.48565
DPTF Build Date:  Jul 29 2024 14:19:56
Source File:  C:\jenkins\workspace\dptf\Src\DPTF\Sources\Manager\WorkItem.cpp @ line 204
Executing Function:  WorkItem::writeWorkItemErrorMessagePolicy
Message:  Unhandled exception caught during execution of work item
Framework Event:  DptfAppBroadcastUnprivileged [116]
Policy:  Energy Performance Optimizer Policy [2]
Exception Function:  Policy::executeApplicationOptimizerBroadcastReceived
Exception Text:  
The feature is not implemented.

Error,2025-03-13 10:09:07 PM,IPF,17,None,ESIF(1.0.11903.2253) TYPE: ERROR MODULE: IPF TIME 476276594 ms

DPTF Build Version:  9.0.11703.48565
DPTF Build Date:  Jul 29 2024 14:19:56
Source File:  C:\jenkins\workspace\dptf\Src\DPTF\Sources\Manager\WorkItem.cpp @ line 204
Executing Function:  WorkItem::writeWorkItemErrorMessagePolicy
Message:  Unhandled exception caught during execution of work item
Framework Event:  DptfAppBroadcastUnprivileged [116]
Policy:  Energy Performance Optimizer Policy [2]
Exception Function:  Policy::executeApplicationOptimizerBroadcastReceived
Exception Text:  
The feature is not implemented.

Error,2025-03-13 10:09:07 PM,IPF,17,None,ESIF(1.0.11903.2253) TYPE: ERROR MODULE: IPF TIME 476276594 ms

DPTF Build Version:  9.0.11703.48565
DPTF Build Date:  Jul 29 2024 14:19:56
Source File:  C:\jenkins\workspace\dptf\Src\DPTF\Sources\Manager\WorkItem.cpp @ line 204
Executing Function:  WorkItem::writeWorkItemErrorMessagePolicy
Message:  Unhandled exception caught during execution of work item
Framework Event:  DptfAppBroadcastUnprivileged [116]
Policy:  Energy Performance Optimizer Policy [2]
Exception Function:  Policy::executeApplicationOptimizerBroadcastReceived
Exception Text:  
The feature is not implemented.

Error,2025-03-13 10:09:07 PM,IPF,17,None,ESIF(1.0.11903.2253) TYPE: ERROR MODULE: IPF TIME 476276582 ms

DPTF Build Version:  9.0.11703.48565
DPTF Build Date:  Jul 29 2024 14:19:56
Source File:  C:\jenkins\workspace\dptf\Src\DPTF\Sources\Manager\WorkItem.cpp @ line 204
Executing Function:  WorkItem::writeWorkItemErrorMessagePolicy
Message:  Unhandled exception caught during execution of work item
Framework Event:  DptfAppBroadcastUnprivileged [116]
Policy:  Energy Performance Optimizer Policy [2]
Exception Function:  Policy::executeApplicationOptimizerBroadcastReceived
Exception Text:  
The feature is not implemented.

Error,2025-03-13 10:09:07 PM,IPF,17,None,ESIF(1.0.11903.2253) TYPE: ERROR MODULE: IPF TIME 476276581 ms

DPTF Build Version:  9.0.11703.48565
DPTF Build Date:  Jul 29 2024 14:19:56
Source File:  C:\jenkins\workspace\dptf\Src\DPTF\Sources\Manager\WorkItem.cpp @ line 204
Executing Function:  WorkItem::writeWorkItemErrorMessagePolicy
Message:  Unhandled exception caught during execution of work item
Framework Event:  DptfAppBroadcastUnprivileged [116]
Policy:  Energy Performance Optimizer Policy [2]
Exception Function:  Policy::executeApplicationOptimizerBroadcastReceived
Exception Text:  
The feature is not implemented.

Error,2025-03-13 10:09:07 PM,IPF,17,None,ESIF(1.0.11903.2253) TYPE: ERROR MODULE: IPF TIME 476276580 ms

DPTF Build Version:  9.0.11703.48565
DPTF Build Date:  Jul 29 2024 14:19:56
Source File:  C:\jenkins\workspace\dptf\Src\DPTF\Sources\Manager\WorkItem.cpp @ line 204
Executing Function:  WorkItem::writeWorkItemErrorMessagePolicy
Message:  Unhandled exception caught during execution of work item
Framework Event:  DptfAppBroadcastUnprivileged [116]
Policy:  Energy Performance Optimizer Policy [2]
Exception Function:  Policy::executeApplicationOptimizerBroadcastReceived
Exception Text:  
The feature is not implemented.

Error,2025-03-13 10:09:07 PM,IPF,17,None,ESIF(1.0.11903.2253) TYPE: ERROR MODULE: IPF TIME 476276580 ms

DPTF Build Version:  9.0.11703.48565
DPTF Build Date:  Jul 29 2024 14:19:56
Source File:  C:\jenkins\workspace\dptf\Src\DPTF\Sources\Manager\WorkItem.cpp @ line 204
Executing Function:  WorkItem::writeWorkItemErrorMessagePolicy
Message:  Unhandled exception caught during execution of work item
Framework Event:  DptfAppBroadcastUnprivileged [116]
Policy:  Energy Performance Optimizer Policy [2]
Exception Function:  Policy::executeApplicationOptimizerBroadcastReceived
Exception Text:  
The feature is not implemented.

Error,2025-03-13 10:09:07 PM,IPF,17,None,ESIF(1.0.11903.2253) TYPE: ERROR MODULE: IPF TIME 476276578 ms

DPTF Build Version:  9.0.11703.48565
DPTF Build Date:  Jul 29 2024 14:19:56
Source File:  C:\jenkins\workspace\dptf\Src\DPTF\Sources\Manager\WorkItem.cpp @ line 204
Executing Function:  WorkItem::writeWorkItemErrorMessagePolicy
Message:  Unhandled exception caught during execution of work item
Framework Event:  DptfAppBroadcastUnprivileged [116]
Policy:  Energy Performance Optimizer Policy [2]
Exception Function:  Policy::executeApplicationOptimizerBroadcastReceived
Exception Text:  
The feature is not implemented.

Error,2025-03-13 10:09:07 PM,IPF,17,None,ESIF(1.0.11903.2253) TYPE: ERROR MODULE: IPF TIME 476276577 ms

DPTF Build Version:  9.0.11703.48565
DPTF Build Date:  Jul 29 2024 14:19:56
Source File:  C:\jenkins\workspace\dptf\Src\DPTF\Sources\Manager\WorkItem.cpp @ line 204
Executing Function:  WorkItem::writeWorkItemErrorMessagePolicy
Message:  Unhandled exception caught during execution of work item
Framework Event:  DptfAppBroadcastUnprivileged [116]
Policy:  Energy Performance Optimizer Policy [2]
Exception Function:  Policy::executeApplicationOptimizerBroadcastReceived
Exception Text:  
The feature is not implemented.

Error,2025-03-13 10:09:07 PM,IPF,17,None,ESIF(1.0.11903.2253) TYPE: ERROR MODULE: IPF TIME 476276577 ms

DPTF Build Version:  9.0.11703.48565
DPTF Build Date:  Jul 29 2024 14:19:56
Source File:  C:\jenkins\workspace\dptf\Src\DPTF\Sources\Manager\WorkItem.cpp @ line 204
Executing Function:  WorkItem::writeWorkItemErrorMessagePolicy
Message:  Unhandled exception caught during execution of work item
Framework Event:  DptfAppBroadcastUnprivileged [116]
Policy:  Energy Performance Optimizer Policy [2]
Exception Function:  Policy::executeApplicationOptimizerBroadcastReceived
Exception Text:  
The feature is not implemented.

Error,2025-03-13 10:09:07 PM,IPF,17,None,ESIF(1.0.11903.2253) TYPE: ERROR MODULE: IPF TIME 476276576 ms

DPTF Build Version:  9.0.11703.48565
DPTF Build Date:  Jul 29 2024 14:19:56
Source File:  C:\jenkins\workspace\dptf\Src\DPTF\Sources\Manager\WorkItem.cpp @ line 204
Executing Function:  WorkItem::writeWorkItemErrorMessagePolicy
Message:  Unhandled exception caught during execution of work item
Framework Event:  DptfAppBroadcastUnprivileged [116]
Policy:  Energy Performance Optimizer Policy [2]
Exception Function:  Policy::executeApplicationOptimizerBroadcastReceived
Exception Text:  
The feature is not implemented.

Error,2025-03-13 10:09:07 PM,IPF,17,None,ESIF(1.0.11903.2253) TYPE: ERROR MODULE: IPF TIME 476276575 ms

DPTF Build Version:  9.0.11703.48565
DPTF Build Date:  Jul 29 2024 14:19:56
Source File:  C:\jenkins\workspace\dptf\Src\DPTF\Sources\Manager\WorkItem.cpp @ line 204
Executing Function:  WorkItem::writeWorkItemErrorMessagePolicy
Message:  Unhandled exception caught during execution of work item
Framework Event:  DptfAppBroadcastUnprivileged [116]
Policy:  Energy Performance Optimizer Policy [2]
Exception Function:  Policy::executeApplicationOptimizerBroadcastReceived
Exception Text:  
The feature is not implemented.

Error,2025-03-13 10:09:07 PM,IPF,17,None,ESIF(1.0.11903.2253) TYPE: ERROR MODULE: IPF TIME 476276574 ms

DPTF Build Version:  9.0.11703.48565
DPTF Build Date:  Jul 29 2024 14:19:56
Source File:  C:\jenkins\workspace\dptf\Src\DPTF\Sources\Manager\WorkItem.cpp @ line 204
Executing Function:  WorkItem::writeWorkItemErrorMessagePolicy
Message:  Unhandled exception caught during execution of work item
Framework Event:  DptfAppBroadcastUnprivileged [116]
Policy:  Energy Performance Optimizer Policy [2]
Exception Function:  Policy::executeApplicationOptimizerBroadcastReceived
Exception Text:  
The feature is not implemented.

Error,2025-03-13 10:09:07 PM,IPF,17,None,ESIF(1.0.11903.2253) TYPE: ERROR MODULE: IPF TIME 476276503 ms

DPTF Build Version:  9.0.11703.48565
DPTF Build Date:  Jul 29 2024 14:19:56
Source File:  C:\jenkins\workspace\dptf\Src\DPTF\Sources\Manager\WorkItem.cpp @ line 204
Executing Function:  WorkItem::writeWorkItemErrorMessagePolicy
Message:  Unhandled exception caught during execution of work item
Framework Event:  DptfAppBroadcastUnprivileged [116]
Policy:  Energy Performance Optimizer Policy [2]
Exception Function:  Policy::executeApplicationOptimizerBroadcastReceived
Exception Text:  
The feature is not implemented.

Error,2025-03-13 10:09:07 PM,IPF,17,None,ESIF(1.0.11903.2253) TYPE: ERROR MODULE: IPF TIME 476276492 ms

DPTF Build Version:  9.0.11703.48565
DPTF Build Date:  Jul 29 2024 14:19:56
Source File:  C:\jenkins\workspace\dptf\Src\DPTF\Sources\Manager\WorkItem.cpp @ line 204
Executing Function:  WorkItem::writeWorkItemErrorMessagePolicy
Message:  Unhandled exception caught during execution of work item
Framework Event:  DptfAppBroadcastUnprivileged [116]
Policy:  Energy Performance Optimizer Policy [2]
Exception Function:  Policy::executeApplicationOptimizerBroadcastReceived
Exception Text:  
The feature is not implemented.

Error,2025-03-13 10:09:07 PM,IPF,17,None,ESIF(1.0.11903.2253) TYPE: ERROR MODULE: IPF TIME 476276490 ms

DPTF Build Version:  9.0.11703.48565
DPTF Build Date:  Jul 29 2024 14:19:56
Source File:  C:\jenkins\workspace\dptf\Src\DPTF\Sources\Manager\WorkItem.cpp @ line 204
Executing Function:  WorkItem::writeWorkItemErrorMessagePolicy
Message:  Unhandled exception caught during execution of work item
Framework Event:  DptfAppBroadcastUnprivileged [116]
Policy:  Energy Performance Optimizer Policy [2]
Exception Function:  Policy::executeApplicationOptimizerBroadcastReceived
Exception Text:  
The feature is not implemented.

Error,2025-03-13 10:09:07 PM,IPF,17,None,ESIF(1.0.11903.2253) TYPE: ERROR MODULE: IPF TIME 476276488 ms

DPTF Build Version:  9.0.11703.48565
DPTF Build Date:  Jul 29 2024 14:19:56
Source File:  C:\jenkins\workspace\dptf\Src\DPTF\Sources\Manager\WorkItem.cpp @ line 204
Executing Function:  WorkItem::writeWorkItemErrorMessagePolicy
Message:  Unhandled exception caught during execution of work item
Framework Event:  DptfAppBroadcastUnprivileged [116]
Policy:  Energy Performance Optimizer Policy [2]
Exception Function:  Policy::executeApplicationOptimizerBroadcastReceived
Exception Text:  
The feature is not implemented.

Error,2025-03-13 10:09:07 PM,IPF,17,None,ESIF(1.0.11903.2253) TYPE: ERROR MODULE: IPF TIME 476276487 ms

DPTF Build Version:  9.0.11703.48565
DPTF Build Date:  Jul 29 2024 14:19:56
Source File:  C:\jenkins\workspace\dptf\Src\DPTF\Sources\Manager\WorkItem.cpp @ line 204
Executing Function:  WorkItem::writeWorkItemErrorMessagePolicy
Message:  Unhandled exception caught during execution of work item
Framework Event:  DptfAppBroadcastUnprivileged [116]
Policy:  Energy Performance Optimizer Policy [2]
Exception Function:  Policy::executeApplicationOptimizerBroadcastReceived
Exception Text:  
The feature is not implemented.

Error,2025-03-13 10:09:07 PM,IPF,17,None,ESIF(1.0.11903.2253) TYPE: ERROR MODULE: IPF TIME 476276473 ms

DPTF Build Version:  9.0.11703.48565
DPTF Build Date:  Jul 29 2024 14:19:56
Source File:  C:\jenkins\workspace\dptf\Src\DPTF\Sources\Manager\WorkItem.cpp @ line 204
Executing Function:  WorkItem::writeWorkItemErrorMessagePolicy
Message:  Unhandled exception caught during execution of work item
Framework Event:  DptfAppBroadcastUnprivileged [116]
Policy:  Energy Performance Optimizer Policy [2]
Exception Function:  Policy::executeApplicationOptimizerBroadcastReceived
Exception Text:  
The feature is not implemented.

Error,2025-03-13 10:09:07 PM,IPF,17,None,ESIF(1.0.11903.2253) TYPE: ERROR MODULE: IPF TIME 476276471 ms

DPTF Build Version:  9.0.11703.48565
DPTF Build Date:  Jul 29 2024 14:19:56
Source File:  C:\jenkins\workspace\dptf\Src\DPTF\Sources\Manager\WorkItem.cpp @ line 204
Executing Function:  WorkItem::writeWorkItemErrorMessagePolicy
Message:  Unhandled exception caught during execution of work item
Framework Event:  DptfAppBroadcastUnprivileged [116]
Policy:  Energy Performance Optimizer Policy [2]
Exception Function:  Policy::executeApplicationOptimizerBroadcastReceived
Exception Text:  
The feature is not implemented.

Information,2025-03-13 10:09:07 PM,Windows Error Reporting,1001,None,"Fault bucket , type 0
Event Name: BEX64
Response: Not available
Cab Id: 0

Problem signature:
P1: UIHost.exe
P2: 4.1.1.859
P3: 65957eb8
P4: DSREG.DLL_unloaded
P5: 10.0.22621.2506
P6: 37b00de2
P7: 0000000000051bb0
P8: c0000005
P9: 0000000000000008
P10: 

Attached files:
\\?\C:\ProgramData\Microsoft\Windows\WER\Temp\WER.b1dbadce-b780-4813-ab02-83d2d460a12b.tmp.WERInternalMetadata.xml

These files may be available here:
\\?\C:\ProgramData\Microsoft\Windows\WER\ReportQueue\AppCrash_UIHost.exe_fdd4c8933634103ca78abb63f0d82e7404cb8_117cc9cf_a53c7603-c6c8-43d6-9b7b-9afec52b8046

Analysis symbol: 
Rechecking for solution: 0
Report Id: b9ff0f82-7c4e-4636-902a-2fb3bf9705ff
Report Status: 102
Hashed bucket: 
Cab Guid: 0"
Information,2025-03-13 10:09:07 PM,Microsoft-Windows-RestartManager,10005,None,Machine restart is required.
Warning,2025-03-13 10:09:06 PM,Microsoft-Windows-RestartManager,10010,None,Application 'C:\Program Files\Microsoft Office\root\Office16\WINWORD.EXE' (pid 27308) cannot be restarted - Application SID does not match Conductor SID..
Error,2025-03-13 10:09:06 PM,IPF,17,None,ESIF(1.0.11903.2253) TYPE: ERROR MODULE: IPF TIME 476275614 ms

DPTF Build Version:  9.0.11703.48565
DPTF Build Date:  Jul 29 2024 14:19:56
Source File:  C:\jenkins\workspace\dptf\Src\DPTF\Sources\Manager\WorkItem.cpp @ line 204
Executing Function:  WorkItem::writeWorkItemErrorMessagePolicy
Message:  Unhandled exception caught during execution of work item
Framework Event:  DptfAppBroadcastUnprivileged [116]
Policy:  Energy Performance Optimizer Policy [2]
Exception Function:  Policy::executeApplicationOptimizerBroadcastReceived
Exception Text:  
The feature is not implemented.

Error,2025-03-13 10:09:06 PM,IPF,17,None,ESIF(1.0.11903.2253) TYPE: ERROR MODULE: IPF TIME 476275613 ms

DPTF Build Version:  9.0.11703.48565
DPTF Build Date:  Jul 29 2024 14:19:56
Source File:  C:\jenkins\workspace\dptf\Src\DPTF\Sources\Manager\WorkItem.cpp @ line 204
Executing Function:  WorkItem::writeWorkItemErrorMessagePolicy
Message:  Unhandled exception caught during execution of work item
Framework Event:  DptfAppBroadcastUnprivileged [116]
Policy:  Energy Performance Optimizer Policy [2]
Exception Function:  Policy::executeApplicationOptimizerBroadcastReceived
Exception Text:  
The feature is not implemented.

Warning,2025-03-13 10:09:06 PM,Microsoft-Windows-RestartManager,10010,None,Application 'C:\Program Files\Microsoft Office\root\Office16\POWERPNT.EXE' (pid 2928) cannot be restarted - Application SID does not match Conductor SID..
Error,2025-03-13 10:09:06 PM,IPF,17,None,ESIF(1.0.11903.2253) TYPE: ERROR MODULE: IPF TIME 476275596 ms

DPTF Build Version:  9.0.11703.48565
DPTF Build Date:  Jul 29 2024 14:19:56
Source File:  C:\jenkins\workspace\dptf\Src\DPTF\Sources\Manager\WorkItem.cpp @ line 204
Executing Function:  WorkItem::writeWorkItemErrorMessagePolicy
Message:  Unhandled exception caught during execution of work item
Framework Event:  DptfAppBroadcastUnprivileged [116]
Policy:  Energy Performance Optimizer Policy [2]
Exception Function:  Policy::executeApplicationOptimizerBroadcastReceived
Exception Text:  
The feature is not implemented.

Error,2025-03-13 10:09:06 PM,IPF,17,None,ESIF(1.0.11903.2253) TYPE: ERROR MODULE: IPF TIME 476275582 ms

DPTF Build Version:  9.0.11703.48565
DPTF Build Date:  Jul 29 2024 14:19:56
Source File:  C:\jenkins\workspace\dptf\Src\DPTF\Sources\Manager\WorkItem.cpp @ line 204
Executing Function:  WorkItem::writeWorkItemErrorMessagePolicy
Message:  Unhandled exception caught during execution of work item
Framework Event:  DptfAppBroadcastUnprivileged [116]
Policy:  Energy Performance Optimizer Policy [2]
Exception Function:  Policy::executeApplicationOptimizerBroadcastReceived
Exception Text:  
The feature is not implemented.

Error,2025-03-13 10:09:06 PM,IPF,17,None,ESIF(1.0.11903.2253) TYPE: ERROR MODULE: IPF TIME 476275581 ms

DPTF Build Version:  9.0.11703.48565
DPTF Build Date:  Jul 29 2024 14:19:56
Source File:  C:\jenkins\workspace\dptf\Src\DPTF\Sources\Manager\WorkItem.cpp @ line 204
Executing Function:  WorkItem::writeWorkItemErrorMessagePolicy
Message:  Unhandled exception caught during execution of work item
Framework Event:  DptfAppBroadcastUnprivileged [116]
Policy:  Energy Performance Optimizer Policy [2]
Exception Function:  Policy::executeApplicationOptimizerBroadcastReceived
Exception Text:  
The feature is not implemented.

Warning,2025-03-13 10:09:06 PM,Microsoft-Windows-RestartManager,10010,None,Application 'C:\Program Files\Microsoft Office\root\vfs\ProgramFilesCommonX64\Microsoft Shared\OFFICE16\AI\ai.exe' (pid 39344) cannot be restarted - Application SID does not match Conductor SID..
Error,2025-03-13 10:09:06 PM,IPF,17,None,ESIF(1.0.11903.2253) TYPE: ERROR MODULE: IPF TIME 476275552 ms

DPTF Build Version:  9.0.11703.48565
DPTF Build Date:  Jul 29 2024 14:19:56
Source File:  C:\jenkins\workspace\dptf\Src\DPTF\Sources\Manager\WorkItem.cpp @ line 204
Executing Function:  WorkItem::writeWorkItemErrorMessagePolicy
Message:  Unhandled exception caught during execution of work item
Framework Event:  DptfAppBroadcastUnprivileged [116]
Policy:  Energy Performance Optimizer Policy [2]
Exception Function:  Policy::executeApplicationOptimizerBroadcastReceived
Exception Text:  
The feature is not implemented.

Warning,2025-03-13 10:09:06 PM,Microsoft-Windows-RestartManager,10010,None,Application 'C:\Program Files\Microsoft Office\root\vfs\ProgramFilesCommonX64\Microsoft Shared\OFFICE16\AI\ai.exe' (pid 19360) cannot be restarted - Application SID does not match Conductor SID..
Error,2025-03-13 10:09:06 PM,IPF,17,None,ESIF(1.0.11903.2253) TYPE: ERROR MODULE: IPF TIME 476275551 ms

DPTF Build Version:  9.0.11703.48565
DPTF Build Date:  Jul 29 2024 14:19:56
Source File:  C:\jenkins\workspace\dptf\Src\DPTF\Sources\Manager\WorkItem.cpp @ line 204
Executing Function:  WorkItem::writeWorkItemErrorMessagePolicy
Message:  Unhandled exception caught during execution of work item
Framework Event:  DptfAppBroadcastUnprivileged [116]
Policy:  Energy Performance Optimizer Policy [2]
Exception Function:  Policy::executeApplicationOptimizerBroadcastReceived
Exception Text:  
The feature is not implemented.

Error,2025-03-13 10:09:06 PM,IPF,17,None,ESIF(1.0.11903.2253) TYPE: ERROR MODULE: IPF TIME 476275541 ms

DPTF Build Version:  9.0.11703.48565
DPTF Build Date:  Jul 29 2024 14:19:56
Source File:  C:\jenkins\workspace\dptf\Src\DPTF\Sources\Manager\WorkItem.cpp @ line 204
Executing Function:  WorkItem::writeWorkItemErrorMessagePolicy
Message:  Unhandled exception caught during execution of work item
Framework Event:  DptfAppBroadcastUnprivileged [116]
Policy:  Energy Performance Optimizer Policy [2]
Exception Function:  Policy::executeApplicationOptimizerBroadcastReceived
Exception Text:  
The feature is not implemented.

Error,2025-03-13 10:09:06 PM,IPF,17,None,ESIF(1.0.11903.2253) TYPE: ERROR MODULE: IPF TIME 476275540 ms

DPTF Build Version:  9.0.11703.48565
DPTF Build Date:  Jul 29 2024 14:19:56
Source File:  C:\jenkins\workspace\dptf\Src\DPTF\Sources\Manager\WorkItem.cpp @ line 204
Executing Function:  WorkItem::writeWorkItemErrorMessagePolicy
Message:  Unhandled exception caught during execution of work item
Framework Event:  DptfAppBroadcastUnprivileged [116]
Policy:  Energy Performance Optimizer Policy [2]
Exception Function:  Policy::executeApplicationOptimizerBroadcastReceived
Exception Text:  
The feature is not implemented.

Error,2025-03-13 10:09:06 PM,IPF,17,None,ESIF(1.0.11903.2253) TYPE: ERROR MODULE: IPF TIME 476275539 ms

DPTF Build Version:  9.0.11703.48565
DPTF Build Date:  Jul 29 2024 14:19:56
Source File:  C:\jenkins\workspace\dptf\Src\DPTF\Sources\Manager\WorkItem.cpp @ line 204
Executing Function:  WorkItem::writeWorkItemErrorMessagePolicy
Message:  Unhandled exception caught during execution of work item
Framework Event:  DptfAppBroadcastUnprivileged [116]
Policy:  Energy Performance Optimizer Policy [2]
Exception Function:  Policy::executeApplicationOptimizerBroadcastReceived
Exception Text:  
The feature is not implemented.

Error,2025-03-13 10:09:06 PM,IPF,17,None,ESIF(1.0.11903.2253) TYPE: ERROR MODULE: IPF TIME 476275537 ms

DPTF Build Version:  9.0.11703.48565
DPTF Build Date:  Jul 29 2024 14:19:56
Source File:  C:\jenkins\workspace\dptf\Src\DPTF\Sources\Manager\WorkItem.cpp @ line 204
Executing Function:  WorkItem::writeWorkItemErrorMessagePolicy
Message:  Unhandled exception caught during execution of work item
Framework Event:  DptfAppBroadcastUnprivileged [116]
Policy:  Energy Performance Optimizer Policy [2]
Exception Function:  Policy::executeApplicationOptimizerBroadcastReceived
Exception Text:  
The feature is not implemented.

Error,2025-03-13 10:09:06 PM,IPF,17,None,ESIF(1.0.11903.2253) TYPE: ERROR MODULE: IPF TIME 476275525 ms

DPTF Build Version:  9.0.11703.48565
DPTF Build Date:  Jul 29 2024 14:19:56
Source File:  C:\jenkins\workspace\dptf\Src\DPTF\Sources\Manager\WorkItem.cpp @ line 204
Executing Function:  WorkItem::writeWorkItemErrorMessagePolicy
Message:  Unhandled exception caught during execution of work item
Framework Event:  DptfAppBroadcastUnprivileged [116]
Policy:  Energy Performance Optimizer Policy [2]
Exception Function:  Policy::executeApplicationOptimizerBroadcastReceived
Exception Text:  
The feature is not implemented.

Error,2025-03-13 10:09:06 PM,IPF,17,None,ESIF(1.0.11903.2253) TYPE: ERROR MODULE: IPF TIME 476275511 ms

DPTF Build Version:  9.0.11703.48565
DPTF Build Date:  Jul 29 2024 14:19:56
Source File:  C:\jenkins\workspace\dptf\Src\DPTF\Sources\Manager\WorkItem.cpp @ line 204
Executing Function:  WorkItem::writeWorkItemErrorMessagePolicy
Message:  Unhandled exception caught during execution of work item
Framework Event:  DptfAppBroadcastUnprivileged [116]
Policy:  Energy Performance Optimizer Policy [2]
Exception Function:  Policy::executeApplicationOptimizerBroadcastReceived
Exception Text:  
The feature is not implemented.

Error,2025-03-13 10:09:06 PM,IPF,17,None,ESIF(1.0.11903.2253) TYPE: ERROR MODULE: IPF TIME 476275507 ms

DPTF Build Version:  9.0.11703.48565
DPTF Build Date:  Jul 29 2024 14:19:56
Source File:  C:\jenkins\workspace\dptf\Src\DPTF\Sources\Manager\WorkItem.cpp @ line 204
Executing Function:  WorkItem::writeWorkItemErrorMessagePolicy
Message:  Unhandled exception caught during execution of work item
Framework Event:  DptfAppBroadcastUnprivileged [116]
Policy:  Energy Performance Optimizer Policy [2]
Exception Function:  Policy::executeApplicationOptimizerBroadcastReceived
Exception Text:  
The feature is not implemented.

Error,2025-03-13 10:09:06 PM,IPF,17,None,ESIF(1.0.11903.2253) TYPE: ERROR MODULE: IPF TIME 476275506 ms

DPTF Build Version:  9.0.11703.48565
DPTF Build Date:  Jul 29 2024 14:19:56
Source File:  C:\jenkins\workspace\dptf\Src\DPTF\Sources\Manager\WorkItem.cpp @ line 204
Executing Function:  WorkItem::writeWorkItemErrorMessagePolicy
Message:  Unhandled exception caught during execution of work item
Framework Event:  DptfAppBroadcastUnprivileged [116]
Policy:  Energy Performance Optimizer Policy [2]
Exception Function:  Policy::executeApplicationOptimizerBroadcastReceived
Exception Text:  
The feature is not implemented.

Error,2025-03-13 10:09:06 PM,IPF,17,None,ESIF(1.0.11903.2253) TYPE: ERROR MODULE: IPF TIME 476275492 ms

DPTF Build Version:  9.0.11703.48565
DPTF Build Date:  Jul 29 2024 14:19:56
Source File:  C:\jenkins\workspace\dptf\Src\DPTF\Sources\Manager\WorkItem.cpp @ line 204
Executing Function:  WorkItem::writeWorkItemErrorMessagePolicy
Message:  Unhandled exception caught during execution of work item
Framework Event:  DptfAppBroadcastUnprivileged [116]
Policy:  Energy Performance Optimizer Policy [2]
Exception Function:  Policy::executeApplicationOptimizerBroadcastReceived
Exception Text:  
The feature is not implemented.

Error,2025-03-13 10:09:06 PM,IPF,17,None,ESIF(1.0.11903.2253) TYPE: ERROR MODULE: IPF TIME 476275479 ms

DPTF Build Version:  9.0.11703.48565
DPTF Build Date:  Jul 29 2024 14:19:56
Source File:  C:\jenkins\workspace\dptf\Src\DPTF\Sources\Manager\WorkItem.cpp @ line 204
Executing Function:  WorkItem::writeWorkItemErrorMessagePolicy
Message:  Unhandled exception caught during execution of work item
Framework Event:  DptfAppBroadcastUnprivileged [116]
Policy:  Energy Performance Optimizer Policy [2]
Exception Function:  Policy::executeApplicationOptimizerBroadcastReceived
Exception Text:  
The feature is not implemented.

Error,2025-03-13 10:09:06 PM,IPF,17,None,ESIF(1.0.11903.2253) TYPE: ERROR MODULE: IPF TIME 476275478 ms

DPTF Build Version:  9.0.11703.48565
DPTF Build Date:  Jul 29 2024 14:19:56
Source File:  C:\jenkins\workspace\dptf\Src\DPTF\Sources\Manager\WorkItem.cpp @ line 204
Executing Function:  WorkItem::writeWorkItemErrorMessagePolicy
Message:  Unhandled exception caught during execution of work item
Framework Event:  DptfAppBroadcastUnprivileged [116]
Policy:  Energy Performance Optimizer Policy [2]
Exception Function:  Policy::executeApplicationOptimizerBroadcastReceived
Exception Text:  
The feature is not implemented.

Error,2025-03-13 10:09:06 PM,IPF,17,None,ESIF(1.0.11903.2253) TYPE: ERROR MODULE: IPF TIME 476275477 ms

DPTF Build Version:  9.0.11703.48565
DPTF Build Date:  Jul 29 2024 14:19:56
Source File:  C:\jenkins\workspace\dptf\Src\DPTF\Sources\Manager\WorkItem.cpp @ line 204
Executing Function:  WorkItem::writeWorkItemErrorMessagePolicy
Message:  Unhandled exception caught during execution of work item
Framework Event:  DptfAppBroadcastUnprivileged [116]
Policy:  Energy Performance Optimizer Policy [2]
Exception Function:  Policy::executeApplicationOptimizerBroadcastReceived
Exception Text:  
The feature is not implemented.

Error,2025-03-13 10:09:06 PM,IPF,17,None,ESIF(1.0.11903.2253) TYPE: ERROR MODULE: IPF TIME 476275476 ms

DPTF Build Version:  9.0.11703.48565
DPTF Build Date:  Jul 29 2024 14:19:56
Source File:  C:\jenkins\workspace\dptf\Src\DPTF\Sources\Manager\WorkItem.cpp @ line 204
Executing Function:  WorkItem::writeWorkItemErrorMessagePolicy
Message:  Unhandled exception caught during execution of work item
Framework Event:  DptfAppBroadcastUnprivileged [116]
Policy:  Energy Performance Optimizer Policy [2]
Exception Function:  Policy::executeApplicationOptimizerBroadcastReceived
Exception Text:  
The feature is not implemented.

Error,2025-03-13 10:09:06 PM,IPF,17,None,ESIF(1.0.11903.2253) TYPE: ERROR MODULE: IPF TIME 476275463 ms

DPTF Build Version:  9.0.11703.48565
DPTF Build Date:  Jul 29 2024 14:19:56
Source File:  C:\jenkins\workspace\dptf\Src\DPTF\Sources\Manager\WorkItem.cpp @ line 204
Executing Function:  WorkItem::writeWorkItemErrorMessagePolicy
Message:  Unhandled exception caught during execution of work item
Framework Event:  DptfAppBroadcastUnprivileged [116]
Policy:  Energy Performance Optimizer Policy [2]
Exception Function:  Policy::executeApplicationOptimizerBroadcastReceived
Exception Text:  
The feature is not implemented.

Error,2025-03-13 10:09:06 PM,IPF,17,None,ESIF(1.0.11903.2253) TYPE: ERROR MODULE: IPF TIME 476275461 ms

DPTF Build Version:  9.0.11703.48565
DPTF Build Date:  Jul 29 2024 14:19:56
Source File:  C:\jenkins\workspace\dptf\Src\DPTF\Sources\Manager\WorkItem.cpp @ line 204
Executing Function:  WorkItem::writeWorkItemErrorMessagePolicy
Message:  Unhandled exception caught during execution of work item
Framework Event:  DptfAppBroadcastUnprivileged [116]
Policy:  Energy Performance Optimizer Policy [2]
Exception Function:  Policy::executeApplicationOptimizerBroadcastReceived
Exception Text:  
The feature is not implemented.

Information,2025-03-13 10:09:06 PM,Windows Error Reporting,1001,None,"Fault bucket , type 0
Event Name: BEX64
Response: Not available
Cab Id: 0

Problem signature:
P1: UIHost.exe
P2: 4.1.1.859
P3: 65957eb8
P4: DSREG.DLL_unloaded
P5: 10.0.22621.2506
P6: 37b00de2
P7: 0000000000051bb0
P8: c0000005
P9: 0000000000000008
P10: 

Attached files:
\\?\C:\ProgramData\Microsoft\Windows\WER\Temp\WER.abcf2fc6-9b05-4099-8b03-b23881fe16f4.tmp.WERInternalMetadata.xml

These files may be available here:
\\?\C:\ProgramData\Microsoft\Windows\WER\ReportQueue\AppCrash_UIHost.exe_fdd4c8933634103ca78abb63f0d82e7404cb8_117cc9cf_1d8593f2-4598-4600-8301-e5d9991ced0c

Analysis symbol: 
Rechecking for solution: 0
Report Id: cb818489-616b-44de-b636-dbc0b1b3df5e
Report Status: 102
Hashed bucket: 
Cab Guid: 0"
Information,2025-03-13 10:09:05 PM,Microsoft-Windows-RestartManager,10000,None,Starting session 0 - ‎2025‎-‎03‎-‎14T02:09:05.937512800Z.
Information,2025-03-13 10:09:05 PM,Windows Error Reporting,1001,None,"Fault bucket , type 0
Event Name: BEX64
Response: Not available
Cab Id: 0

Problem signature:
P1: UIHost.exe
P2: 4.1.1.859
P3: 65957eb8
P4: DSREG.DLL_unloaded
P5: 10.0.22621.2506
P6: 37b00de2
P7: 0000000000051bb0
P8: c0000005
P9: 0000000000000008
P10: 

Attached files:
\\?\C:\ProgramData\Microsoft\Windows\WER\Temp\WER.02730a95-ab43-4812-97bc-537855fb4d8f.tmp.WERInternalMetadata.xml

These files may be available here:
\\?\C:\ProgramData\Microsoft\Windows\WER\ReportQueue\AppCrash_UIHost.exe_fdd4c8933634103ca78abb63f0d82e7404cb8_117cc9cf_957c7357-40b6-45d7-b40e-062322be03cf

Analysis symbol: 
Rechecking for solution: 0
Report Id: 2437ab33-65fe-425f-8b2c-45a1629b1e7e
Report Status: 102
Hashed bucket: 
Cab Guid: 0"
Error,2025-03-13 10:09:05 PM,IPF,17,None,ESIF(1.0.11903.2253) TYPE: ERROR MODULE: IPF TIME 476274598 ms

DPTF Build Version:  9.0.11703.48565
DPTF Build Date:  Jul 29 2024 14:19:56
Source File:  C:\jenkins\workspace\dptf\Src\DPTF\Sources\Manager\WorkItem.cpp @ line 204
Executing Function:  WorkItem::writeWorkItemErrorMessagePolicy
Message:  Unhandled exception caught during execution of work item
Framework Event:  DptfAppBroadcastUnprivileged [116]
Policy:  Energy Performance Optimizer Policy [2]
Exception Function:  Policy::executeApplicationOptimizerBroadcastReceived
Exception Text:  
The feature is not implemented.

Error,2025-03-13 10:09:05 PM,IPF,17,None,ESIF(1.0.11903.2253) TYPE: ERROR MODULE: IPF TIME 476274591 ms

DPTF Build Version:  9.0.11703.48565
DPTF Build Date:  Jul 29 2024 14:19:56
Source File:  C:\jenkins\workspace\dptf\Src\DPTF\Sources\Manager\WorkItem.cpp @ line 204
Executing Function:  WorkItem::writeWorkItemErrorMessagePolicy
Message:  Unhandled exception caught during execution of work item
Framework Event:  DptfAppBroadcastUnprivileged [116]
Policy:  Energy Performance Optimizer Policy [2]
Exception Function:  Policy::executeApplicationOptimizerBroadcastReceived
Exception Text:  
The feature is not implemented.

Error,2025-03-13 10:09:05 PM,IPF,17,None,ESIF(1.0.11903.2253) TYPE: ERROR MODULE: IPF TIME 476274588 ms

DPTF Build Version:  9.0.11703.48565
DPTF Build Date:  Jul 29 2024 14:19:56
Source File:  C:\jenkins\workspace\dptf\Src\DPTF\Sources\Manager\WorkItem.cpp @ line 204
Executing Function:  WorkItem::writeWorkItemErrorMessagePolicy
Message:  Unhandled exception caught during execution of work item
Framework Event:  DptfAppBroadcastUnprivileged [116]
Policy:  Energy Performance Optimizer Policy [2]
Exception Function:  Policy::executeApplicationOptimizerBroadcastReceived
Exception Text:  
The feature is not implemented.

Error,2025-03-13 10:09:05 PM,IPF,17,None,ESIF(1.0.11903.2253) TYPE: ERROR MODULE: IPF TIME 476274578 ms

DPTF Build Version:  9.0.11703.48565
DPTF Build Date:  Jul 29 2024 14:19:56
Source File:  C:\jenkins\workspace\dptf\Src\DPTF\Sources\Manager\WorkItem.cpp @ line 204
Executing Function:  WorkItem::writeWorkItemErrorMessagePolicy
Message:  Unhandled exception caught during execution of work item
Framework Event:  DptfAppBroadcastUnprivileged [116]
Policy:  Energy Performance Optimizer Policy [2]
Exception Function:  Policy::executeApplicationOptimizerBroadcastReceived
Exception Text:  
The feature is not implemented.

Error,2025-03-13 10:09:05 PM,IPF,17,None,ESIF(1.0.11903.2253) TYPE: ERROR MODULE: IPF TIME 476274566 ms

DPTF Build Version:  9.0.11703.48565
DPTF Build Date:  Jul 29 2024 14:19:56
Source File:  C:\jenkins\workspace\dptf\Src\DPTF\Sources\Manager\WorkItem.cpp @ line 204
Executing Function:  WorkItem::writeWorkItemErrorMessagePolicy
Message:  Unhandled exception caught during execution of work item
Framework Event:  DptfAppBroadcastUnprivileged [116]
Policy:  Energy Performance Optimizer Policy [2]
Exception Function:  Policy::executeApplicationOptimizerBroadcastReceived
Exception Text:  
The feature is not implemented.

Error,2025-03-13 10:09:05 PM,IPF,17,None,ESIF(1.0.11903.2253) TYPE: ERROR MODULE: IPF TIME 476274549 ms

DPTF Build Version:  9.0.11703.48565
DPTF Build Date:  Jul 29 2024 14:19:56
Source File:  C:\jenkins\workspace\dptf\Src\DPTF\Sources\Manager\WorkItem.cpp @ line 204
Executing Function:  WorkItem::writeWorkItemErrorMessagePolicy
Message:  Unhandled exception caught during execution of work item
Framework Event:  DptfAppBroadcastUnprivileged [116]
Policy:  Energy Performance Optimizer Policy [2]
Exception Function:  Policy::executeApplicationOptimizerBroadcastReceived
Exception Text:  
The feature is not implemented.

Error,2025-03-13 10:09:05 PM,IPF,17,None,ESIF(1.0.11903.2253) TYPE: ERROR MODULE: IPF TIME 476274544 ms

DPTF Build Version:  9.0.11703.48565
DPTF Build Date:  Jul 29 2024 14:19:56
Source File:  C:\jenkins\workspace\dptf\Src\DPTF\Sources\Manager\WorkItem.cpp @ line 204
Executing Function:  WorkItem::writeWorkItemErrorMessagePolicy
Message:  Unhandled exception caught during execution of work item
Framework Event:  DptfAppBroadcastUnprivileged [116]
Policy:  Energy Performance Optimizer Policy [2]
Exception Function:  Policy::executeApplicationOptimizerBroadcastReceived
Exception Text:  
The feature is not implemented.

Error,2025-03-13 10:09:05 PM,IPF,17,None,ESIF(1.0.11903.2253) TYPE: ERROR MODULE: IPF TIME 476274537 ms

DPTF Build Version:  9.0.11703.48565
DPTF Build Date:  Jul 29 2024 14:19:56
Source File:  C:\jenkins\workspace\dptf\Src\DPTF\Sources\Manager\WorkItem.cpp @ line 204
Executing Function:  WorkItem::writeWorkItemErrorMessagePolicy
Message:  Unhandled exception caught during execution of work item
Framework Event:  DptfAppBroadcastUnprivileged [116]
Policy:  Energy Performance Optimizer Policy [2]
Exception Function:  Policy::executeApplicationOptimizerBroadcastReceived
Exception Text:  
The feature is not implemented.

Error,2025-03-13 10:09:05 PM,IPF,17,None,ESIF(1.0.11903.2253) TYPE: ERROR MODULE: IPF TIME 476274534 ms

DPTF Build Version:  9.0.11703.48565
DPTF Build Date:  Jul 29 2024 14:19:56
Source File:  C:\jenkins\workspace\dptf\Src\DPTF\Sources\Manager\WorkItem.cpp @ line 204
Executing Function:  WorkItem::writeWorkItemErrorMessagePolicy
Message:  Unhandled exception caught during execution of work item
Framework Event:  DptfAppBroadcastUnprivileged [116]
Policy:  Energy Performance Optimizer Policy [2]
Exception Function:  Policy::executeApplicationOptimizerBroadcastReceived
Exception Text:  
The feature is not implemented.

Error,2025-03-13 10:09:05 PM,IPF,17,None,ESIF(1.0.11903.2253) TYPE: ERROR MODULE: IPF TIME 476274527 ms

DPTF Build Version:  9.0.11703.48565
DPTF Build Date:  Jul 29 2024 14:19:56
Source File:  C:\jenkins\workspace\dptf\Src\DPTF\Sources\Manager\WorkItem.cpp @ line 204
Executing Function:  WorkItem::writeWorkItemErrorMessagePolicy
Message:  Unhandled exception caught during execution of work item
Framework Event:  DptfAppBroadcastUnprivileged [116]
Policy:  Energy Performance Optimizer Policy [2]
Exception Function:  Policy::executeApplicationOptimizerBroadcastReceived
Exception Text:  
The feature is not implemented.

Error,2025-03-13 10:09:05 PM,IPF,17,None,ESIF(1.0.11903.2253) TYPE: ERROR MODULE: IPF TIME 476274522 ms

DPTF Build Version:  9.0.11703.48565
DPTF Build Date:  Jul 29 2024 14:19:56
Source File:  C:\jenkins\workspace\dptf\Src\DPTF\Sources\Manager\WorkItem.cpp @ line 204
Executing Function:  WorkItem::writeWorkItemErrorMessagePolicy
Message:  Unhandled exception caught during execution of work item
Framework Event:  DptfAppBroadcastUnprivileged [116]
Policy:  Energy Performance Optimizer Policy [2]
Exception Function:  Policy::executeApplicationOptimizerBroadcastReceived
Exception Text:  
The feature is not implemented.

Error,2025-03-13 10:09:05 PM,IPF,17,None,ESIF(1.0.11903.2253) TYPE: ERROR MODULE: IPF TIME 476274507 ms

DPTF Build Version:  9.0.11703.48565
DPTF Build Date:  Jul 29 2024 14:19:56
Source File:  C:\jenkins\workspace\dptf\Src\DPTF\Sources\Manager\WorkItem.cpp @ line 204
Executing Function:  WorkItem::writeWorkItemErrorMessagePolicy
Message:  Unhandled exception caught during execution of work item
Framework Event:  DptfAppBroadcastUnprivileged [116]
Policy:  Energy Performance Optimizer Policy [2]
Exception Function:  Policy::executeApplicationOptimizerBroadcastReceived
Exception Text:  
The feature is not implemented.

Error,2025-03-13 10:09:05 PM,IPF,17,None,ESIF(1.0.11903.2253) TYPE: ERROR MODULE: IPF TIME 476274498 ms

DPTF Build Version:  9.0.11703.48565
DPTF Build Date:  Jul 29 2024 14:19:56
Source File:  C:\jenkins\workspace\dptf\Src\DPTF\Sources\Manager\WorkItem.cpp @ line 204
Executing Function:  WorkItem::writeWorkItemErrorMessagePolicy
Message:  Unhandled exception caught during execution of work item
Framework Event:  DptfAppBroadcastUnprivileged [116]
Policy:  Energy Performance Optimizer Policy [2]
Exception Function:  Policy::executeApplicationOptimizerBroadcastReceived
Exception Text:  
The feature is not implemented.

Error,2025-03-13 10:09:05 PM,IPF,17,None,ESIF(1.0.11903.2253) TYPE: ERROR MODULE: IPF TIME 476274496 ms

DPTF Build Version:  9.0.11703.48565
DPTF Build Date:  Jul 29 2024 14:19:56
Source File:  C:\jenkins\workspace\dptf\Src\DPTF\Sources\Manager\WorkItem.cpp @ line 204
Executing Function:  WorkItem::writeWorkItemErrorMessagePolicy
Message:  Unhandled exception caught during execution of work item
Framework Event:  DptfAppBroadcastUnprivileged [116]
Policy:  Energy Performance Optimizer Policy [2]
Exception Function:  Policy::executeApplicationOptimizerBroadcastReceived
Exception Text:  
The feature is not implemented.

Error,2025-03-13 10:09:05 PM,IPF,17,None,ESIF(1.0.11903.2253) TYPE: ERROR MODULE: IPF TIME 476274492 ms

DPTF Build Version:  9.0.11703.48565
DPTF Build Date:  Jul 29 2024 14:19:56
Source File:  C:\jenkins\workspace\dptf\Src\DPTF\Sources\Manager\WorkItem.cpp @ line 204
Executing Function:  WorkItem::writeWorkItemErrorMessagePolicy
Message:  Unhandled exception caught during execution of work item
Framework Event:  DptfAppBroadcastUnprivileged [116]
Policy:  Energy Performance Optimizer Policy [2]
Exception Function:  Policy::executeApplicationOptimizerBroadcastReceived
Exception Text:  
The feature is not implemented.

Error,2025-03-13 10:09:05 PM,IPF,17,None,ESIF(1.0.11903.2253) TYPE: ERROR MODULE: IPF TIME 476274484 ms

DPTF Build Version:  9.0.11703.48565
DPTF Build Date:  Jul 29 2024 14:19:56
Source File:  C:\jenkins\workspace\dptf\Src\DPTF\Sources\Manager\WorkItem.cpp @ line 204
Executing Function:  WorkItem::writeWorkItemErrorMessagePolicy
Message:  Unhandled exception caught during execution of work item
Framework Event:  DptfAppBroadcastUnprivileged [116]
Policy:  Energy Performance Optimizer Policy [2]
Exception Function:  Policy::executeApplicationOptimizerBroadcastReceived
Exception Text:  
The feature is not implemented.

Error,2025-03-13 10:09:05 PM,IPF,17,None,ESIF(1.0.11903.2253) TYPE: ERROR MODULE: IPF TIME 476274483 ms

DPTF Build Version:  9.0.11703.48565
DPTF Build Date:  Jul 29 2024 14:19:56
Source File:  C:\jenkins\workspace\dptf\Src\DPTF\Sources\Manager\WorkItem.cpp @ line 204
Executing Function:  WorkItem::writeWorkItemErrorMessagePolicy
Message:  Unhandled exception caught during execution of work item
Framework Event:  DptfAppBroadcastUnprivileged [116]
Policy:  Energy Performance Optimizer Policy [2]
Exception Function:  Policy::executeApplicationOptimizerBroadcastReceived
Exception Text:  
The feature is not implemented.

Error,2025-03-13 10:09:05 PM,IPF,17,None,ESIF(1.0.11903.2253) TYPE: ERROR MODULE: IPF TIME 476274482 ms

DPTF Build Version:  9.0.11703.48565
DPTF Build Date:  Jul 29 2024 14:19:56
Source File:  C:\jenkins\workspace\dptf\Src\DPTF\Sources\Manager\WorkItem.cpp @ line 204
Executing Function:  WorkItem::writeWorkItemErrorMessagePolicy
Message:  Unhandled exception caught during execution of work item
Framework Event:  DptfAppBroadcastUnprivileged [116]
Policy:  Energy Performance Optimizer Policy [2]
Exception Function:  Policy::executeApplicationOptimizerBroadcastReceived
Exception Text:  
The feature is not implemented.

Error,2025-03-13 10:09:05 PM,IPF,17,None,ESIF(1.0.11903.2253) TYPE: ERROR MODULE: IPF TIME 476274481 ms

DPTF Build Version:  9.0.11703.48565
DPTF Build Date:  Jul 29 2024 14:19:56
Source File:  C:\jenkins\workspace\dptf\Src\DPTF\Sources\Manager\WorkItem.cpp @ line 204
Executing Function:  WorkItem::writeWorkItemErrorMessagePolicy
Message:  Unhandled exception caught during execution of work item
Framework Event:  DptfAppBroadcastUnprivileged [116]
Policy:  Energy Performance Optimizer Policy [2]
Exception Function:  Policy::executeApplicationOptimizerBroadcastReceived
Exception Text:  
The feature is not implemented.

Error,2025-03-13 10:09:05 PM,IPF,17,None,ESIF(1.0.11903.2253) TYPE: ERROR MODULE: IPF TIME 476274480 ms

DPTF Build Version:  9.0.11703.48565
DPTF Build Date:  Jul 29 2024 14:19:56
Source File:  C:\jenkins\workspace\dptf\Src\DPTF\Sources\Manager\WorkItem.cpp @ line 204
Executing Function:  WorkItem::writeWorkItemErrorMessagePolicy
Message:  Unhandled exception caught during execution of work item
Framework Event:  DptfAppBroadcastUnprivileged [116]
Policy:  Energy Performance Optimizer Policy [2]
Exception Function:  Policy::executeApplicationOptimizerBroadcastReceived
Exception Text:  
The feature is not implemented.

Error,2025-03-13 10:09:05 PM,IPF,17,None,ESIF(1.0.11903.2253) TYPE: ERROR MODULE: IPF TIME 476274479 ms

DPTF Build Version:  9.0.11703.48565
DPTF Build Date:  Jul 29 2024 14:19:56
Source File:  C:\jenkins\workspace\dptf\Src\DPTF\Sources\Manager\WorkItem.cpp @ line 204
Executing Function:  WorkItem::writeWorkItemErrorMessagePolicy
Message:  Unhandled exception caught during execution of work item
Framework Event:  DptfAppBroadcastUnprivileged [116]
Policy:  Energy Performance Optimizer Policy [2]
Exception Function:  Policy::executeApplicationOptimizerBroadcastReceived
Exception Text:  
The feature is not implemented.

Error,2025-03-13 10:09:05 PM,IPF,17,None,ESIF(1.0.11903.2253) TYPE: ERROR MODULE: IPF TIME 476274478 ms

DPTF Build Version:  9.0.11703.48565
DPTF Build Date:  Jul 29 2024 14:19:56
Source File:  C:\jenkins\workspace\dptf\Src\DPTF\Sources\Manager\WorkItem.cpp @ line 204
Executing Function:  WorkItem::writeWorkItemErrorMessagePolicy
Message:  Unhandled exception caught during execution of work item
Framework Event:  DptfAppBroadcastUnprivileged [116]
Policy:  Energy Performance Optimizer Policy [2]
Exception Function:  Policy::executeApplicationOptimizerBroadcastReceived
Exception Text:  
The feature is not implemented.

Information,2025-03-13 10:09:04 PM,Windows Error Reporting,1001,None,"Fault bucket , type 0
Event Name: BEX64
Response: Not available
Cab Id: 0

Problem signature:
P1: UIHost.exe
P2: 4.1.1.859
P3: 65957eb8
P4: DSREG.DLL_unloaded
P5: 10.0.22621.2506
P6: 37b00de2
P7: 0000000000051bb0
P8: c0000005
P9: 0000000000000008
P10: 

Attached files:
\\?\C:\ProgramData\Microsoft\Windows\WER\Temp\WER.7e22e47c-1701-47df-abbc-fd82f74ac8a0.tmp.WERInternalMetadata.xml

These files may be available here:
\\?\C:\ProgramData\Microsoft\Windows\WER\ReportQueue\AppCrash_UIHost.exe_fdd4c8933634103ca78abb63f0d82e7404cb8_117cc9cf_9474ef0b-e232-4acc-bb59-f5d1a58c183a

Analysis symbol: 
Rechecking for solution: 0
Report Id: 06cd8024-d4c5-434e-9b31-9e0d7ebac257
Report Status: 102
Hashed bucket: 
Cab Guid: 0"
Information,2025-03-13 10:09:04 PM,Windows Error Reporting,1001,None,"Fault bucket , type 0
Event Name: BEX64
Response: Not available
Cab Id: 0

Problem signature:
P1: UIHost.exe
P2: 4.1.1.859
P3: 65957eb8
P4: DSREG.DLL_unloaded
P5: 10.0.22621.2506
P6: 37b00de2
P7: 0000000000051bb0
P8: c0000005
P9: 0000000000000008
P10: 

Attached files:
\\?\C:\ProgramData\Microsoft\Windows\WER\Temp\WER.863185d6-1bbf-4720-b498-6cbbcf29548b.tmp.WERInternalMetadata.xml

These files may be available here:
\\?\C:\ProgramData\Microsoft\Windows\WER\ReportQueue\AppCrash_UIHost.exe_fdd4c8933634103ca78abb63f0d82e7404cb8_117cc9cf_a3dd2cc0-bc10-4877-96f3-48faa59288d0

Analysis symbol: 
Rechecking for solution: 0
Report Id: 825adfd9-0ea4-4d02-b444-65fa9937badc
Report Status: 102
Hashed bucket: 
Cab Guid: 0"
Information,2025-03-13 10:09:01 PM,Microsoft-Windows-RestartManager,10000,None,Starting session 1 - ‎2025‎-‎03‎-‎14T02:09:01.726342600Z.
