Information,2025-03-15 9:35:54 AM,Microsoft-Windows-Security-SPP,16394,None,Offline downlevel migration succeeded.
Information,2025-03-15 9:16:59 AM,Microsoft-Windows-Security-SPP,16384,None,Successfully scheduled Software Protection service for re-start at 2125-02-19T13:16:59Z. Reason: RulesEngine.
Information,2025-03-15 9:16:21 AM,Microsoft-Windows-Security-SPP,1003,None,"The Software Protection service has completed licensing status check.
Application Id=0ff1ce15-a989-479d-af46-f275c6370663
Licensing Status=
1: 814014d3-c30b-4f63-a493-3708e0dc0ba8, 1, 1 [(0 [0x00000000, 1, 0], [(?)( 1 0x00000000)(?)( 2 0x00000000 3 0 msft:rm/algorithm/hwid/4.0 0x00000000 0)(?)(?)(?)(?)])(1 )(2 )(3 )]

"
Information,2025-03-15 9:16:21 AM,Microsoft-Windows-Security-SPP,1003,None,"The Software Protection service has completed licensing status check.
Application Id=0ff1ce15-a989-479d-af46-f275c6370663
Licensing Status=
1: 3ad61e22-e4fe-497f-bdb1-3e51bd872173, 1, 1 [(0 )(1 )(2 )(3 [0x00000000, 0, 0], [( 6 0xC004F009 5 0)( 1 0x00000000)( 6 0xC004F009 5 0)(?)(?)(?)( 10 0x00000000 msft:rm/algorithm/flags/1.0)( 11 0x00000000 0xC004F009)])]

"
Information,2025-03-15 9:16:21 AM,Microsoft-Windows-Security-SPP,1003,None,"The Software Protection service has completed licensing status check.
Application Id=0ff1ce15-a989-479d-af46-f275c6370663
Licensing Status=
1: 1304794c-df2d-4b83-925c-e9a3ecdd52f1, 1, 1 [(0 )(1 )(2 )(3 [0x00000000, 0, 0], [( 6 0xC004F009 5 0)( 1 0x00000000)( 6 0xC004F009 5 0)(?)(?)(?)( 10 0x00000000 msft:rm/algorithm/flags/1.0)( 11 0x00000000 0xC004F009)])]

"
Information,2025-03-15 9:16:20 AM,Microsoft-Windows-Security-SPP,1003,None,"The Software Protection service has completed licensing status check.
Application Id=0ff1ce15-a989-479d-af46-f275c6370663
Licensing Status=
1: 814014d3-c30b-4f63-a493-3708e0dc0ba8, 1, 1 [(0 [0x00000000, 1, 0], [(?)( 1 0x00000000)(?)( 2 0x00000000 3 0 msft:rm/algorithm/hwid/4.0 0x00000000 0)(?)(?)(?)(?)])(1 )(2 )(3 )]

"
Information,2025-03-15 9:16:20 AM,Microsoft-Windows-Security-SPP,1003,None,"The Software Protection service has completed licensing status check.
Application Id=0ff1ce15-a989-479d-af46-f275c6370663
Licensing Status=
1: 436366de-5579-4f24-96db-3893e4400030, 1, 1 [(0 )(1 )(2 )(3 [0x00000000, 1, 0], [(?)( 1 0x00000000)(?)(?)(?)(?)( 10 0x00000000 msft:rm/algorithm/flags/1.0)(?)])]

"
Information,2025-03-15 9:16:20 AM,Microsoft-Windows-Security-SPP,1003,None,"The Software Protection service has completed licensing status check.
Application Id=0ff1ce15-a989-479d-af46-f275c6370663
Licensing Status=
1: 1304794c-df2d-4b83-925c-e9a3ecdd52f1, 1, 1 [(0 )(1 )(2 )(3 [0x00000000, 0, 0], [( 6 0xC004F009 5 0)( 1 0x00000000)( 6 0xC004F009 5 0)(?)(?)(?)( 10 0x00000000 msft:rm/algorithm/flags/1.0)( 11 0x00000000 0xC004F009)])]
2: 149dbce7-a48e-44db-8364-a53386cd4580, 1, 0 [(0 [0xC004F014, 0, 0], [(?)(?)(?)(?)(?)(?)(?)(?)])(1 )(2 )(3 )]
3: 198880e8-cbfa-4b7a-ba37-f7c723a7cf6f, 1, 0 [(0 [0xC004F014, 0, 0], [(?)(?)(?)(?)(?)(?)(?)(?)])(1 )(2 )(3 )]
4: 24fc428e-a37e-4996-ac66-8ea0304a152d, 1, 0 [(0 [0xC004F014, 0, 0], [(?)(?)(?)(?)(?)(?)(?)(?)])(1 )(2 )(3 )]
5: 26b6a7ce-b174-40aa-a114-316aa56ba9fc, 1, 0 [(0 [0xC004F014, 0, 0], [(?)(?)(?)(?)(?)(?)(?)(?)])(1 )(2 )(3 )]
6: 28f64a3f-cf84-46da-b1e8-2dfa7750e491, 1, 0 [(0 [0xC004F014, 0, 0], [(?)(?)(?)(?)(?)(?)(?)(?)])(1 )(2 )(3 )]
7: 35ec6e0e-2df4-4629-9ee3-d525e806b988, 1, 0 [(0 [0xC004F014, 0, 0], [(?)(?)(?)(?)(?)(?)(?)(?)])(1 )(2 )(3 )]
8: 3ad61e22-e4fe-497f-bdb1-3e51bd872173, 1, 1 [(0 )(1 )(2 )(3 [0x00000000, 0, 0], [( 6 0xC004F009 5 0)( 1 0x00000000)( 6 0xC004F009 5 0)(?)(?)(?)( 10 0x00000000 msft:rm/algorithm/flags/1.0)( 11 0x00000000 0xC004F009)])]
9: 3d045165-8f8a-4cdd-b906-3db22ee454d9, 1, 0 [(0 [0xC004F014, 0, 0], [(?)(?)(?)(?)(?)(?)(?)(?)])(1 )(2 )(3 )]
10: 436366de-5579-4f24-96db-3893e4400030, 1, 1 [(0 )(1 )(2 )(3 [0x00000000, 1, 0], [(?)( 1 0x00000000)(?)(?)(?)(?)( 10 0x00000000 msft:rm/algorithm/flags/1.0)(?)])]
11: 46d2c0bd-f912-4ddc-8e67-b90eadc3f83c, 1, 0 [(0 [0xC004F014, 0, 0], [(?)(?)(?)(?)(?)(?)(?)(?)])(1 )(2 )(3 )]
12: 4c1d1588-3088-4796-b3b2-8935f3a0d886, 1, 0 [(0 [0xC004F014, 0, 0], [(?)(?)(?)(?)(?)(?)(?)(?)])(1 )(2 )(3 )]
13: 52287aa3-9945-44d1-9046-7a3373666821, 1, 0 [(0 [0xC004F014, 0, 0], [(?)(?)(?)(?)(?)(?)(?)(?)])(1 )(2 )(3 )]
14: 537ea5b5-7d50-4876-bd38-a53a77caca32, 1, 0 [(0 [0xC004F014, 0, 0], [(?)(?)(?)(?)(?)(?)(?)(?)])(1 )(2 )(3 )]
15: 690d2cb5-0d8c-46b5-9ef4-4833db737dd3, 1, 0 [(0 [0xC004F014, 0, 0], [(?)(?)(?)(?)(?)(?)(?)(?)])(1 )(2 )(3 )]
16: 6e5db8a5-78e6-4953-b793-7422351afe88, 1, 0 [(0 [0xC004F014, 0, 0], [(?)(?)(?)(?)(?)(?)(?)(?)])(1 )(2 )(3 )]
17: 77f47589-2212-4e3b-ad27-a900ce813837, 1, 0 [(0 [0xC004F014, 0, 0], [(?)(?)(?)(?)(?)(?)(?)(?)])(1 )(2 )(3 )]
18: 7984d9ed-81f9-4d50-913d-317ecd863065, 1, 0 [(0 [0xC004F014, 0, 0], [(?)(?)(?)(?)(?)(?)(?)(?)])(1 )(2 )(3 )]
19: 7ab38a1c-a803-4ca5-8ebb-f8786c4b4faa, 1, 0 [(0 [0xC004F014, 0, 0], [(?)(?)(?)(?)(?)(?)(?)(?)])(1 )(2 )(3 )]
20: 814014d3-c30b-4f63-a493-3708e0dc0ba8, 1, 1 [(0 [0x00000000, 1, 0], [(?)( 1 0x00000000)(?)( 2 0x00000000 3 0 msft:rm/algorithm/hwid/4.0 0x00000000 0)(?)(?)(?)(?)])(1 )(2 )(3 )]
21: 86af9220-9d6f-4575-bef0-619a9a6aa005, 1, 0 [(0 [0xC004F014, 0, 0], [(?)(?)(?)(?)(?)(?)(?)(?)])(1 )(2 )(3 )]
22: 951c0fe6-40a8-4400-8003-eec0686ffbc4, 1, 0 [(0 [0xC004F014, 0, 0], [(?)(?)(?)(?)(?)(?)(?)(?)])(1 )(2 )(3 )]
23: 95820f84-6e8c-4d22-b2ce-54953e9911bc, 1, 0 [(0 [0xC004F014, 0, 0], [(?)(?)(?)(?)(?)(?)(?)(?)])(1 )(2 )(3 )]
24: 96353198-443e-479d-9e80-9a6d72fd1a99, 1, 0 [(0 [0xC004F014, 0, 0], [(?)(?)(?)(?)(?)(?)(?)(?)])(1 )(2 )(3 )]
25: a8119e32-b17c-4bd3-8950-7d1853f4b412, 1, 0 [(0 [0xC004F014, 0, 0], [(?)(?)(?)(?)(?)(?)(?)(?)])(1 )(2 )(3 )]
26: a96f8dae-da54-4fad-bdc6-108da592707a, 1, 0 [(0 [0xC004F014, 0, 0], [(?)(?)(?)(?)(?)(?)(?)(?)])(1 )(2 )(3 )]
27: ae9d158f-9450-4a0c-8c80-dd973c58357c, 1, 0 [(0 [0xC004F014, 0, 0], [(?)(?)(?)(?)(?)(?)(?)(?)])(1 )(2 )(3 )]
28: b27b3d00-9a95-4fcd-a0c2-118cbd5e699b, 1, 0 [(0 [0xC004F014, 0, 0], [(?)(?)(?)(?)(?)(?)(?)(?)])(1 )(2 )(3 )]
29: b4af11be-5f94-4d8f-9844-ce0d5e0d8680, 1, 0 [(0 [0xC004F014, 0, 0], [(?)(?)(?)(?)(?)(?)(?)(?)])(1 )(2 )(3 )]
30: b58a5943-16ea-420f-a611-7b230acd762c, 1, 0 [(0 [0xC004F014, 0, 0], [(?)(?)(?)(?)(?)(?)(?)(?)])(1 )(2 )(3 )]
31: b6b47040-b38e-4be2-bf6a-dabf0c41540a, 1, 0 [(0 [0xC004F014, 0, 0], [(?)(?)(?)(?)(?)(?)(?)(?)])(1 )(2 )(3 )]
32: c85fe025-b033-4f41-936b-b121521ba1c1, 1, 0 [(0 [0xC004F014, 0, 0], [(?)(?)(?)(?)(?)(?)(?)(?)])(1 )(2 )(3 )]
33: c9a6b302-fbeb-4bfc-8e0d-7b0f608aa6dc, 1, 0 [(0 [0xC004F014, 0, 0], [(?)(?)(?)(?)(?)(?)(?)(?)])(1 )(2 )(3 )]
34: cbecb6f5-da49-4029-be25-5945ac9750b3, 1, 0 [(0 [0xC004F014, 0, 0], [(?)(?)(?)(?)(?)(?)(?)(?)])(1 )(2 )(3 )]
35: d7279dd0-e175-49fe-a623-8fc2fc00afc4, 1, 0 [(0 [0xC004F014, 0, 0], [(?)(?)(?)(?)(?)(?)(?)(?)])(1 )(2 )(3 )]
36: dfc5a8b0-e9fd-43f7-b4ca-d63f1e749711, 1, 0 [(0 [0xC004F014, 0, 0], [(?)(?)(?)(?)(?)(?)(?)(?)])(1 )(2 )(3 )]
37: e3dacc06-3bc2-4e13-8e59-8e05f3232325, 1, 0 [(0 [0xC004F014, 0, 0], [(?)(?)(?)(?)(?)(?)(?)(?)])(1 )(2 )(3 )]
38: e538d623-c066-433d-a6b7-e0708b1fadf7, 1, 0 [(0 [0xC004F014, 0, 0], [(?)(?)(?)(?)(?)(?)(?)(?)])(1 )(2 )(3 )]
39: fb3540bc-a824-4c79-83da-6f6bd3ac6ccb, 1, 0 [(0 [0xC004F014, 0, 0], [(?)(?)(?)(?)(?)(?)(?)(?)])(1 )(2 )(3 )]
40: ff02e86c-fef0-4063-b39f-74275cddd7c3, 1, 0 [(0 [0xC004F014, 0, 0], [(?)(?)(?)(?)(?)(?)(?)(?)])(1 )(2 )(3 )]

"
Information,2025-03-15 9:16:20 AM,Microsoft-Windows-Security-SPP,16394,None,Offline downlevel migration succeeded.
Error,2025-03-15 9:07:50 AM,IPF,17,None,ESIF(1.0.11903.2253) TYPE: ERROR MODULE: IPF TIME 602207065 ms

DPTF Build Version:  9.0.11703.48565
DPTF Build Date:  Jul 29 2024 14:19:56
Source File:  C:\jenkins\workspace\dptf\Src\DPTF\Sources\Manager\WorkItem.cpp @ line 204
Executing Function:  WorkItem::writeWorkItemErrorMessagePolicy
Message:  Unhandled exception caught during execution of work item
Framework Event:  DptfAppBroadcastUnprivileged [116]
Policy:  Energy Performance Optimizer Policy [2]
Exception Function:  Policy::executeApplicationOptimizerBroadcastReceived
Exception Text:  
The feature is not implemented.

Error,2025-03-15 9:07:49 AM,IPF,17,None,ESIF(1.0.11903.2253) TYPE: ERROR MODULE: IPF TIME 602206060 ms

DPTF Build Version:  9.0.11703.48565
DPTF Build Date:  Jul 29 2024 14:19:56
Source File:  C:\jenkins\workspace\dptf\Src\DPTF\Sources\Manager\WorkItem.cpp @ line 204
Executing Function:  WorkItem::writeWorkItemErrorMessagePolicy
Message:  Unhandled exception caught during execution of work item
Framework Event:  DptfAppBroadcastUnprivileged [116]
Policy:  Energy Performance Optimizer Policy [2]
Exception Function:  Policy::executeApplicationOptimizerBroadcastReceived
Exception Text:  
The feature is not implemented.

Error,2025-03-15 9:07:48 AM,IPF,17,None,ESIF(1.0.11903.2253) TYPE: ERROR MODULE: IPF TIME 602205051 ms

DPTF Build Version:  9.0.11703.48565
DPTF Build Date:  Jul 29 2024 14:19:56
Source File:  C:\jenkins\workspace\dptf\Src\DPTF\Sources\Manager\WorkItem.cpp @ line 204
Executing Function:  WorkItem::writeWorkItemErrorMessagePolicy
Message:  Unhandled exception caught during execution of work item
Framework Event:  DptfAppBroadcastUnprivileged [116]
Policy:  Energy Performance Optimizer Policy [2]
Exception Function:  Policy::executeApplicationOptimizerBroadcastReceived
Exception Text:  
The feature is not implemented.

Error,2025-03-15 9:07:47 AM,IPF,17,None,ESIF(1.0.11903.2253) TYPE: ERROR MODULE: IPF TIME 602204047 ms

DPTF Build Version:  9.0.11703.48565
DPTF Build Date:  Jul 29 2024 14:19:56
Source File:  C:\jenkins\workspace\dptf\Src\DPTF\Sources\Manager\WorkItem.cpp @ line 204
Executing Function:  WorkItem::writeWorkItemErrorMessagePolicy
Message:  Unhandled exception caught during execution of work item
Framework Event:  DptfAppBroadcastUnprivileged [116]
Policy:  Energy Performance Optimizer Policy [2]
Exception Function:  Policy::executeApplicationOptimizerBroadcastReceived
Exception Text:  
The feature is not implemented.

Error,2025-03-15 9:07:46 AM,IPF,17,None,ESIF(1.0.11903.2253) TYPE: ERROR MODULE: IPF TIME 602203034 ms

DPTF Build Version:  9.0.11703.48565
DPTF Build Date:  Jul 29 2024 14:19:56
Source File:  C:\jenkins\workspace\dptf\Src\DPTF\Sources\Manager\WorkItem.cpp @ line 204
Executing Function:  WorkItem::writeWorkItemErrorMessagePolicy
Message:  Unhandled exception caught during execution of work item
Framework Event:  DptfAppBroadcastUnprivileged [116]
Policy:  Energy Performance Optimizer Policy [2]
Exception Function:  Policy::executeApplicationOptimizerBroadcastReceived
Exception Text:  
The feature is not implemented.

Error,2025-03-15 9:06:35 AM,IPF,17,None,ESIF(1.0.11903.2253) TYPE: ERROR MODULE: IPF TIME 602132149 ms

DPTF Build Version:  9.0.11703.48565
DPTF Build Date:  Jul 29 2024 14:19:56
Source File:  C:\jenkins\workspace\dptf\Src\DPTF\Sources\Manager\WorkItem.cpp @ line 204
Executing Function:  WorkItem::writeWorkItemErrorMessagePolicy
Message:  Unhandled exception caught during execution of work item
Framework Event:  DptfAppBroadcastUnprivileged [116]
Policy:  Energy Performance Optimizer Policy [2]
Exception Function:  Policy::executeApplicationOptimizerBroadcastReceived
Exception Text:  
The feature is not implemented.

Error,2025-03-15 9:06:34 AM,IPF,17,None,ESIF(1.0.11903.2253) TYPE: ERROR MODULE: IPF TIME 602131144 ms

DPTF Build Version:  9.0.11703.48565
DPTF Build Date:  Jul 29 2024 14:19:56
Source File:  C:\jenkins\workspace\dptf\Src\DPTF\Sources\Manager\WorkItem.cpp @ line 204
Executing Function:  WorkItem::writeWorkItemErrorMessagePolicy
Message:  Unhandled exception caught during execution of work item
Framework Event:  DptfAppBroadcastUnprivileged [116]
Policy:  Energy Performance Optimizer Policy [2]
Exception Function:  Policy::executeApplicationOptimizerBroadcastReceived
Exception Text:  
The feature is not implemented.

Error,2025-03-15 9:06:33 AM,IPF,17,None,ESIF(1.0.11903.2253) TYPE: ERROR MODULE: IPF TIME 602130141 ms

DPTF Build Version:  9.0.11703.48565
DPTF Build Date:  Jul 29 2024 14:19:56
Source File:  C:\jenkins\workspace\dptf\Src\DPTF\Sources\Manager\WorkItem.cpp @ line 204
Executing Function:  WorkItem::writeWorkItemErrorMessagePolicy
Message:  Unhandled exception caught during execution of work item
Framework Event:  DptfAppBroadcastUnprivileged [116]
Policy:  Energy Performance Optimizer Policy [2]
Exception Function:  Policy::executeApplicationOptimizerBroadcastReceived
Exception Text:  
The feature is not implemented.

Error,2025-03-15 9:06:32 AM,IPF,17,None,ESIF(1.0.11903.2253) TYPE: ERROR MODULE: IPF TIME 602129129 ms

DPTF Build Version:  9.0.11703.48565
DPTF Build Date:  Jul 29 2024 14:19:56
Source File:  C:\jenkins\workspace\dptf\Src\DPTF\Sources\Manager\WorkItem.cpp @ line 204
Executing Function:  WorkItem::writeWorkItemErrorMessagePolicy
Message:  Unhandled exception caught during execution of work item
Framework Event:  DptfAppBroadcastUnprivileged [116]
Policy:  Energy Performance Optimizer Policy [2]
Exception Function:  Policy::executeApplicationOptimizerBroadcastReceived
Exception Text:  
The feature is not implemented.

Error,2025-03-15 9:06:31 AM,IPF,17,None,ESIF(1.0.11903.2253) TYPE: ERROR MODULE: IPF TIME 602128118 ms

DPTF Build Version:  9.0.11703.48565
DPTF Build Date:  Jul 29 2024 14:19:56
Source File:  C:\jenkins\workspace\dptf\Src\DPTF\Sources\Manager\WorkItem.cpp @ line 204
Executing Function:  WorkItem::writeWorkItemErrorMessagePolicy
Message:  Unhandled exception caught during execution of work item
Framework Event:  DptfAppBroadcastUnprivileged [116]
Policy:  Energy Performance Optimizer Policy [2]
Exception Function:  Policy::executeApplicationOptimizerBroadcastReceived
Exception Text:  
The feature is not implemented.

Information,2025-03-15 8:56:31 AM,Windows Error Reporting,1001,None,"Fault bucket , type 0
Event Name: BEX64
Response: Not available
Cab Id: 0

Problem signature:
P1: UIHost.exe
P2: 4.1.1.859
P3: 65957eb8
P4: DSREG.DLL_unloaded
P5: 10.0.22621.2506
P6: 37b00de2
P7: 0000000000051bb0
P8: c0000005
P9: 0000000000000008
P10: 

Attached files:
\\?\C:\ProgramData\Microsoft\Windows\WER\Temp\WER.eb7718ad-9650-456f-b6f2-329b37eab7b9.tmp.WERInternalMetadata.xml

These files may be available here:
\\?\C:\ProgramData\Microsoft\Windows\WER\ReportQueue\AppCrash_UIHost.exe_fdd4c8933634103ca78abb63f0d82e7404cb8_117cc9cf_a38828fd-afae-48a5-95de-c1c76d440ca1

Analysis symbol: 
Rechecking for solution: 0
Report Id: bd869966-7a14-4fdb-9c8c-304fac965626
Report Status: 102
Hashed bucket: 
Cab Guid: 0"
Information,2025-03-15 8:56:30 AM,Windows Error Reporting,1001,None,"Fault bucket , type 0
Event Name: BEX64
Response: Not available
Cab Id: 0

Problem signature:
P1: UIHost.exe
P2: 4.1.1.859
P3: 65957eb8
P4: DSREG.DLL_unloaded
P5: 10.0.22621.2506
P6: 37b00de2
P7: 0000000000051bb0
P8: c0000005
P9: 0000000000000008
P10: 

Attached files:
\\?\C:\ProgramData\Microsoft\Windows\WER\Temp\WER.1af719c8-f04d-4002-ac4c-d994c6f20877.tmp.WERInternalMetadata.xml

These files may be available here:
\\?\C:\ProgramData\Microsoft\Windows\WER\ReportQueue\AppCrash_UIHost.exe_fdd4c8933634103ca78abb63f0d82e7404cb8_117cc9cf_83357bd3-21d1-40c1-8f1b-d6a9d59bc0a7

Analysis symbol: 
Rechecking for solution: 0
Report Id: b23993f1-7723-4d90-84b7-99b436b602a7
Report Status: 102
Hashed bucket: 
Cab Guid: 0"
Information,2025-03-15 8:56:29 AM,Windows Error Reporting,1001,None,"Fault bucket , type 0
Event Name: BEX64
Response: Not available
Cab Id: 0

Problem signature:
P1: UIHost.exe
P2: 4.1.1.859
P3: 65957eb8
P4: DSREG.DLL_unloaded
P5: 10.0.22621.2506
P6: 37b00de2
P7: 0000000000051bb0
P8: c0000005
P9: 0000000000000008
P10: 

Attached files:
\\?\C:\ProgramData\Microsoft\Windows\WER\Temp\WER.22fb6e56-8f57-44d6-a0ce-63f59d98de0a.tmp.WERInternalMetadata.xml

These files may be available here:
\\?\C:\ProgramData\Microsoft\Windows\WER\ReportQueue\AppCrash_UIHost.exe_fdd4c8933634103ca78abb63f0d82e7404cb8_117cc9cf_a5d23ab5-3bb5-4b70-a968-5e890ca985e3

Analysis symbol: 
Rechecking for solution: 0
Report Id: d9713ea4-479a-4b1e-b054-80d304e32c6b
Report Status: 102
Hashed bucket: 
Cab Guid: 0"
Information,2025-03-15 8:56:28 AM,Windows Error Reporting,1001,None,"Fault bucket , type 0
Event Name: BEX64
Response: Not available
Cab Id: 0

Problem signature:
P1: UIHost.exe
P2: 4.1.1.859
P3: 65957eb8
P4: DSREG.DLL_unloaded
P5: 10.0.22621.2506
P6: 37b00de2
P7: 0000000000051bb0
P8: c0000005
P9: 0000000000000008
P10: 

Attached files:
\\?\C:\ProgramData\Microsoft\Windows\WER\Temp\WER.9721212c-99af-45e6-ad3b-8779adcda01c.tmp.WERInternalMetadata.xml

These files may be available here:
\\?\C:\ProgramData\Microsoft\Windows\WER\ReportQueue\AppCrash_UIHost.exe_fdd4c8933634103ca78abb63f0d82e7404cb8_117cc9cf_7c311572-148d-40b2-8609-ef0cbfc0affa

Analysis symbol: 
Rechecking for solution: 0
Report Id: 073c8542-010f-4f69-82c8-c58822dc1130
Report Status: 102
Hashed bucket: 
Cab Guid: 0"
Information,2025-03-15 8:56:28 AM,Windows Error Reporting,1001,None,"Fault bucket , type 0
Event Name: BEX64
Response: Not available
Cab Id: 0

Problem signature:
P1: UIHost.exe
P2: 4.1.1.859
P3: 65957eb8
P4: DSREG.DLL_unloaded
P5: 10.0.22621.2506
P6: 37b00de2
P7: 0000000000051bb0
P8: c0000005
P9: 0000000000000008
P10: 

Attached files:
\\?\C:\ProgramData\Microsoft\Windows\WER\Temp\WER.097bb8d9-c05a-435a-884a-22a5844bb8f8.tmp.WERInternalMetadata.xml

These files may be available here:
\\?\C:\ProgramData\Microsoft\Windows\WER\ReportQueue\AppCrash_UIHost.exe_fdd4c8933634103ca78abb63f0d82e7404cb8_117cc9cf_4feb5ef7-8b87-4d6e-8be1-0beda29afc8e

Analysis symbol: 
Rechecking for solution: 0
Report Id: 4f312e1d-3461-4bd5-af35-21d9a5baf9c5
Report Status: 102
Hashed bucket: 
Cab Guid: 0"
Information,2025-03-15 8:56:27 AM,Windows Error Reporting,1001,None,"Fault bucket , type 0
Event Name: BEX64
Response: Not available
Cab Id: 0

Problem signature:
P1: UIHost.exe
P2: 4.1.1.859
P3: 65957eb8
P4: DSREG.DLL_unloaded
P5: 10.0.22621.2506
P6: 37b00de2
P7: 0000000000051bb0
P8: c0000005
P9: 0000000000000008
P10: 

Attached files:
\\?\C:\ProgramData\Microsoft\Windows\WER\Temp\WER.c555152e-2f2f-4a95-b931-2d63423b1cb3.tmp.WERInternalMetadata.xml

These files may be available here:
\\?\C:\ProgramData\Microsoft\Windows\WER\ReportQueue\AppCrash_UIHost.exe_fdd4c8933634103ca78abb63f0d82e7404cb8_117cc9cf_83c64dfd-8b3e-4fd6-8b35-de26578a2c36

Analysis symbol: 
Rechecking for solution: 0
Report Id: 920a71f6-9831-42da-8699-8d2e2f472922
Report Status: 102
Hashed bucket: 
Cab Guid: 0"
Information,2025-03-15 8:56:27 AM,Windows Error Reporting,1001,None,"Fault bucket , type 0
Event Name: BEX64
Response: Not available
Cab Id: 0

Problem signature:
P1: UIHost.exe
P2: 4.1.1.859
P3: 65957eb8
P4: DSREG.DLL_unloaded
P5: 10.0.22621.2506
P6: 37b00de2
P7: 0000000000051bb0
P8: c0000005
P9: 0000000000000008
P10: 

Attached files:
\\?\C:\ProgramData\Microsoft\Windows\WER\Temp\WER.ff288068-d393-468f-9d46-f6a7f7ec4f61.tmp.WERInternalMetadata.xml

These files may be available here:
\\?\C:\ProgramData\Microsoft\Windows\WER\ReportQueue\AppCrash_UIHost.exe_fdd4c8933634103ca78abb63f0d82e7404cb8_117cc9cf_d631bfbd-5816-4d9a-9306-7ff3b3d05592

Analysis symbol: 
Rechecking for solution: 0
Report Id: 9667592d-3369-45a6-8231-e7ed6a04ab86
Report Status: 102
Hashed bucket: 
Cab Guid: 0"
Information,2025-03-15 8:56:27 AM,Windows Error Reporting,1001,None,"Fault bucket , type 0
Event Name: BEX64
Response: Not available
Cab Id: 0

Problem signature:
P1: UIHost.exe
P2: 4.1.1.859
P3: 65957eb8
P4: DSREG.DLL_unloaded
P5: 10.0.22621.2506
P6: 37b00de2
P7: 0000000000051bb0
P8: c0000005
P9: 0000000000000008
P10: 

Attached files:
\\?\C:\ProgramData\Microsoft\Windows\WER\Temp\WER.9b50b385-c5d6-4986-aec7-c1573daa6930.tmp.WERInternalMetadata.xml

These files may be available here:
\\?\C:\ProgramData\Microsoft\Windows\WER\ReportQueue\AppCrash_UIHost.exe_fdd4c8933634103ca78abb63f0d82e7404cb8_117cc9cf_fce391ac-7f2c-48cd-9627-7878739f61bd

Analysis symbol: 
Rechecking for solution: 0
Report Id: 393ac297-984c-45a2-852a-9c9eec57036a
Report Status: 102
Hashed bucket: 
Cab Guid: 0"
Information,2025-03-15 8:56:26 AM,Windows Error Reporting,1001,None,"Fault bucket , type 0
Event Name: BEX64
Response: Not available
Cab Id: 0

Problem signature:
P1: UIHost.exe
P2: 4.1.1.859
P3: 65957eb8
P4: DSREG.DLL_unloaded
P5: 10.0.22621.2506
P6: 37b00de2
P7: 0000000000051bb0
P8: c0000005
P9: 0000000000000008
P10: 

Attached files:
\\?\C:\ProgramData\Microsoft\Windows\WER\Temp\WER.5c163cac-0969-4db7-8717-7b3f32cf7a82.tmp.WERInternalMetadata.xml

These files may be available here:
\\?\C:\ProgramData\Microsoft\Windows\WER\ReportQueue\AppCrash_UIHost.exe_fdd4c8933634103ca78abb63f0d82e7404cb8_117cc9cf_d324ac37-bdb7-4af1-a07e-8123e6fa882a

Analysis symbol: 
Rechecking for solution: 0
Report Id: 88963bc2-06a4-40c0-9174-dce92cbf037e
Report Status: 102
Hashed bucket: 
Cab Guid: 0"
Information,2025-03-15 8:56:26 AM,Windows Error Reporting,1001,None,"Fault bucket , type 0
Event Name: BEX64
Response: Not available
Cab Id: 0

Problem signature:
P1: UIHost.exe
P2: 4.1.1.859
P3: 65957eb8
P4: DSREG.DLL_unloaded
P5: 10.0.22621.2506
P6: 37b00de2
P7: 0000000000051bb0
P8: c0000005
P9: 0000000000000008
P10: 

Attached files:
\\?\C:\ProgramData\Microsoft\Windows\WER\Temp\WER.63056b55-4513-48c2-998e-a6827b6631ab.tmp.WERInternalMetadata.xml

These files may be available here:
\\?\C:\ProgramData\Microsoft\Windows\WER\ReportQueue\AppCrash_UIHost.exe_fdd4c8933634103ca78abb63f0d82e7404cb8_117cc9cf_a5ff1a20-9767-4c8f-a7ae-9c185fba25ab

Analysis symbol: 
Rechecking for solution: 0
Report Id: 1b5b02f5-c32c-4a9d-a33f-3a398b4a718a
Report Status: 102
Hashed bucket: 
Cab Guid: 0"
Information,2025-03-15 8:56:25 AM,Windows Error Reporting,1001,None,"Fault bucket , type 0
Event Name: BEX64
Response: Not available
Cab Id: 0

Problem signature:
P1: UIHost.exe
P2: 4.1.1.859
P3: 65957eb8
P4: DSREG.DLL_unloaded
P5: 10.0.22621.2506
P6: 37b00de2
P7: 0000000000051bb0
P8: c0000005
P9: 0000000000000008
P10: 

Attached files:
\\?\C:\ProgramData\Microsoft\Windows\WER\Temp\WER.ca79dda2-4b59-462e-bad5-398f1a2ccdc5.tmp.WERInternalMetadata.xml

These files may be available here:
\\?\C:\ProgramData\Microsoft\Windows\WER\ReportQueue\AppCrash_UIHost.exe_fdd4c8933634103ca78abb63f0d82e7404cb8_117cc9cf_8d91cba7-c2ae-4ee0-aff8-a237f87a256c

Analysis symbol: 
Rechecking for solution: 0
Report Id: 8a9e3b6a-6ea5-46ba-90e4-81ce87b23d9d
Report Status: 102
Hashed bucket: 
Cab Guid: 0"
Information,2025-03-15 8:56:25 AM,Windows Error Reporting,1001,None,"Fault bucket , type 0
Event Name: BEX64
Response: Not available
Cab Id: 0

Problem signature:
P1: UIHost.exe
P2: 4.1.1.859
P3: 65957eb8
P4: DSREG.DLL_unloaded
P5: 10.0.22621.2506
P6: 37b00de2
P7: 0000000000051bb0
P8: c0000005
P9: 0000000000000008
P10: 

Attached files:
\\?\C:\ProgramData\Microsoft\Windows\WER\Temp\WER.dd522dcb-7f69-47d2-8766-4b24e48bfef4.tmp.WERInternalMetadata.xml

These files may be available here:
\\?\C:\ProgramData\Microsoft\Windows\WER\ReportQueue\AppCrash_UIHost.exe_fdd4c8933634103ca78abb63f0d82e7404cb8_117cc9cf_2d477d08-152e-4f8e-9cc2-7b35ee4444c3

Analysis symbol: 
Rechecking for solution: 0
Report Id: 1c0c7575-3bb5-435f-85dd-5b978575bc1d
Report Status: 102
Hashed bucket: 
Cab Guid: 0"
Information,2025-03-15 8:56:24 AM,Windows Error Reporting,1001,None,"Fault bucket , type 0
Event Name: BEX64
Response: Not available
Cab Id: 0

Problem signature:
P1: UIHost.exe
P2: 4.1.1.859
P3: 65957eb8
P4: DSREG.DLL_unloaded
P5: 10.0.22621.2506
P6: 37b00de2
P7: 0000000000051bb0
P8: c0000005
P9: 0000000000000008
P10: 

Attached files:
\\?\C:\ProgramData\Microsoft\Windows\WER\Temp\WER.19b4c395-80cb-4714-830d-8041e24b52f4.tmp.WERInternalMetadata.xml

These files may be available here:
\\?\C:\ProgramData\Microsoft\Windows\WER\ReportQueue\AppCrash_UIHost.exe_fdd4c8933634103ca78abb63f0d82e7404cb8_117cc9cf_94c4324d-7f4d-4198-b4e7-0eb2ec27fef7

Analysis symbol: 
Rechecking for solution: 0
Report Id: f4f681bd-37cd-47a7-afa7-806b6714056f
Report Status: 102
Hashed bucket: 
Cab Guid: 0"
Information,2025-03-15 8:56:23 AM,Windows Error Reporting,1001,None,"Fault bucket , type 0
Event Name: BEX64
Response: Not available
Cab Id: 0

Problem signature:
P1: UIHost.exe
P2: 4.1.1.859
P3: 65957eb8
P4: DSREG.DLL_unloaded
P5: 10.0.22621.2506
P6: 37b00de2
P7: 0000000000051bb0
P8: c0000005
P9: 0000000000000008
P10: 

Attached files:
\\?\C:\ProgramData\Microsoft\Windows\WER\Temp\WER.56f86dc7-4b0f-4a46-bdc6-63116cbd4a16.tmp.WERInternalMetadata.xml

These files may be available here:
\\?\C:\ProgramData\Microsoft\Windows\WER\ReportQueue\AppCrash_UIHost.exe_fdd4c8933634103ca78abb63f0d82e7404cb8_117cc9cf_5e4e8686-b856-4f55-bc1b-b8444519ed4e

Analysis symbol: 
Rechecking for solution: 0
Report Id: a1468f2b-7ff8-4616-8f73-3e4b35b256c0
Report Status: 102
Hashed bucket: 
Cab Guid: 0"
Information,2025-03-15 8:56:22 AM,Windows Error Reporting,1001,None,"Fault bucket , type 0
Event Name: BEX64
Response: Not available
Cab Id: 0

Problem signature:
P1: UIHost.exe
P2: 4.1.1.859
P3: 65957eb8
P4: DSREG.DLL_unloaded
P5: 10.0.22621.2506
P6: 37b00de2
P7: 0000000000051bb0
P8: c0000005
P9: 0000000000000008
P10: 

Attached files:
\\?\C:\ProgramData\Microsoft\Windows\WER\Temp\WER.3a3abfb1-7f5b-40cd-8c0a-acad5148c920.tmp.WERInternalMetadata.xml

These files may be available here:
\\?\C:\ProgramData\Microsoft\Windows\WER\ReportQueue\AppCrash_UIHost.exe_fdd4c8933634103ca78abb63f0d82e7404cb8_117cc9cf_77a9ebda-78a5-4d83-abca-c01af8c7389d

Analysis symbol: 
Rechecking for solution: 0
Report Id: ffd9f9c2-60e5-40bb-b885-037ccdc645b0
Report Status: 102
Hashed bucket: 
Cab Guid: 0"
Information,2025-03-15 8:56:21 AM,Windows Error Reporting,1001,None,"Fault bucket , type 0
Event Name: BEX64
Response: Not available
Cab Id: 0

Problem signature:
P1: UIHost.exe
P2: 4.1.1.859
P3: 65957eb8
P4: DSREG.DLL_unloaded
P5: 10.0.22621.2506
P6: 37b00de2
P7: 0000000000051bb0
P8: c0000005
P9: 0000000000000008
P10: 

Attached files:
\\?\C:\ProgramData\Microsoft\Windows\WER\Temp\WER.87cee840-b034-4ef1-9dad-23efeda372ca.tmp.WERInternalMetadata.xml

These files may be available here:
\\?\C:\ProgramData\Microsoft\Windows\WER\ReportQueue\AppCrash_UIHost.exe_fdd4c8933634103ca78abb63f0d82e7404cb8_117cc9cf_e63fa9cc-9393-4b64-b467-502fb3b30c46

Analysis symbol: 
Rechecking for solution: 0
Report Id: 072e632d-a232-445c-8e4c-df32dd83e5b0
Report Status: 102
Hashed bucket: 
Cab Guid: 0"
Information,2025-03-15 8:56:21 AM,Windows Error Reporting,1001,None,"Fault bucket , type 0
Event Name: BEX64
Response: Not available
Cab Id: 0

Problem signature:
P1: UIHost.exe
P2: 4.1.1.859
P3: 65957eb8
P4: DSREG.DLL_unloaded
P5: 10.0.22621.2506
P6: 37b00de2
P7: 0000000000051bb0
P8: c0000005
P9: 0000000000000008
P10: 

Attached files:
\\?\C:\ProgramData\Microsoft\Windows\WER\Temp\WER.b5db8110-ecd3-4d6b-b30b-a18733e247aa.tmp.WERInternalMetadata.xml

These files may be available here:
\\?\C:\ProgramData\Microsoft\Windows\WER\ReportQueue\AppCrash_UIHost.exe_fdd4c8933634103ca78abb63f0d82e7404cb8_117cc9cf_b8175086-176e-419a-87ff-11822aacea9d

Analysis symbol: 
Rechecking for solution: 0
Report Id: 8b2b2111-8682-4c3d-8b37-0948af044e18
Report Status: 102
Hashed bucket: 
Cab Guid: 0"
Information,2025-03-15 8:56:20 AM,Windows Error Reporting,1001,None,"Fault bucket , type 0
Event Name: BEX64
Response: Not available
Cab Id: 0

Problem signature:
P1: UIHost.exe
P2: 4.1.1.859
P3: 65957eb8
P4: DSREG.DLL_unloaded
P5: 10.0.22621.2506
P6: 37b00de2
P7: 0000000000051bb0
P8: c0000005
P9: 0000000000000008
P10: 

Attached files:
\\?\C:\ProgramData\Microsoft\Windows\WER\Temp\WER.b5be8fc2-0e1c-47f9-9059-2ff4acdd6d62.tmp.WERInternalMetadata.xml

These files may be available here:
\\?\C:\ProgramData\Microsoft\Windows\WER\ReportQueue\AppCrash_UIHost.exe_fdd4c8933634103ca78abb63f0d82e7404cb8_117cc9cf_ab4fc389-b014-4c73-9a03-7bcbb29445d8

Analysis symbol: 
Rechecking for solution: 0
Report Id: 2eccac22-af92-4144-8529-e2cec60540bb
Report Status: 102
Hashed bucket: 
Cab Guid: 0"
Information,2025-03-15 8:56:19 AM,Windows Error Reporting,1001,None,"Fault bucket , type 0
Event Name: BEX64
Response: Not available
Cab Id: 0

Problem signature:
P1: UIHost.exe
P2: 4.1.1.859
P3: 65957eb8
P4: DSREG.DLL_unloaded
P5: 10.0.22621.2506
P6: 37b00de2
P7: 0000000000051bb0
P8: c0000005
P9: 0000000000000008
P10: 

Attached files:
\\?\C:\ProgramData\Microsoft\Windows\WER\Temp\WER.c89002c4-16a1-447d-b701-ed3441925a67.tmp.WERInternalMetadata.xml

These files may be available here:
\\?\C:\ProgramData\Microsoft\Windows\WER\ReportQueue\AppCrash_UIHost.exe_fdd4c8933634103ca78abb63f0d82e7404cb8_117cc9cf_2526fe85-1746-4f83-a796-b57640a087f0

Analysis symbol: 
Rechecking for solution: 0
Report Id: aba5a61f-6bb7-402e-9b12-131b6d3c70f9
Report Status: 102
Hashed bucket: 
Cab Guid: 0"
Information,2025-03-15 8:56:18 AM,Windows Error Reporting,1001,None,"Fault bucket , type 0
Event Name: BEX64
Response: Not available
Cab Id: 0

Problem signature:
P1: UIHost.exe
P2: 4.1.1.859
P3: 65957eb8
P4: DSREG.DLL_unloaded
P5: 10.0.22621.2506
P6: 37b00de2
P7: 0000000000051bb0
P8: c0000005
P9: 0000000000000008
P10: 

Attached files:
\\?\C:\ProgramData\Microsoft\Windows\WER\Temp\WER.2a94cc4a-15e1-4896-8f72-d321c7568b56.tmp.WERInternalMetadata.xml

These files may be available here:
\\?\C:\ProgramData\Microsoft\Windows\WER\ReportQueue\AppCrash_UIHost.exe_fdd4c8933634103ca78abb63f0d82e7404cb8_117cc9cf_85d1e4e6-8fc0-4841-9c09-65c004409e4d

Analysis symbol: 
Rechecking for solution: 0
Report Id: a2f31e28-7eb1-4026-b8d3-6edc4bd2a11b
Report Status: 102
Hashed bucket: 
Cab Guid: 0"
Information,2025-03-15 8:56:18 AM,Windows Error Reporting,1001,None,"Fault bucket , type 0
Event Name: BEX64
Response: Not available
Cab Id: 0

Problem signature:
P1: UIHost.exe
P2: 4.1.1.859
P3: 65957eb8
P4: DSREG.DLL_unloaded
P5: 10.0.22621.2506
P6: 37b00de2
P7: 0000000000051bb0
P8: c0000005
P9: 0000000000000008
P10: 

Attached files:
\\?\C:\ProgramData\Microsoft\Windows\WER\Temp\WER.c0d1410c-98cb-40e8-b7f7-6817f7ac9f03.tmp.WERInternalMetadata.xml

These files may be available here:
\\?\C:\ProgramData\Microsoft\Windows\WER\ReportQueue\AppCrash_UIHost.exe_fdd4c8933634103ca78abb63f0d82e7404cb8_117cc9cf_130bab4c-f99c-47a0-9eb0-5d06a174d26f

Analysis symbol: 
Rechecking for solution: 0
Report Id: 7fd8910d-07a1-4f83-933f-1ac50b240ed3
Report Status: 102
Hashed bucket: 
Cab Guid: 0"
Information,2025-03-15 8:56:17 AM,Windows Error Reporting,1001,None,"Fault bucket , type 0
Event Name: BEX64
Response: Not available
Cab Id: 0

Problem signature:
P1: UIHost.exe
P2: 4.1.1.859
P3: 65957eb8
P4: DSREG.DLL_unloaded
P5: 10.0.22621.2506
P6: 37b00de2
P7: 0000000000051bb0
P8: c0000005
P9: 0000000000000008
P10: 

Attached files:
\\?\C:\ProgramData\Microsoft\Windows\WER\Temp\WER.98e487c9-6b53-4aa2-8b69-2a86973e2345.tmp.WERInternalMetadata.xml

These files may be available here:
\\?\C:\ProgramData\Microsoft\Windows\WER\ReportQueue\AppCrash_UIHost.exe_fdd4c8933634103ca78abb63f0d82e7404cb8_117cc9cf_04233e6a-3283-427d-a772-6293fb92be8d

Analysis symbol: 
Rechecking for solution: 0
Report Id: a8019e8e-9514-4353-95d8-d29ecc378e84
Report Status: 102
Hashed bucket: 
Cab Guid: 0"
Information,2025-03-15 8:56:16 AM,Windows Error Reporting,1001,None,"Fault bucket , type 0
Event Name: BEX64
Response: Not available
Cab Id: 0

Problem signature:
P1: UIHost.exe
P2: 4.1.1.859
P3: 65957eb8
P4: DSREG.DLL_unloaded
P5: 10.0.22621.2506
P6: 37b00de2
P7: 0000000000051bb0
P8: c0000005
P9: 0000000000000008
P10: 

Attached files:
\\?\C:\ProgramData\Microsoft\Windows\WER\Temp\WER.26644bc5-ecde-42aa-83a1-2fe1f6ce232a.tmp.WERInternalMetadata.xml

These files may be available here:
\\?\C:\ProgramData\Microsoft\Windows\WER\ReportQueue\AppCrash_UIHost.exe_fdd4c8933634103ca78abb63f0d82e7404cb8_117cc9cf_29bfad44-c302-4824-8f8e-655e0f7ae15e

Analysis symbol: 
Rechecking for solution: 0
Report Id: 894cbca3-1d08-466e-8723-1905a02a4372
Report Status: 102
Hashed bucket: 
Cab Guid: 0"
Information,2025-03-15 8:56:15 AM,Windows Error Reporting,1001,None,"Fault bucket , type 0
Event Name: BEX64
Response: Not available
Cab Id: 0

Problem signature:
P1: UIHost.exe
P2: 4.1.1.859
P3: 65957eb8
P4: DSREG.DLL_unloaded
P5: 10.0.22621.2506
P6: 37b00de2
P7: 0000000000051bb0
P8: c0000005
P9: 0000000000000008
P10: 

Attached files:
\\?\C:\ProgramData\Microsoft\Windows\WER\Temp\WER.4212ca05-cb93-4d4c-acb4-bfa5f9514c1d.tmp.WERInternalMetadata.xml

These files may be available here:
\\?\C:\ProgramData\Microsoft\Windows\WER\ReportQueue\AppCrash_UIHost.exe_fdd4c8933634103ca78abb63f0d82e7404cb8_117cc9cf_7cef064c-25f8-46c6-99dd-4c65a62be5ed

Analysis symbol: 
Rechecking for solution: 0
Report Id: ef05f1be-d1fc-4ab2-a4ff-4badb1aa4059
Report Status: 102
Hashed bucket: 
Cab Guid: 0"
Information,2025-03-15 8:56:14 AM,Windows Error Reporting,1001,None,"Fault bucket , type 0
Event Name: BEX64
Response: Not available
Cab Id: 0

Problem signature:
P1: UIHost.exe
P2: 4.1.1.859
P3: 65957eb8
P4: DSREG.DLL_unloaded
P5: 10.0.22621.2506
P6: 37b00de2
P7: 0000000000051bb0
P8: c0000005
P9: 0000000000000008
P10: 

Attached files:
\\?\C:\ProgramData\Microsoft\Windows\WER\Temp\WER.368cc4d2-c2e0-4c4a-a964-532542001bac.tmp.WERInternalMetadata.xml

These files may be available here:
\\?\C:\ProgramData\Microsoft\Windows\WER\ReportQueue\AppCrash_UIHost.exe_fdd4c8933634103ca78abb63f0d82e7404cb8_117cc9cf_1d50eb1b-98a2-40d4-be9e-d62af9f9bf6b

Analysis symbol: 
Rechecking for solution: 0
Report Id: 19f6a774-2bc1-481c-b263-974a629dc54f
Report Status: 102
Hashed bucket: 
Cab Guid: 0"
Information,2025-03-15 8:56:14 AM,Windows Error Reporting,1001,None,"Fault bucket , type 0
Event Name: BEX64
Response: Not available
Cab Id: 0

Problem signature:
P1: UIHost.exe
P2: 4.1.1.859
P3: 65957eb8
P4: DSREG.DLL_unloaded
P5: 10.0.22621.2506
P6: 37b00de2
P7: 0000000000051bb0
P8: c0000005
P9: 0000000000000008
P10: 

Attached files:
\\?\C:\ProgramData\Microsoft\Windows\WER\Temp\WER.acce2b23-def9-4493-a8fd-4984b6a51616.tmp.WERInternalMetadata.xml

These files may be available here:
\\?\C:\ProgramData\Microsoft\Windows\WER\ReportQueue\AppCrash_UIHost.exe_fdd4c8933634103ca78abb63f0d82e7404cb8_117cc9cf_3a6ae000-8b11-46d6-a2d0-866073417dc6

Analysis symbol: 
Rechecking for solution: 0
Report Id: d81c132c-1f1b-44ef-96b1-932443a241d8
Report Status: 102
Hashed bucket: 
Cab Guid: 0"
Information,2025-03-15 8:56:13 AM,Windows Error Reporting,1001,None,"Fault bucket , type 0
Event Name: BEX64
Response: Not available
Cab Id: 0

Problem signature:
P1: UIHost.exe
P2: 4.1.1.859
P3: 65957eb8
P4: DSREG.DLL_unloaded
P5: 10.0.22621.2506
P6: 37b00de2
P7: 0000000000051bb0
P8: c0000005
P9: 0000000000000008
P10: 

Attached files:
\\?\C:\ProgramData\Microsoft\Windows\WER\Temp\WER.8259153a-e72f-4f1d-b00b-1d3adc3eba37.tmp.WERInternalMetadata.xml

These files may be available here:
\\?\C:\ProgramData\Microsoft\Windows\WER\ReportQueue\AppCrash_UIHost.exe_fdd4c8933634103ca78abb63f0d82e7404cb8_117cc9cf_3e9e35e5-dc3c-477e-89c7-635566390b69

Analysis symbol: 
Rechecking for solution: 0
Report Id: a0bc89c0-42a9-45be-96ac-280ba41e825a
Report Status: 102
Hashed bucket: 
Cab Guid: 0"
Information,2025-03-15 8:56:12 AM,Windows Error Reporting,1001,None,"Fault bucket , type 0
Event Name: BEX64
Response: Not available
Cab Id: 0

Problem signature:
P1: UIHost.exe
P2: 4.1.1.859
P3: 65957eb8
P4: DSREG.DLL_unloaded
P5: 10.0.22621.2506
P6: 37b00de2
P7: 0000000000051bb0
P8: c0000005
P9: 0000000000000008
P10: 

Attached files:
\\?\C:\ProgramData\Microsoft\Windows\WER\Temp\WER.f75557db-a826-40d1-8ffa-c346a15038d1.tmp.WERInternalMetadata.xml

These files may be available here:
\\?\C:\ProgramData\Microsoft\Windows\WER\ReportQueue\AppCrash_UIHost.exe_fdd4c8933634103ca78abb63f0d82e7404cb8_117cc9cf_939522a0-1a9d-4e2d-8d93-ce8018a3f86f

Analysis symbol: 
Rechecking for solution: 0
Report Id: ec3385c3-021c-4c6a-bf86-84fe9a40ed59
Report Status: 102
Hashed bucket: 
Cab Guid: 0"
Information,2025-03-15 8:56:12 AM,Windows Error Reporting,1001,None,"Fault bucket , type 0
Event Name: BEX64
Response: Not available
Cab Id: 0

Problem signature:
P1: UIHost.exe
P2: 4.1.1.859
P3: 65957eb8
P4: DSREG.DLL_unloaded
P5: 10.0.22621.2506
P6: 37b00de2
P7: 0000000000051bb0
P8: c0000005
P9: 0000000000000008
P10: 

Attached files:
\\?\C:\ProgramData\Microsoft\Windows\WER\Temp\WER.8d00926a-17cd-4dc1-9df4-41003d05cc9a.tmp.WERInternalMetadata.xml

These files may be available here:
\\?\C:\ProgramData\Microsoft\Windows\WER\ReportQueue\AppCrash_UIHost.exe_fdd4c8933634103ca78abb63f0d82e7404cb8_117cc9cf_9c86a2ff-6cb0-43ac-b3d0-f0b5c42e41a2

Analysis symbol: 
Rechecking for solution: 0
Report Id: 6b0f5e82-ba02-4f51-801a-3682011b1df4
Report Status: 102
Hashed bucket: 
Cab Guid: 0"
Information,2025-03-15 8:56:11 AM,Windows Error Reporting,1001,None,"Fault bucket , type 0
Event Name: BEX64
Response: Not available
Cab Id: 0

Problem signature:
P1: UIHost.exe
P2: 4.1.1.859
P3: 65957eb8
P4: DSREG.DLL_unloaded
P5: 10.0.22621.2506
P6: 37b00de2
P7: 0000000000051bb0
P8: c0000005
P9: 0000000000000008
P10: 

Attached files:
\\?\C:\ProgramData\Microsoft\Windows\WER\Temp\WER.db045e67-eb23-47b9-91d6-c6be5f868d77.tmp.WERInternalMetadata.xml

These files may be available here:
\\?\C:\ProgramData\Microsoft\Windows\WER\ReportQueue\AppCrash_UIHost.exe_fdd4c8933634103ca78abb63f0d82e7404cb8_117cc9cf_d6206dec-6580-43f5-95a9-fc59ec61ee8e

Analysis symbol: 
Rechecking for solution: 0
Report Id: 5a450fe0-60d1-4a75-8d1f-7c61b4004fc1
Report Status: 102
Hashed bucket: 
Cab Guid: 0"
Information,2025-03-15 8:56:08 AM,Microsoft-Windows-Security-SPP,16384,None,Successfully scheduled Software Protection service for re-start at 2125-02-19T12:56:08Z. Reason: RulesEngine.
Error,2025-03-15 8:56:00 AM,Universal Print,1,None,"The description for Event ID 1 from source Universal Print cannot be found. Either the component that raises this event is not installed on your local computer or the installation is corrupted. You can install or repair the component on the local computer.

If the event originated on another computer, the display information had to be saved with the event.

The following information was included with the event: 

Failed to get auth header with 0x8086000c
mcpmanagementservice.dll

The locale specific resource for the desired message is not present
"
Error,2025-03-15 8:56:00 AM,Universal Print,1,None,"The description for Event ID 1 from source Universal Print cannot be found. Either the component that raises this event is not installed on your local computer or the installation is corrupted. You can install or repair the component on the local computer.

If the event originated on another computer, the display information had to be saved with the event.

The following information was included with the event: 

User Interaction Required while trying to get a token silently. ErrorCode: 0xcaa10001, Error: Need user interaction to continue.
mcpmanagementservice.dll

The locale specific resource for the desired message is not present
"
Information,2025-03-15 8:56:00 AM,Universal Print,1,None,"The description for Event ID 1 from source Universal Print cannot be found. Either the component that raises this event is not installed on your local computer or the installation is corrupted. You can install or repair the component on the local computer.

If the event originated on another computer, the display information had to be saved with the event.

The following information was included with the event: 

Device is Workplace Joined.
mcpmanagementservice.dll

The locale specific resource for the desired message is not present
"
Error,2025-03-15 8:55:58 AM,Universal Print,1,None,"The description for Event ID 1 from source Universal Print cannot be found. Either the component that raises this event is not installed on your local computer or the installation is corrupted. You can install or repair the component on the local computer.

If the event originated on another computer, the display information had to be saved with the event.

The following information was included with the event: 

Failed to get auth header with 0x8086000c
mcpmanagementservice.dll

The locale specific resource for the desired message is not present
"
Error,2025-03-15 8:55:58 AM,Universal Print,1,None,"The description for Event ID 1 from source Universal Print cannot be found. Either the component that raises this event is not installed on your local computer or the installation is corrupted. You can install or repair the component on the local computer.

If the event originated on another computer, the display information had to be saved with the event.

The following information was included with the event: 

User Interaction Required while trying to get a token silently. ErrorCode: 0xcaa10001, Error: Need user interaction to continue.
mcpmanagementservice.dll

The locale specific resource for the desired message is not present
"
Information,2025-03-15 8:55:58 AM,Universal Print,1,None,"The description for Event ID 1 from source Universal Print cannot be found. Either the component that raises this event is not installed on your local computer or the installation is corrupted. You can install or repair the component on the local computer.

If the event originated on another computer, the display information had to be saved with the event.

The following information was included with the event: 

Device is Workplace Joined.
mcpmanagementservice.dll

The locale specific resource for the desired message is not present
"
Error,2025-03-15 8:55:57 AM,Universal Print,1,None,"The description for Event ID 1 from source Universal Print cannot be found. Either the component that raises this event is not installed on your local computer or the installation is corrupted. You can install or repair the component on the local computer.

If the event originated on another computer, the display information had to be saved with the event.

The following information was included with the event: 

Failed to get auth header with 0x8086000c
mcpmanagementservice.dll

The locale specific resource for the desired message is not present
"
Error,2025-03-15 8:55:57 AM,Universal Print,1,None,"The description for Event ID 1 from source Universal Print cannot be found. Either the component that raises this event is not installed on your local computer or the installation is corrupted. You can install or repair the component on the local computer.

If the event originated on another computer, the display information had to be saved with the event.

The following information was included with the event: 

User Interaction Required while trying to get a token silently. ErrorCode: 0xcaa10001, Error: Need user interaction to continue.
mcpmanagementservice.dll

The locale specific resource for the desired message is not present
"
Information,2025-03-15 8:55:57 AM,Universal Print,1,None,"The description for Event ID 1 from source Universal Print cannot be found. Either the component that raises this event is not installed on your local computer or the installation is corrupted. You can install or repair the component on the local computer.

If the event originated on another computer, the display information had to be saved with the event.

The following information was included with the event: 

Device is Workplace Joined.
mcpmanagementservice.dll

The locale specific resource for the desired message is not present
"
Error,2025-03-15 8:55:52 AM,Universal Print,1,None,"The description for Event ID 1 from source Universal Print cannot be found. Either the component that raises this event is not installed on your local computer or the installation is corrupted. You can install or repair the component on the local computer.

If the event originated on another computer, the display information had to be saved with the event.

The following information was included with the event: 

Failed to get auth header with 0x8086000c
mcpmanagementservice.dll

The locale specific resource for the desired message is not present
"
Error,2025-03-15 8:55:52 AM,Universal Print,1,None,"The description for Event ID 1 from source Universal Print cannot be found. Either the component that raises this event is not installed on your local computer or the installation is corrupted. You can install or repair the component on the local computer.

If the event originated on another computer, the display information had to be saved with the event.

The following information was included with the event: 

User Interaction Required while trying to get a token silently. ErrorCode: 0xcaa10001, Error: Need user interaction to continue.
mcpmanagementservice.dll

The locale specific resource for the desired message is not present
"
Information,2025-03-15 8:55:52 AM,Universal Print,1,None,"The description for Event ID 1 from source Universal Print cannot be found. Either the component that raises this event is not installed on your local computer or the installation is corrupted. You can install or repair the component on the local computer.

If the event originated on another computer, the display information had to be saved with the event.

The following information was included with the event: 

Device is Workplace Joined.
mcpmanagementservice.dll

The locale specific resource for the desired message is not present
"
Error,2025-03-15 8:55:48 AM,Universal Print,1,None,"The description for Event ID 1 from source Universal Print cannot be found. Either the component that raises this event is not installed on your local computer or the installation is corrupted. You can install or repair the component on the local computer.

If the event originated on another computer, the display information had to be saved with the event.

The following information was included with the event: 

Failed to get auth header with 0x8086000c
mcpmanagementservice.dll

The locale specific resource for the desired message is not present
"
Error,2025-03-15 8:55:48 AM,Universal Print,1,None,"The description for Event ID 1 from source Universal Print cannot be found. Either the component that raises this event is not installed on your local computer or the installation is corrupted. You can install or repair the component on the local computer.

If the event originated on another computer, the display information had to be saved with the event.

The following information was included with the event: 

User Interaction Required while trying to get a token silently. ErrorCode: 0xcaa10001, Error: Need user interaction to continue.
mcpmanagementservice.dll

The locale specific resource for the desired message is not present
"
Information,2025-03-15 8:55:48 AM,Universal Print,1,None,"The description for Event ID 1 from source Universal Print cannot be found. Either the component that raises this event is not installed on your local computer or the installation is corrupted. You can install or repair the component on the local computer.

If the event originated on another computer, the display information had to be saved with the event.

The following information was included with the event: 

Device is Workplace Joined.
mcpmanagementservice.dll

The locale specific resource for the desired message is not present
"
Information,2025-03-15 8:55:45 AM,Windows Error Reporting,1001,None,"Fault bucket , type 0
Event Name: BEX64
Response: Not available
Cab Id: 0

Problem signature:
P1: UIHost.exe
P2: 4.1.1.859
P3: 65957eb8
P4: DSREG.DLL_unloaded
P5: 10.0.22621.2506
P6: 37b00de2
P7: 0000000000051bb0
P8: c0000005
P9: 0000000000000008
P10: 

Attached files:
\\?\C:\ProgramData\Microsoft\Windows\WER\Temp\WER.0b338da6-1867-459f-a52e-73573973fecb.tmp.WERInternalMetadata.xml

These files may be available here:
\\?\C:\ProgramData\Microsoft\Windows\WER\ReportQueue\AppCrash_UIHost.exe_fdd4c8933634103ca78abb63f0d82e7404cb8_117cc9cf_ff3f7a33-985c-48eb-aba2-85d9ed507318

Analysis symbol: 
Rechecking for solution: 0
Report Id: 827a228d-569c-4248-9cdc-f671ef05378d
Report Status: 102
Hashed bucket: 
Cab Guid: 0"
Error,2025-03-15 8:55:44 AM,Universal Print,1,None,"The description for Event ID 1 from source Universal Print cannot be found. Either the component that raises this event is not installed on your local computer or the installation is corrupted. You can install or repair the component on the local computer.

If the event originated on another computer, the display information had to be saved with the event.

The following information was included with the event: 

Failed to get auth header with 0x8086000c
mcpmanagementservice.dll

The locale specific resource for the desired message is not present
"
Error,2025-03-15 8:55:44 AM,Universal Print,1,None,"The description for Event ID 1 from source Universal Print cannot be found. Either the component that raises this event is not installed on your local computer or the installation is corrupted. You can install or repair the component on the local computer.

If the event originated on another computer, the display information had to be saved with the event.

The following information was included with the event: 

User Interaction Required while trying to get a token silently. ErrorCode: 0xcaa10001, Error: Need user interaction to continue.
mcpmanagementservice.dll

The locale specific resource for the desired message is not present
"
Information,2025-03-15 8:55:44 AM,Universal Print,1,None,"The description for Event ID 1 from source Universal Print cannot be found. Either the component that raises this event is not installed on your local computer or the installation is corrupted. You can install or repair the component on the local computer.

If the event originated on another computer, the display information had to be saved with the event.

The following information was included with the event: 

Device is Workplace Joined.
mcpmanagementservice.dll

The locale specific resource for the desired message is not present
"
